Removed Pin From Net: NetName=NetAnalog Input1_1 Pin=Analog Input1-1
Removed Pin From Net: NetName=NetAnalog Input1_2 Pin=Analog Input1-2
Removed Pin From Net: NetName=NetAnalog Input1_3 Pin=Analog Input1-3
Removed Pin From Net: NetName=NetAnalog Input1_4 Pin=Analog Input1-4
Removed Pin From Net: NetName=NetAnalog Input1_5 Pin=Analog Input1-5
Removed Pin From Net: NetName=NetAnalog Input1_6 Pin=Analog Input1-6
Added Component: Designator=R34(J1-0603)
Added Component: Designator=R35(J1-0603)
Added Component: Designator=R36(J1-0603)
Added Component: Designator=R37(J1-0603)
Added Component: Designator=R38(J1-0603)
Added Component: Designator=R39(J1-0603)
Added Pin To Net: NetName=NetAnalog Input1_1 Pin=R34-2
Added Pin To Net: NetName=NetAnalog Input1_2 Pin=R35-2
Added Pin To Net: NetName=NetAnalog Input1_3 Pin=R36-2
Added Pin To Net: NetName=NetAnalog Input1_4 Pin=R37-2
Added Pin To Net: NetName=NetAnalog Input1_5 Pin=R38-2
Added Pin To Net: NetName=NetAnalog Input1_6 Pin=R39-2
Change Net Name : Old Net Name=NetAnalog Input1_1 New Net Name=NetR34_2
Change Net Name : Old Net Name=NetAnalog Input1_2 New Net Name=NetR35_2
Change Net Name : Old Net Name=NetAnalog Input1_3 New Net Name=NetR36_2
Change Net Name : Old Net Name=NetAnalog Input1_4 New Net Name=NetR37_2
Change Net Name : Old Net Name=NetAnalog Input1_5 New Net Name=NetR38_2
Change Net Name : Old Net Name=NetAnalog Input1_6 New Net Name=NetR39_2
Added Pin To Net: NetName=NetAnalog Input1_1 Pin=Analog Input1-1
Added Pin To Net: NetName=NetAnalog Input1_1 Pin=R34-1
Added Net: Name=NetAnalog Input1_1
Added Pin To Net: NetName=NetAnalog Input1_2 Pin=Analog Input1-2
Added Pin To Net: NetName=NetAnalog Input1_2 Pin=R35-1
Added Net: Name=NetAnalog Input1_2
Added Pin To Net: NetName=NetAnalog Input1_3 Pin=Analog Input1-3
Added Pin To Net: NetName=NetAnalog Input1_3 Pin=R36-1
Added Net: Name=NetAnalog Input1_3
Added Pin To Net: NetName=NetAnalog Input1_4 Pin=Analog Input1-4
Added Pin To Net: NetName=NetAnalog Input1_4 Pin=R37-1
Added Net: Name=NetAnalog Input1_4
Added Pin To Net: NetName=NetAnalog Input1_5 Pin=Analog Input1-5
Added Pin To Net: NetName=NetAnalog Input1_5 Pin=R38-1
Added Net: Name=NetAnalog Input1_5
Added Pin To Net: NetName=NetAnalog Input1_6 Pin=Analog Input1-6
Added Pin To Net: NetName=NetAnalog Input1_6 Pin=R39-1
Added Net: Name=NetAnalog Input1_6
Added Member To Class: ClassName=Mako DSP Arduio IO Member=Component R34 Res3
Added Member To Class: ClassName=Mako DSP Arduio IO Member=Component R35 Res3
Added Member To Class: ClassName=Mako DSP Arduio IO Member=Component R36 Res3
Added Member To Class: ClassName=Mako DSP Arduio IO Member=Component R37 Res3
Added Member To Class: ClassName=Mako DSP Arduio IO Member=Component R38 Res3
Added Member To Class: ClassName=Mako DSP Arduio IO Member=Component R39 Res3
