Added Component: Designator=R26(J1-0603)
Added Component: Designator=R28(J1-0603)
Added Component: Designator=R30(J1-0603)
Added Component: Designator=USER STATUS(RGB LED APTF1616SEEZGQBDC)
Added Pin To Net: NetName=NetR26_2 Pin=R26-2
Added Pin To Net: NetName=NetR26_2 Pin=USER STATUS-3
Added Net: Name=NetR26_2
Added Pin To Net: NetName=NetR28_1 Pin=R28-1
Added Pin To Net: NetName=NetR28_1 Pin=USER STATUS-4
Added Net: Name=NetR28_1
Added Pin To Net: NetName=NetR30_2 Pin=R30-2
Added Pin To Net: NetName=NetR30_2 Pin=USER STATUS-2
Added Net: Name=NetR30_2
Added Pin To Net: NetName=NetU5_106 Pin=U5-106
Added Net: Name=NetU5_106
Added Pin To Net: NetName=USER_STATUS_BLUE Pin=R28-2
Added Pin To Net: NetName=USER_STATUS_BLUE Pin=U5-108
Added Net: Name=USER_STATUS_BLUE
Added Pin To Net: NetName=USER_STATUS_GREEN Pin=R26-1
Added Pin To Net: NetName=USER_STATUS_GREEN Pin=U5-105
Added Net: Name=USER_STATUS_GREEN
Added Pin To Net: NetName=USER_STATUS_RED Pin=R30-1
Added Net: Name=USER_STATUS_RED
Added Member To Class: ClassName=Mako DSP Main R1.2 Member=Component R26 Res3
Added Member To Class: ClassName=Mako DSP Main R1.2 Member=Component R28 Res3
Added Member To Class: ClassName=Mako DSP Main R1.2 Member=Component R30 Res3
Added Member To Class: ClassName=Mako DSP Main R1.2 Member=Component USER STATUS APTF1616SEEZGQBDC
