Removed Pin From Net: NetName=GND Pin=C62-1
Removed Pin From Net: NetName=5VCC Pin=C62-2
Removed Pin From Net: NetName=GND Pin=C63-1
Removed Pin From Net: NetName=GND Pin=C64-1
Removed Pin From Net: NetName=GND Pin=C71-1
Removed Pin From Net: NetName=DVDD Pin=C71-2
Removed Pin From Net: NetName=DVDD Pin=R22-1
Removed Pin From Net: NetName=DVDD Pin=R40-1
Removed Pin From Net: NetName=DVDD Pin=R41-1
Removed Pin From Net: NetName=DVDD Pin=R42-1
Removed Pin From Net: NetName=DVDD Pin=R43-1
Removed Pin From Net: NetName=DVDD Pin=R44-1
Removed Pin From Net: NetName=DVDD Pin=R45-1
Removed Pin From Net: NetName=GND Pin=R47-1
Removed Pin From Net: NetName=DVDD Pin=SD1-4
Removed Pin From Net: NetName=GND Pin=SD1-6
Removed Pin From Net: NetName=GND Pin=SD1-9
Removed Pin From Net: NetName=GND Pin=SD1-10
Removed Pin From Net: NetName=GND Pin=SD1-11
Removed Pin From Net: NetName=GND Pin=SD1-12
Removed Pin From Net: NetName=PWM_12 Pin=U5-1
Removed Pin From Net: NetName=PWM_13 Pin=U5-3
Removed Pin From Net: NetName=GND Pin=U5-4
Removed Pin From Net: NetName=DVDD Pin=U5-5
Removed Pin From Net: NetName=PWM_11 Pin=U5-7
Removed Pin From Net: NetName=PWM_10 Pin=U5-9
Removed Pin From Net: NetName=PWM_9 Pin=U5-10
Removed Pin From Net: NetName=DIGI_8 Pin=U5-11
Removed Pin From Net: NetName=NetC31_2 Pin=U5-12
Removed Pin From Net: NetName=NetC30_1 Pin=U5-13
Removed Pin From Net: NetName=DAC_TX_SCK Pin=U5-14
Removed Pin From Net: NetName=NetC24_2 Pin=U5-16
Removed Pin From Net: NetName=NetC25_2 Pin=U5-17
Removed Pin From Net: NetName=USB0_P Pin=U5-18
Removed Pin From Net: NetName=NetFB4_1 Pin=U5-19
Removed Pin From Net: NetName=USB0_N Pin=U5-20
Removed Pin From Net: NetName=NetJ3_4 Pin=U5-22
Removed Pin From Net: NetName=NetFB3_1 Pin=U5-23
Removed Pin From Net: NetName=NetR8_2 Pin=U5-24
Removed Pin From Net: NetName=DVDD Pin=U5-25
Removed Pin From Net: NetName=TDI Pin=U5-26
Removed Pin From Net: NetName=TCK/SWDCLK Pin=U5-27
Removed Pin From Net: NetName=NetR15_1 Pin=U5-28
Removed Pin From Net: NetName=TRST Pin=U5-29
Removed Pin From Net: NetName=TMS/SWDIO Pin=U5-30
Removed Pin From Net: NetName=TDO/SWO Pin=U5-31
Removed Pin From Net: NetName=STATUS_BLUE Pin=U5-32
Removed Pin From Net: NetName=STATUS_GREEN Pin=U5-33
Removed Pin From Net: NetName=STATUS_RED Pin=U5-34
Removed Pin From Net: NetName=DVDD Pin=U5-36
Removed Pin From Net: NetName=GND Pin=U5-40
Removed Pin From Net: NetName=DVDD Pin=U5-41
Removed Pin From Net: NetName=DIGI_7 Pin=U5-42
Removed Pin From Net: NetName=PWM_6 Pin=U5-43
Removed Pin From Net: NetName=PWM_5 Pin=U5-44
Removed Pin From Net: NetName=DIGI_4 Pin=U5-46
Removed Pin From Net: NetName=PWM_3 Pin=U5-47
Removed Pin From Net: NetName=DIGI_2 Pin=U5-48
Removed Pin From Net: NetName=DIGI_1 Pin=U5-49
Removed Pin From Net: NetName=DIGI_0 Pin=U5-51
Removed Pin From Net: NetName=DVDD Pin=U5-59
Removed Pin From Net: NetName=DVDD Pin=U5-71
Removed Pin From Net: NetName=NetAux GPIO 1_2 Pin=U5-72
Removed Pin From Net: NetName=NetAux GPIO 1_1 Pin=U5-73
Removed Pin From Net: NetName=NetAux GPIO 1_4 Pin=U5-74
Removed Pin From Net: NetName=NetAux GPIO 1_3 Pin=U5-75
Removed Pin From Net: NetName=GND Pin=U5-76
Removed Pin From Net: NetName=DVDD Pin=U5-77
Removed Pin From Net: NetName=NetAux GPIO 1_6 Pin=U5-78
Removed Pin From Net: NetName=NetAux GPIO 1_5 Pin=U5-80
Removed Pin From Net: NetName=NetAux GPIO 1_8 Pin=U5-81
Removed Pin From Net: NetName=NetAux GPIO 1_7 Pin=U5-82
Removed Pin From Net: NetName=NetAux GPIO 1_10 Pin=U5-84
Removed Pin From Net: NetName=NetAux GPIO 1_9 Pin=U5-85
Removed Pin From Net: NetName=LATCH_ENABLE Pin=U5-86
Removed Pin From Net: NetName=I2C_DATA Pin=U5-87
Removed Pin From Net: NetName=I2C_CLK Pin=U5-88
Removed Pin From Net: NetName=SHIELD_SCL Pin=U5-92
Removed Pin From Net: NetName=SHIELD_SDA Pin=U5-93
Removed Pin From Net: NetName=DVDD Pin=U5-94
Removed Pin From Net: NetName=NetAux GPIO 0_1 Pin=U5-95
Removed Pin From Net: NetName=NetAux GPIO 0_2 Pin=U5-96
Removed Pin From Net: NetName=NetAux GPIO 0_3 Pin=U5-97
Removed Pin From Net: NetName=NetAux GPIO 0_4 Pin=U5-98
Removed Pin From Net: NetName=NetAux GPIO 0_5 Pin=U5-99
Removed Pin From Net: NetName=NetAux GPIO 0_6 Pin=U5-100
Removed Pin From Net: NetName=NetAux GPIO 0_7 Pin=U5-101
Removed Pin From Net: NetName=NetAux GPIO 0_8 Pin=U5-102
Removed Pin From Net: NetName=NetAux GPIO 0_9 Pin=U5-103
Removed Pin From Net: NetName=NetAux GPIO 0_10 Pin=U5-104
Removed Pin From Net: NetName=USER_STATUS_RED Pin=U5-105
Removed Pin From Net: NetName=USER_STATUS_GREEN Pin=U5-106
Removed Pin From Net: NetName=DVDD Pin=U5-107
Removed Pin From Net: NetName=USER_STATUS_BLUE Pin=U5-108
Removed Pin From Net: NetName=GND Pin=U5-109
Removed Pin From Net: NetName=MODE Pin=U5-110
Removed Pin From Net: NetName=DVDD Pin=U5-111
Removed Pin From Net: NetName=ADC_RX_MCLK Pin=U5-112
Removed Pin From Net: NetName=DAC_TX_WS Pin=U5-113
Removed Pin From Net: NetName=ADC_RX_WS Pin=U5-114
Removed Pin From Net: NetName=ADC_RX_SDA Pin=U5-116
Removed Pin From Net: NetName=DAC_TX_MLCK Pin=U5-118
Removed Pin From Net: NetName=DAC_TX_SDA Pin=U5-119
Removed Pin From Net: NetName=ADC_RX_SCK Pin=U5-120
Removed Pin From Net: NetName=RTCX1 Pin=U5-125
Removed Pin From Net: NetName=RTCX2 Pin=U5-126
Removed Pin From Net: NetName=DVDD Pin=U5-127
Removed Pin From Net: NetName=RESET Pin=U5-128
Removed Pin From Net: NetName=NetRTCALARM1_1 Pin=U5-129
Removed Pin From Net: NetName=DVDD Pin=U5-131
Removed Pin From Net: NetName=VSSA Pin=U5-135
Removed Pin From Net: NetName=NetR34_2 Pin=U5-136
Removed Pin From Net: NetName=VDDA Pin=U5-137
Removed Pin From Net: NetName=NetR35_2 Pin=U5-138
Removed Pin From Net: NetName=NetR36_2 Pin=U5-139
Removed Pin From Net: NetName=DVDD Pin=U5-141
Removed Pin From Net: NetName=NetR37_2 Pin=U5-142
Removed Pin From Net: NetName=NetR38_2 Pin=U5-143
Removed Pin From Net: NetName=NetR39_2 Pin=U5-144
Removed Pin From Net: NetName=GND Pin=U10-3
Removed Pin From Net: NetName=5VCC Pin=U10-7
Removed Member From Class: ClassName=Mako DSP USBR1.2 Member=C62
Removed Member From Class: ClassName=Mako DSP USBR1.2 Member=C63
Removed Member From Class: ClassName=Mako DSP USBR1.2 Member=C64
Removed Member From Class: ClassName=Mako DSP Main R1.2 Member=C71
Removed Member From Class: ClassName=Mako DSP USBR1.2 Member=FB7
Removed Member From Class: ClassName=Mako DSP USBR1.2 Member=R22
Removed Member From Class: ClassName=Mako DSP Main R1.2 Member=R40
Removed Member From Class: ClassName=Mako DSP Main R1.2 Member=R41
Removed Member From Class: ClassName=Mako DSP Main R1.2 Member=R42
Removed Member From Class: ClassName=Mako DSP Main R1.2 Member=R43
Removed Member From Class: ClassName=Mako DSP Main R1.2 Member=R44
Removed Member From Class: ClassName=Mako DSP Main R1.2 Member=R45
Removed Member From Class: ClassName=Mako DSP USBR1.2 Member=R47
Removed Member From Class: ClassName=Mako DSP Main R1.2 Member=SD1
Removed Member From Class: ClassName=Mako DSP USBR1.2 Member=U10
Change Component DesignItemId : Designator=U5 Old DesignItemId=LPC4330FBD144 New DesignItemId=LPC4330FET256
Change Component Footprint: Designator=C37 Old Footprint=1608[0603] New Footprint=0402
Change Component Footprint: Designator=C38 Old Footprint=1608[0603] New Footprint=0402
Change Component Footprint: Designator=C39 Old Footprint=1608[0603] New Footprint=0402
Change Component Footprint: Designator=C40 Old Footprint=1608[0603] New Footprint=0402
Change Component Footprint: Designator=C41 Old Footprint=1608[0603] New Footprint=0402
Change Component Footprint: Designator=C42 Old Footprint=1608[0603] New Footprint=0402
Change Component Footprint: Designator=C43 Old Footprint=1608[0603] New Footprint=0402
Change Component Footprint: Designator=C44 Old Footprint=1608[0603] New Footprint=0402
Change Component Footprint: Designator=C45 Old Footprint=1608[0603] New Footprint=0402
Change Component Footprint: Designator=C46 Old Footprint=1608[0603] New Footprint=0402
Change Component Footprint: Designator=C47 Old Footprint=1608[0603] New Footprint=0402
Change Component Footprint: Designator=C48 Old Footprint=1608[0603] New Footprint=0402
Change Component Footprint: Designator=C49 Old Footprint=1608[0603] New Footprint=0402
Change Component Footprint: Designator=U5 Old Footprint=SOT486-1_V New Footprint=SOT740-2
Change Component Comment : Designator=C67 Old Comment=1206 New Comment=1206 Tantulum
Change Component Comment : Designator=C37 Old Comment=Cap Semi New Comment=0402
Change Component Comment : Designator=C38 Old Comment=Cap Semi New Comment=0402
Change Component Comment : Designator=C39 Old Comment=Cap Semi New Comment=0402
Change Component Comment : Designator=C40 Old Comment=Cap Semi New Comment=0402
Change Component Comment : Designator=C41 Old Comment=Cap Semi New Comment=0402
Change Component Comment : Designator=C42 Old Comment=Cap Semi New Comment=0402
Change Component Comment : Designator=C43 Old Comment=Cap Semi New Comment=0402
Change Component Comment : Designator=C44 Old Comment=Cap Semi New Comment=0402
Change Component Comment : Designator=C45 Old Comment=Cap Semi New Comment=0402
Change Component Comment : Designator=C46 Old Comment=Cap Semi New Comment=0402
Change Component Comment : Designator=C47 Old Comment=Cap Semi New Comment=0402
Change Component Comment : Designator=C48 Old Comment=Cap Semi New Comment=0402
Change Component Comment : Designator=C49 Old Comment=Cap Semi New Comment=0402
Change Component Comment : Designator=C56 Old Comment=Cap Semi New Comment=1206 Tantulum
Change Component Comment : Designator=C57 Old Comment=Cap Semi New Comment=1206 Tantulum
Change Component Comment : Designator=U5 Old Comment=LPC4330FBD144 New Comment=LPC4330FET256
Change Component Designator: OldDesignator=WAKEUP1 NewDesignator=WAKEUP0
Added Component: Designator=C80(0402)
Added Component: Designator=C81(0402)
Added Component: Designator=C82(0402)
Added Component: Designator=C83(0402)
Added Component: Designator=C84(0402)
Added Component: Designator=C85(0402)
Added Component: Designator=C86(0402)
Added Component: Designator=C87(0402)
Added Component: Designator=C88(0402)
Added Component: Designator=C89(0402)
Added Component: Designator=C90(0402)
Added Component: Designator=RA1(742C083)
Added Component: Designator=RA2(742C083)
Added Component: Designator=RA3(742C083)
Added Component: Designator=RA4(742C083)
Added Component: Designator=RA5(742C083)
Added Component: Designator=RA6(742C083)
Added Component: Designator=RA7(742C083)
Added Component: Designator=TP0(PIN1)
Added Component: Designator=TP1(PIN1)
Added Component: Designator=TP2(PIN1)
Added Component: Designator=U12(AS4C8M16S)
Added Component: Designator=WAKEUP1(PIN1)
Added Component: Designator=WAKEUP2(PIN1)
Added Component: Designator=WAKEUP3(PIN1)
Added Pin To Net: NetName=GND Pin=C80-1
Added Pin To Net: NetName=DVDD Pin=C80-2
Added Pin To Net: NetName=GND Pin=C81-1
Added Pin To Net: NetName=DVDD Pin=C81-2
Added Pin To Net: NetName=GND Pin=C82-1
Added Pin To Net: NetName=DVDD Pin=C82-2
Added Pin To Net: NetName=GND Pin=C83-1
Added Pin To Net: NetName=DVDD Pin=C83-2
Added Pin To Net: NetName=GND Pin=C84-1
Added Pin To Net: NetName=DVDD Pin=C84-2
Added Pin To Net: NetName=GND Pin=C85-1
Added Pin To Net: NetName=DVDD Pin=C85-2
Added Pin To Net: NetName=GND Pin=C86-1
Added Pin To Net: NetName=DVDD Pin=C86-2
Added Pin To Net: NetName=GND Pin=C87-1
Added Pin To Net: NetName=DVDD Pin=C87-2
Added Pin To Net: NetName=GND Pin=C88-1
Added Pin To Net: NetName=DVDD Pin=C88-2
Added Pin To Net: NetName=GND Pin=C89-1
Added Pin To Net: NetName=DVDD Pin=C89-2
Added Pin To Net: NetName=GND Pin=C90-1
Added Pin To Net: NetName=DVDD Pin=C90-2
Added Pin To Net: NetName=5VCC Pin=TP0-1
Added Pin To Net: NetName=AVDD Pin=TP1-1
Added Pin To Net: NetName=DVDD Pin=TP2-1
Added Pin To Net: NetName=NetR35_2 Pin=U5-A4
Added Pin To Net: NetName=RTCX1 Pin=U5-A8
Added Pin To Net: NetName=NetRTCALARM1_1 Pin=U5-A11
Added Pin To Net: NetName=VSSA Pin=U5-B2
Added Pin To Net: NetName=NetR34_2 Pin=U5-B3
Added Pin To Net: NetName=VDDA Pin=U5-B4
Added Pin To Net: NetName=NetR39_2 Pin=U5-B5
Added Pin To Net: NetName=RTCX2 Pin=U5-B8
Added Pin To Net: NetName=DVDD Pin=U5-B10
Added Pin To Net: NetName=NetR36_2 Pin=U5-C3
Added Pin To Net: NetName=GND Pin=U5-C4
Added Pin To Net: NetName=NetR37_2 Pin=U5-C6
Added Pin To Net: NetName=DAC_TX_WS Pin=U5-C14
Added Pin To Net: NetName=NetC31_2 Pin=U5-D1
Added Pin To Net: NetName=DVDD Pin=U5-D7
Added Pin To Net: NetName=RESET Pin=U5-D9
Added Pin To Net: NetName=GND Pin=U5-D13
Added Pin To Net: NetName=DAC_TX_MLCK Pin=U5-D14
Added Pin To Net: NetName=NetC30_1 Pin=U5-E1
Added Pin To Net: NetName=NetR38_2 Pin=U5-E3
Added Pin To Net: NetName=DVDD Pin=U5-E12
Added Pin To Net: NetName=USB0_P Pin=U5-F2
Added Pin To Net: NetName=NetC24_2 Pin=U5-F3
Added Pin To Net: NetName=DVDD Pin=U5-F7
Added Pin To Net: NetName=DVDD Pin=U5-F8
Added Pin To Net: NetName=DVDD Pin=U5-F9
Added Pin To Net: NetName=DVDD Pin=U5-F10
Added Pin To Net: NetName=ADC_RX_SDA Pin=U5-F11
Added Pin To Net: NetName=ADC_RX_SCK Pin=U5-F13
Added Pin To Net: NetName=NetFB3_1 Pin=U5-G1
Added Pin To Net: NetName=USB0_N Pin=U5-G2
Added Pin To Net: NetName=NetC25_2 Pin=U5-G3
Added Pin To Net: NetName=GND Pin=U5-G6
Added Pin To Net: NetName=GND Pin=U5-G7
Added Pin To Net: NetName=GND Pin=U5-G8
Added Pin To Net: NetName=GND Pin=U5-G9
Added Pin To Net: NetName=DVDD Pin=U5-G10
Added Pin To Net: NetName=ADC_RX_WS Pin=U5-G11
Added Pin To Net: NetName=NetR8_2 Pin=U5-H1
Added Pin To Net: NetName=NetJ3_4 Pin=U5-H2
Added Pin To Net: NetName=NetFB4_1 Pin=U5-H3
Added Pin To Net: NetName=DAC_TX_SCK Pin=U5-H4
Added Pin To Net: NetName=GND Pin=U5-H7
Added Pin To Net: NetName=GND Pin=U5-H8
Added Pin To Net: NetName=GND Pin=U5-H9
Added Pin To Net: NetName=DVDD Pin=U5-H10
Added Pin To Net: NetName=TDI Pin=U5-J4
Added Pin To Net: NetName=TCK/SWDCLK Pin=U5-J5
Added Pin To Net: NetName=DVDD Pin=U5-J6
Added Pin To Net: NetName=DVDD Pin=U5-J7
Added Pin To Net: NetName=GND Pin=U5-J8
Added Pin To Net: NetName=GND Pin=U5-J9
Added Pin To Net: NetName=GND Pin=U5-J10
Added Pin To Net: NetName=GND Pin=U5-J11
Added Pin To Net: NetName=TDO/SWO Pin=U5-K5
Added Pin To Net: NetName=TMS/SWDIO Pin=U5-K6
Added Pin To Net: NetName=DVDD Pin=U5-K7
Added Pin To Net: NetName=GND Pin=U5-K8
Added Pin To Net: NetName=GND Pin=U5-K9
Added Pin To Net: NetName=GND Pin=U5-K10
Added Pin To Net: NetName=NetR15_1 Pin=U5-L4
Added Pin To Net: NetName=DVDD Pin=U5-L7
Added Pin To Net: NetName=DVDD Pin=U5-L8
Added Pin To Net: NetName=DVDD Pin=U5-L9
Added Pin To Net: NetName=DVDD Pin=U5-L10
Added Pin To Net: NetName=MODE Pin=U5-L13
Added Pin To Net: NetName=LATCH_ENABLE Pin=U5-L14
Added Pin To Net: NetName=I2C_CLK Pin=U5-L15
Added Pin To Net: NetName=I2C_DATA Pin=U5-L16
Added Pin To Net: NetName=TRST Pin=U5-M4
Added Pin To Net: NetName=ADC_RX_MCLK Pin=U5-M11
Added Pin To Net: NetName=GND Pin=U5-M13
Added Pin To Net: NetName=DVDD Pin=U5-N7
Added Pin To Net: NetName=DAC_TX_SDA Pin=U5-N8
Added Pin To Net: NetName=DVDD Pin=U5-N13
Added Pin To Net: NetName=GND Pin=U5-P7
Added Pin To Net: NetName=GND Pin=U5-P13
Added Pin To Net: NetName=GND Pin=U12-A1
Added Pin To Net: NetName=GND Pin=U12-A3
Added Pin To Net: NetName=DVDD Pin=U12-A7
Added Pin To Net: NetName=DVDD Pin=U12-A9
Added Pin To Net: NetName=DVDD Pin=U12-B3
Added Pin To Net: NetName=GND Pin=U12-B7
Added Pin To Net: NetName=GND Pin=U12-C3
Added Pin To Net: NetName=DVDD Pin=U12-C7
Added Pin To Net: NetName=DVDD Pin=U12-D3
Added Pin To Net: NetName=GND Pin=U12-D7
Added Pin To Net: NetName=GND Pin=U12-E3
Added Pin To Net: NetName=DVDD Pin=U12-E7
Added Pin To Net: NetName=GND Pin=U12-J1
Added Pin To Net: NetName=DVDD Pin=U12-J9
Added Pin To Net: NetName=A0 Pin=RA1-8
Added Pin To Net: NetName=A0 Pin=U12-H7
Added Net: Name=A0
Added Pin To Net: NetName=A1 Pin=RA1-6
Added Pin To Net: NetName=A1 Pin=U12-H8
Added Net: Name=A1
Added Pin To Net: NetName=A2 Pin=RA1-5
Added Pin To Net: NetName=A2 Pin=U12-J8
Added Net: Name=A2
Added Pin To Net: NetName=A3 Pin=RA1-7
Added Pin To Net: NetName=A3 Pin=U12-J7
Added Net: Name=A3
Added Pin To Net: NetName=A4 Pin=RA2-8
Added Pin To Net: NetName=A4 Pin=U12-J3
Added Net: Name=A4
Added Pin To Net: NetName=A5 Pin=RA2-6
Added Pin To Net: NetName=A5 Pin=U12-J2
Added Net: Name=A5
Added Pin To Net: NetName=A6 Pin=RA2-5
Added Pin To Net: NetName=A6 Pin=U12-H3
Added Net: Name=A6
Added Pin To Net: NetName=A7 Pin=RA2-7
Added Pin To Net: NetName=A7 Pin=U12-H2
Added Net: Name=A7
Added Pin To Net: NetName=A8 Pin=RA3-8
Added Pin To Net: NetName=A8 Pin=U12-H1
Added Net: Name=A8
Added Pin To Net: NetName=A9 Pin=RA3-6
Added Pin To Net: NetName=A9 Pin=U12-G3
Added Net: Name=A9
Added Pin To Net: NetName=A10 Pin=RA3-5
Added Pin To Net: NetName=A10 Pin=U12-H9
Added Net: Name=A10
Added Pin To Net: NetName=A11 Pin=RA3-7
Added Pin To Net: NetName=A11 Pin=U12-G2
Added Net: Name=A11
Added Pin To Net: NetName=BA0 Pin=U5-P15
Added Pin To Net: NetName=BA0 Pin=U12-G7
Added Net: Name=BA0
Added Pin To Net: NetName=BA1 Pin=U5-N11
Added Pin To Net: NetName=BA1 Pin=U12-G8
Added Net: Name=BA1
Added Pin To Net: NetName=CAS# Pin=U5-R16
Added Pin To Net: NetName=CAS# Pin=U12-F7
Added Net: Name=CAS#
Added Pin To Net: NetName=CKE Pin=U5-H12
Added Pin To Net: NetName=CKE Pin=U12-F3
Added Net: Name=CKE
Added Pin To Net: NetName=CLK Pin=U5-T10
Added Pin To Net: NetName=CLK Pin=U12-F2
Added Net: Name=CLK
Added Pin To Net: NetName=CS# Pin=U5-R5
Added Pin To Net: NetName=CS# Pin=U12-G9
Added Net: Name=CS#
Added Pin To Net: NetName=DQ0 Pin=RA4-1
Added Pin To Net: NetName=DQ0 Pin=U12-A8
Added Net: Name=DQ0
Added Pin To Net: NetName=DQ1 Pin=RA4-2
Added Pin To Net: NetName=DQ1 Pin=U12-B9
Added Net: Name=DQ1
Added Pin To Net: NetName=DQ2 Pin=RA4-3
Added Pin To Net: NetName=DQ2 Pin=U12-B8
Added Net: Name=DQ2
Added Pin To Net: NetName=DQ3 Pin=RA4-4
Added Pin To Net: NetName=DQ3 Pin=U12-C9
Added Net: Name=DQ3
Added Pin To Net: NetName=DQ4 Pin=RA5-1
Added Pin To Net: NetName=DQ4 Pin=U12-C8
Added Net: Name=DQ4
Added Pin To Net: NetName=DQ5 Pin=RA5-2
Added Pin To Net: NetName=DQ5 Pin=U12-D9
Added Net: Name=DQ5
Added Pin To Net: NetName=DQ6 Pin=RA5-3
Added Pin To Net: NetName=DQ6 Pin=U12-D8
Added Net: Name=DQ6
Added Pin To Net: NetName=DQ7 Pin=RA5-4
Added Pin To Net: NetName=DQ7 Pin=U12-E9
Added Net: Name=DQ7
Added Pin To Net: NetName=DQ8 Pin=RA6-1
Added Pin To Net: NetName=DQ8 Pin=U12-E1
Added Net: Name=DQ8
Added Pin To Net: NetName=DQ9 Pin=RA6-2
Added Pin To Net: NetName=DQ9 Pin=U12-D2
Added Net: Name=DQ9
Added Pin To Net: NetName=DQ10 Pin=RA6-3
Added Pin To Net: NetName=DQ10 Pin=U12-D1
Added Net: Name=DQ10
Added Pin To Net: NetName=DQ11 Pin=RA6-4
Added Pin To Net: NetName=DQ11 Pin=U12-C2
Added Net: Name=DQ11
Added Pin To Net: NetName=DQ12 Pin=RA7-1
Added Pin To Net: NetName=DQ12 Pin=U12-C1
Added Net: Name=DQ12
Added Pin To Net: NetName=DQ13 Pin=RA7-2
Added Pin To Net: NetName=DQ13 Pin=U12-B2
Added Net: Name=DQ13
Added Pin To Net: NetName=DQ14 Pin=RA7-3
Added Pin To Net: NetName=DQ14 Pin=U12-B1
Added Net: Name=DQ14
Added Pin To Net: NetName=DQ15 Pin=RA7-4
Added Pin To Net: NetName=DQ15 Pin=U12-A2
Added Net: Name=DQ15
Added Pin To Net: NetName=EMC_A0 Pin=RA1-1
Added Pin To Net: NetName=EMC_A0 Pin=U5-H16
Added Net: Name=EMC_A0
Added Pin To Net: NetName=EMC_A1 Pin=RA1-2
Added Pin To Net: NetName=EMC_A1 Pin=U5-G16
Added Net: Name=EMC_A1
Added Pin To Net: NetName=EMC_A2 Pin=RA1-3
Added Pin To Net: NetName=EMC_A2 Pin=U5-F16
Added Net: Name=EMC_A2
Added Pin To Net: NetName=EMC_A3 Pin=RA1-4
Added Pin To Net: NetName=EMC_A3 Pin=U5-E15
Added Net: Name=EMC_A3
Added Pin To Net: NetName=EMC_A4 Pin=RA2-1
Added Pin To Net: NetName=EMC_A4 Pin=U5-C16
Added Net: Name=EMC_A4
Added Pin To Net: NetName=EMC_A5 Pin=RA2-2
Added Pin To Net: NetName=EMC_A5 Pin=U5-P2
Added Net: Name=EMC_A5
Added Pin To Net: NetName=EMC_A6 Pin=RA2-3
Added Pin To Net: NetName=EMC_A6 Pin=U5-R2
Added Net: Name=EMC_A6
Added Pin To Net: NetName=EMC_A7 Pin=RA2-4
Added Pin To Net: NetName=EMC_A7 Pin=U5-R3
Added Net: Name=EMC_A7
Added Pin To Net: NetName=EMC_A8 Pin=RA3-1
Added Pin To Net: NetName=EMC_A8 Pin=U5-J16
Added Net: Name=EMC_A8
Added Pin To Net: NetName=EMC_A9 Pin=RA3-2
Added Pin To Net: NetName=EMC_A9 Pin=U5-H14
Added Net: Name=EMC_A9
Added Pin To Net: NetName=EMC_A10 Pin=RA3-3
Added Pin To Net: NetName=EMC_A10 Pin=U5-K16
Added Net: Name=EMC_A10
Added Pin To Net: NetName=EMC_A11 Pin=RA3-4
Added Pin To Net: NetName=EMC_A11 Pin=U5-M15
Added Net: Name=EMC_A11
Added Pin To Net: NetName=EMC_DQ0 Pin=RA4-8
Added Pin To Net: NetName=EMC_DQ0 Pin=U5-T5
Added Net: Name=EMC_DQ0
Added Pin To Net: NetName=EMC_DQ1 Pin=RA4-6
Added Pin To Net: NetName=EMC_DQ1 Pin=U5-T7
Added Net: Name=EMC_DQ1
Added Pin To Net: NetName=EMC_DQ2 Pin=RA4-5
Added Pin To Net: NetName=EMC_DQ2 Pin=U5-R8
Added Net: Name=EMC_DQ2
Added Pin To Net: NetName=EMC_DQ3 Pin=RA4-7
Added Net: Name=EMC_DQ3
Added Pin To Net: NetName=EMC_DQ4 Pin=RA5-8
Added Net: Name=EMC_DQ4
Added Pin To Net: NetName=EMC_DQ5 Pin=RA5-6
Added Net: Name=EMC_DQ5
Added Pin To Net: NetName=EMC_DQ6 Pin=RA5-5
Added Net: Name=EMC_DQ6
Added Pin To Net: NetName=EMC_DQ7 Pin=RA5-7
Added Pin To Net: NetName=EMC_DQ7 Pin=U5-P9
Added Net: Name=EMC_DQ7
Added Pin To Net: NetName=EMC_DQ8 Pin=RA6-8
Added Pin To Net: NetName=EMC_DQ8 Pin=U5-P10
Added Net: Name=EMC_DQ8
Added Pin To Net: NetName=EMC_DQ9 Pin=RA6-6
Added Pin To Net: NetName=EMC_DQ9 Pin=U5-T13
Added Net: Name=EMC_DQ9
Added Pin To Net: NetName=EMC_DQ10 Pin=RA6-5
Added Pin To Net: NetName=EMC_DQ10 Pin=U5-R12
Added Net: Name=EMC_DQ10
Added Pin To Net: NetName=EMC_DQ11 Pin=RA6-7
Added Pin To Net: NetName=EMC_DQ11 Pin=U5-N3
Added Net: Name=EMC_DQ11
Added Pin To Net: NetName=EMC_DQ12 Pin=RA7-8
Added Pin To Net: NetName=EMC_DQ12 Pin=U5-P3
Added Net: Name=EMC_DQ12
Added Pin To Net: NetName=EMC_DQ13 Pin=RA7-6
Added Pin To Net: NetName=EMC_DQ13 Pin=U5-R4
Added Net: Name=EMC_DQ13
Added Pin To Net: NetName=EMC_DQ14 Pin=RA7-5
Added Pin To Net: NetName=EMC_DQ14 Pin=U5-T8
Added Net: Name=EMC_DQ14
Added Pin To Net: NetName=EMC_DQ15 Pin=RA7-7
Added Pin To Net: NetName=EMC_DQ15 Pin=U5-R1
Added Net: Name=EMC_DQ15
Added Pin To Net: NetName=LDQM Pin=U5-G15
Added Pin To Net: NetName=LDQM Pin=U12-E8
Added Net: Name=LDQM
Added Pin To Net: NetName=NetQ1_3 Pin=Q1-3
Added Pin To Net: NetName=NetQ1_3 Pin=R27-2
Added Pin To Net: NetName=NetQ1_3 Pin=U5-F1
Added Net: Name=NetQ1_3
Added Pin To Net: NetName=NetU5_A9 Pin=U5-A9
Added Pin To Net: NetName=NetU5_A9 Pin=WAKEUP0-1
Added Net: Name=NetU5_A9
Added Pin To Net: NetName=NetU5_A10 Pin=U5-A10
Added Pin To Net: NetName=NetU5_A10 Pin=WAKEUP1-1
Added Net: Name=NetU5_A10
Added Pin To Net: NetName=NetU5_C9 Pin=U5-C9
Added Pin To Net: NetName=NetU5_C9 Pin=WAKEUP2-1
Added Net: Name=NetU5_C9
Added Pin To Net: NetName=NetU5_D8 Pin=U5-D8
Added Pin To Net: NetName=NetU5_D8 Pin=WAKEUP3-1
Added Net: Name=NetU5_D8
Added Pin To Net: NetName=RAS# Pin=U5-P16
Added Pin To Net: NetName=RAS# Pin=U12-F8
Added Net: Name=RAS#
Added Pin To Net: NetName=UDQM Pin=U5-H15
Added Pin To Net: NetName=UDQM Pin=U12-F1
Added Net: Name=UDQM
Added Pin To Net: NetName=WE# Pin=U5-T4
Added Pin To Net: NetName=WE# Pin=U12-F9
Added Net: Name=WE#
Added Class: Name=Mako DSP Memory R2.0
Added Member To Class: ClassName=Mako DSP Main R1.2 Member=Component C80 0402
Added Member To Class: ClassName=Mako DSP Main R1.2 Member=Component C81 0402
Added Member To Class: ClassName=Mako DSP Main R1.2 Member=Component C82 0402
Added Member To Class: ClassName=Mako DSP Main R1.2 Member=Component C83 0402
Added Member To Class: ClassName=Mako DSP Power R1.3 Member=Component TP0 Socket
Added Member To Class: ClassName=Mako DSP Power R1.3 Member=Component TP1 Socket
Added Member To Class: ClassName=Mako DSP Power R1.3 Member=Component TP2 Socket
Added Member To Class: ClassName=Mako DSP Main R1.2 Member=Component WAKEUP1 Socket
Added Member To Class: ClassName=Mako DSP Main R1.2 Member=Component WAKEUP2 Socket
Added Member To Class: ClassName=Mako DSP Main R1.2 Member=Component WAKEUP3 Socket
