Removed Pin From Net: NetName=Net1_1 Pin=1-1
Removed Pin From Net: NetName=GND Pin=1-2
Removed Pin From Net: NetName=GND Pin=1-3
Removed Pin From Net: NetName=VIN Pin=C51-1
Removed Pin From Net: NetName=GND Pin=C51-2
Removed Pin From Net: NetName=VIN Pin=C52-1
Removed Pin From Net: NetName=GND Pin=C52-2
Removed Pin From Net: NetName=GND Pin=C53-1
Removed Pin From Net: NetName=VIN Pin=C53-2
Removed Pin From Net: NetName=GND Pin=C54-1
Removed Pin From Net: NetName=AVDD Pin=C54-2
Removed Pin From Net: NetName=AVDD Pin=C55-1
Removed Pin From Net: NetName=GND Pin=C55-2
Removed Pin From Net: NetName=GND Pin=C56-1
Removed Pin From Net: NetName=VIN Pin=C56-2
Removed Pin From Net: NetName=GND Pin=C57-1
Removed Pin From Net: NetName=5VCC Pin=C57-2
Removed Pin From Net: NetName=5VCC Pin=C58-1
Removed Pin From Net: NetName=GND Pin=C58-2
Removed Pin From Net: NetName=GND Pin=C59-1
Removed Pin From Net: NetName=VIN Pin=C59-2
Removed Pin From Net: NetName=GND Pin=C60-1
Removed Pin From Net: NetName=DVDD Pin=C60-2
Removed Pin From Net: NetName=DVDD Pin=C61-1
Removed Pin From Net: NetName=GND Pin=C61-2
Removed Pin From Net: NetName=VIN Pin=D2-1
Removed Pin From Net: NetName=Net1_1 Pin=D2-2
Removed Pin From Net: NetName=NetDigital IO Higher Byte1_1 Pin=Digital IO Higher Byte1-1
Removed Pin From Net: NetName=NetDigital IO Higher Byte1_2 Pin=Digital IO Higher Byte1-2
Removed Pin From Net: NetName=NetC33_2 Pin=Digital IO Higher Byte1-3
Removed Pin From Net: NetName=NetDigital IO Higher Byte1_5 Pin=Digital IO Higher Byte1-5
Removed Pin From Net: NetName=NetDigital IO Higher Byte1_6 Pin=Digital IO Higher Byte1-6
Removed Pin From Net: NetName=NetDigital IO Higher Byte1_7 Pin=Digital IO Higher Byte1-7
Removed Pin From Net: NetName=NetDigital IO Higher Byte1_8 Pin=Digital IO Higher Byte1-8
Removed Pin From Net: NetName=NetDigital IO Higher Byte1_9 Pin=Digital IO Higher Byte1-9
Removed Pin From Net: NetName=NetDigital IO Higher Byte1_10 Pin=Digital IO Higher Byte1-10
Removed Pin From Net: NetName=NetDigital IO Lower Byte1_1 Pin=Digital IO Lower Byte1-1
Removed Pin From Net: NetName=NetDigital IO Lower Byte1_2 Pin=Digital IO Lower Byte1-2
Removed Pin From Net: NetName=NetDigital IO Lower Byte1_3 Pin=Digital IO Lower Byte1-3
Removed Pin From Net: NetName=NetDigital IO Lower Byte1_4 Pin=Digital IO Lower Byte1-4
Removed Pin From Net: NetName=NetDigital IO Lower Byte1_5 Pin=Digital IO Lower Byte1-5
Removed Pin From Net: NetName=NetDigital IO Lower Byte1_6 Pin=Digital IO Lower Byte1-6
Removed Pin From Net: NetName=NetDigital IO Lower Byte1_7 Pin=Digital IO Lower Byte1-7
Removed Pin From Net: NetName=NetDigital IO Lower Byte1_8 Pin=Digital IO Lower Byte1-8
Removed Pin From Net: NetName=NetL1_1 Pin=L1-1
Removed Pin From Net: NetName=AVDD Pin=L1-2
Removed Pin From Net: NetName=NetL2_1 Pin=L2-1
Removed Pin From Net: NetName=5VCC Pin=L2-2
Removed Pin From Net: NetName=NetL3_1 Pin=L3-1
Removed Pin From Net: NetName=DVDD Pin=L3-2
Removed Pin From Net: NetName=NetR19_1 Pin=R19-1
Removed Pin From Net: NetName=AVDD Pin=R19-2
Removed Pin From Net: NetName=NetR20_1 Pin=R20-1
Removed Pin From Net: NetName=5VCC Pin=R20-2
Removed Pin From Net: NetName=DVDD Pin=R21-2
Removed Pin From Net: NetName=NetDigital IO Higher Byte1_5 Pin=U5-3
Removed Pin From Net: NetName=NetDigital IO Higher Byte1_8 Pin=U5-7
Removed Pin From Net: NetName=NetDigital IO Higher Byte1_6 Pin=U5-8
Removed Pin From Net: NetName=NetDigital IO Higher Byte1_7 Pin=U5-9
Removed Pin From Net: NetName=NetDigital IO Higher Byte1_9 Pin=U5-10
Removed Pin From Net: NetName=NetDigital IO Higher Byte1_10 Pin=U5-11
Removed Pin From Net: NetName=NetDigital IO Lower Byte1_1 Pin=U5-42
Removed Pin From Net: NetName=NetDigital IO Lower Byte1_2 Pin=U5-43
Removed Pin From Net: NetName=NetDigital IO Lower Byte1_3 Pin=U5-44
Removed Pin From Net: NetName=NetDigital IO Lower Byte1_5 Pin=U5-47
Removed Pin From Net: NetName=NetDigital IO Lower Byte1_6 Pin=U5-48
Removed Pin From Net: NetName=NetDigital IO Lower Byte1_7 Pin=U5-49
Removed Pin From Net: NetName=NetDigital IO Lower Byte1_8 Pin=U5-51
Removed Pin From Net: NetName=NetDigital IO Higher Byte1_1 Pin=U5-92
Removed Pin From Net: NetName=NetDigital IO Higher Byte1_2 Pin=U5-93
Removed Pin From Net: NetName=NetR34_2 Pin=U5-136
Removed Pin From Net: NetName=NetR35_2 Pin=U5-138
Removed Pin From Net: NetName=NetR36_2 Pin=U5-139
Removed Pin From Net: NetName=NetR37_2 Pin=U5-142
Removed Pin From Net: NetName=NetR39_2 Pin=U5-143
Removed Pin From Net: NetName=NetR38_2 Pin=U5-144
Removed Pin From Net: NetName=GND Pin=U7-1
Removed Pin From Net: NetName=VIN Pin=U7-2
Removed Pin From Net: NetName=VIN Pin=U7-3
Removed Pin From Net: NetName=GND Pin=U7-4
Removed Pin From Net: NetName=GND Pin=U7-5
Removed Pin From Net: NetName=AVDD Pin=U7-6
Removed Pin From Net: NetName=NetL1_1 Pin=U7-7
Removed Pin From Net: NetName=NetR19_1 Pin=U7-8
Removed Pin From Net: NetName=GND Pin=U7-9
Removed Pin From Net: NetName=GND Pin=U8-1
Removed Pin From Net: NetName=VIN Pin=U8-2
Removed Pin From Net: NetName=VIN Pin=U8-3
Removed Pin From Net: NetName=GND Pin=U8-4
Removed Pin From Net: NetName=GND Pin=U8-5
Removed Pin From Net: NetName=5VCC Pin=U8-6
Removed Pin From Net: NetName=NetL2_1 Pin=U8-7
Removed Pin From Net: NetName=NetR20_1 Pin=U8-8
Removed Pin From Net: NetName=GND Pin=U8-9
Removed Pin From Net: NetName=GND Pin=U9-1
Removed Pin From Net: NetName=VIN Pin=U9-2
Removed Pin From Net: NetName=VIN Pin=U9-3
Removed Pin From Net: NetName=GND Pin=U9-4
Removed Pin From Net: NetName=GND Pin=U9-5
Removed Pin From Net: NetName=DVDD Pin=U9-6
Removed Pin From Net: NetName=NetL3_1 Pin=U9-7
Removed Pin From Net: NetName=GND Pin=U9-9
Added Pin To Net: NetName=NetL3_1 Pin=U5-3
Added Pin To Net: NetName=NetDigital IO Lower Byte1_7 Pin=U5-7
Added Pin To Net: NetName=NetL2_1 Pin=U5-8
Added Pin To Net: NetName=NetDigital IO Lower Byte1_8 Pin=U5-9
Added Pin To Net: NetName=NetDigital IO Lower Byte1_6 Pin=U5-10
Added Pin To Net: NetName=NetL1_1 Pin=U5-11
Added Pin To Net: NetName=NetDigital IO Lower Byte1_5 Pin=U5-42
Added Pin To Net: NetName=NetDigital IO Higher Byte1_10 Pin=U5-43
Added Pin To Net: NetName=NetDigital IO Higher Byte1_9 Pin=U5-44
Added Pin To Net: NetName=NetDigital IO Higher Byte1_8 Pin=U5-47
Added Pin To Net: NetName=NetDigital IO Lower Byte1_3 Pin=U5-48
Added Pin To Net: NetName=NetDigital IO Lower Byte1_2 Pin=U5-49
Added Pin To Net: NetName=NetDigital IO Lower Byte1_1 Pin=U5-51
Added Pin To Net: NetName=NetR20_1 Pin=U5-92
Added Pin To Net: NetName=NetR19_1 Pin=U5-93
Added Pin To Net: NetName=NetDigital IO Higher Byte1_7 Pin=U5-136
Added Pin To Net: NetName=NetDigital IO Higher Byte1_6 Pin=U5-138
Added Pin To Net: NetName=NetDigital IO Higher Byte1_5 Pin=U5-139
Added Pin To Net: NetName=NetDigital IO Higher Byte1_2 Pin=U5-142
Added Pin To Net: NetName=Net1_1 Pin=U5-143
Added Pin To Net: NetName=NetDigital IO Higher Byte1_1 Pin=U5-144
Change Net Name : Old Net Name=Net1_1 New Net Name=NetU5_143
Change Net Name : Old Net Name=NetDigital IO Higher Byte1_1 New Net Name=NetU5_144
Change Net Name : Old Net Name=NetDigital IO Higher Byte1_2 New Net Name=NetU5_142
Change Net Name : Old Net Name=NetDigital IO Higher Byte1_5 New Net Name=NetU5_139
Change Net Name : Old Net Name=NetDigital IO Higher Byte1_6 New Net Name=NetU5_138
Change Net Name : Old Net Name=NetDigital IO Higher Byte1_7 New Net Name=NetU5_136
Change Net Name : Old Net Name=NetDigital IO Higher Byte1_8 New Net Name=NetU5_47
Change Net Name : Old Net Name=NetDigital IO Higher Byte1_9 New Net Name=NetU5_44
Change Net Name : Old Net Name=NetDigital IO Higher Byte1_10 New Net Name=NetU5_43
Change Net Name : Old Net Name=NetDigital IO Lower Byte1_1 New Net Name=NetU5_51
Change Net Name : Old Net Name=NetDigital IO Lower Byte1_2 New Net Name=NetU5_49
Change Net Name : Old Net Name=NetDigital IO Lower Byte1_3 New Net Name=NetU5_48
Change Net Name : Old Net Name=NetDigital IO Lower Byte1_4 New Net Name=NetU5_46
Change Net Name : Old Net Name=NetDigital IO Lower Byte1_5 New Net Name=NetU5_42
Change Net Name : Old Net Name=NetDigital IO Lower Byte1_6 New Net Name=NetU5_10
Change Net Name : Old Net Name=NetDigital IO Lower Byte1_7 New Net Name=NetU5_7
Change Net Name : Old Net Name=NetDigital IO Lower Byte1_8 New Net Name=NetU5_9
Change Net Name : Old Net Name=NetL1_1 New Net Name=NetU5_11
Change Net Name : Old Net Name=NetL2_1 New Net Name=NetU5_8
Change Net Name : Old Net Name=NetL3_1 New Net Name=NetU5_3
Change Net Name : Old Net Name=NetR19_1 New Net Name=NetU5_93
Change Net Name : Old Net Name=NetR20_1 New Net Name=NetU5_92
