Removed Pin From Net: NetName=GND Pin=C53-1
Removed Pin From Net: NetName=VIN Pin=C53-2
Removed Pin From Net: NetName=GND Pin=C54-1
Removed Pin From Net: NetName=AVDD Pin=C54-2
Removed Pin From Net: NetName=AVDD Pin=C55-1
Removed Pin From Net: NetName=GND Pin=C55-2
Removed Pin From Net: NetName=GND Pin=C56-1
Removed Pin From Net: NetName=VIN Pin=C56-2
Removed Pin From Net: NetName=GND Pin=C57-1
Removed Pin From Net: NetName=USB0_VBUS Pin=C57-2
Removed Pin From Net: NetName=USB0_VBUS Pin=C58-1
Removed Pin From Net: NetName=GND Pin=C58-2
Removed Pin From Net: NetName=AVDD Pin=L1-2
Removed Pin From Net: NetName=USB0_VBUS Pin=L2-2
Removed Pin From Net: NetName=AVDD Pin=R19-2
Removed Pin From Net: NetName=USB0_VBUS Pin=R20-2
Removed Pin From Net: NetName=GND Pin=U7-1
Removed Pin From Net: NetName=VIN Pin=U7-2
Removed Pin From Net: NetName=VIN Pin=U7-3
Removed Pin From Net: NetName=GND Pin=U7-4
Removed Pin From Net: NetName=GND Pin=U7-5
Removed Pin From Net: NetName=AVDD Pin=U7-6
Removed Pin From Net: NetName=GND Pin=U7-9
Removed Pin From Net: NetName=GND Pin=U8-1
Removed Pin From Net: NetName=VIN Pin=U8-2
Removed Pin From Net: NetName=VIN Pin=U8-3
Removed Pin From Net: NetName=GND Pin=U8-4
Removed Pin From Net: NetName=GND Pin=U8-5
Removed Pin From Net: NetName=USB0_VBUS Pin=U8-6
Removed Pin From Net: NetName=GND Pin=U8-9
Removed Member From Class: ClassName=Mako DSP Power R1.2 Member=C53
Removed Member From Class: ClassName=Mako DSP Power R1.2 Member=C54
Removed Member From Class: ClassName=Mako DSP Power R1.2 Member=C55
Removed Member From Class: ClassName=Mako DSP Power R1.2 Member=C56
Removed Member From Class: ClassName=Mako DSP Power R1.2 Member=C57
Removed Member From Class: ClassName=Mako DSP Power R1.2 Member=C58
Removed Member From Class: ClassName=Mako DSP Power R1.2 Member=L1
Removed Member From Class: ClassName=Mako DSP Power R1.2 Member=L2
Removed Member From Class: ClassName=Mako DSP Power R1.2 Member=R19
Removed Member From Class: ClassName=Mako DSP Power R1.2 Member=R20
Removed Member From Class: ClassName=Mako DSP Power R1.2 Member=U7
Removed Member From Class: ClassName=Mako DSP Power R1.2 Member=U8
Change Component Designator: OldDesignator=DBGEN NewDesignator=DBGEN1
Change Component Designator: OldDesignator=JTAG/DEBUG NewDesignator=JTAG/DEBUG1
Change Component Designator: OldDesignator=microSD NewDesignator=SD1
Change Component Designator: OldDesignator=Reset NewDesignator=RESET1
Change Component Designator: OldDesignator=RTCALARM NewDesignator=RTCALARM1
Change Component Designator: OldDesignator=Stereo Input NewDesignator=Stereo Input1
Change Component Designator: OldDesignator=Stereo Output NewDesignator=Stereo Output1
Change Component Designator: OldDesignator=TRST NewDesignator=TRST1
Change Component Designator: OldDesignator=USB 0 NewDesignator=J3
Change Component Designator: OldDesignator=WAKEUP NewDesignator=WAKEUP1
Added Component: Designator=C?(1608[0603])
Added Component: Designator=C?(C1206)
Added Component: Designator=C?(1608[0603])
Added Component: Designator=L?(VLS252012T-2R2M1R3)
Added Component: Designator=P?(HDR2X13)
Added Component: Designator=P?(HDR2X7)
Added Component: Designator=R?(J1-0603)
Added Component: Designator=R?(J1-0603)
Added Component: Designator=R?(J1-0603)
Added Component: Designator=U?(MIC24085-AYML)
Added Pin To Net: NetName=GND Pin=C?-1
Added Pin To Net: NetName=VIN Pin=C?-2
Added Pin To Net: NetName=VIN Pin=C?-2
Added Pin To Net: NetName=VIN Pin=U?-2
Added Pin To Net: NetName=VIN Pin=U?-3
Added Pin To Net: NetName=GND Pin=U?-4
Added Pin To Net: NetName=VIN Pin=U?-11
Added Pin To Net: NetName=NetC?_1 Pin=C?-1
Added Pin To Net: NetName=NetC?_1 Pin=L?-1
Added Pin To Net: NetName=NetC?_1 Pin=U?-1
Added Pin To Net: NetName=NetC?_1 Pin=U?-12
Added Pin To Net: NetName=NetC?_1 Pin=U?-13
Added Pin To Net: NetName=NetC?_1 Pin=U?-16
Added Net: Name=NetC?_1
Added Pin To Net: NetName=NetC?_2 Pin=C?-2
Added Pin To Net: NetName=NetC?_2 Pin=U?-10
Added Net: Name=NetC?_2
Added Pin To Net: NetName=NetL?_2 Pin=L?-2
Added Pin To Net: NetName=NetL?_2 Pin=R?-2
Added Net: Name=NetL?_2
Added Pin To Net: NetName=NetR?_1 Pin=R?-1
Added Pin To Net: NetName=NetR?_1 Pin=R?-2
Added Pin To Net: NetName=NetR?_1 Pin=U?-5
Added Net: Name=NetR?_1
Added Pin To Net: NetName=NetR?_2 Pin=R?-2
Added Pin To Net: NetName=NetR?_2 Pin=U?-8
Added Net: Name=NetR?_2
Change Class Name : Old Net Name=Mako DSP Power R1.2 New Net Name=Mako DSP Power R1.3
Added Member To Class: ClassName=Mako DSP Power R1.3 Member=Component C? Cap Semi
Added Member To Class: ClassName=Mako DSP Power R1.3 Member=Component L? Inductor
Added Member To Class: ClassName=Mako DSP Arduio IO R1.2 Member=Component P? Header 13X2
Added Member To Class: ClassName=Mako DSP Power R1.3 Member=Component R? Res3
Added Member To Class: ClassName=Mako DSP Power R1.3 Member=Component U? MIC24085
Added Room: Name=Mako DSP Arduio IO R1.2
Added Room: Name=Mako DSP Audio Codec R1.2
Added Room: Name=Mako DSP Main R1.2
Added Room: Name=Mako DSP Power R1.3
Added Room: Name=Mako DSP USBR1.2
