Removed Pin From Net: NetName=NetU5_3 Pin=U5-3
Removed Pin From Net: NetName=NetU5_7 Pin=U5-7
Removed Pin From Net: NetName=NetU5_8 Pin=U5-8
Removed Pin From Net: NetName=NetU5_9 Pin=U5-9
Removed Pin From Net: NetName=NetU5_10 Pin=U5-10
Removed Pin From Net: NetName=NetU5_11 Pin=U5-11
Removed Pin From Net: NetName=NetU5_92 Pin=U5-92
Removed Pin From Net: NetName=NetU5_93 Pin=U5-93
Added Pin To Net: NetName=NetU5_7 Pin=Digital IO Higher Byte1-1
Added Pin To Net: NetName=NetU5_3 Pin=Digital IO Higher Byte1-2
Added Pin To Net: NetName=VDDA Pin=Digital IO Higher Byte1-3
Added Pin To Net: NetName=NetU5_8 Pin=Digital IO Higher Byte1-5
Added Pin To Net: NetName=NetU5_9 Pin=Digital IO Higher Byte1-6
Added Pin To Net: NetName=NetU5_10 Pin=Digital IO Higher Byte1-7
Added Pin To Net: NetName=NetU5_11 Pin=Digital IO Higher Byte1-8
Added Pin To Net: NetName=NetU5_92 Pin=Digital IO Higher Byte1-9
Added Pin To Net: NetName=NetU5_93 Pin=Digital IO Higher Byte1-10
Added Pin To Net: NetName=NetU5_8 Pin=U5-3
Added Pin To Net: NetName=NetU5_11 Pin=U5-7
Added Pin To Net: NetName=NetU5_9 Pin=U5-8
Added Pin To Net: NetName=NetU5_10 Pin=U5-9
Added Pin To Net: NetName=NetU5_92 Pin=U5-10
Added Pin To Net: NetName=NetU5_93 Pin=U5-11
Added Pin To Net: NetName=NetU5_7 Pin=U5-92
Added Pin To Net: NetName=NetU5_3 Pin=U5-93
Change Net Name : Old Net Name=NetU5_3 New Net Name=SHIELD_SDA
Change Net Name : Old Net Name=NetU5_7 New Net Name=SHIELD_SCL
Change Net Name : Old Net Name=NetU5_8 New Net Name=PWM_13
Change Net Name : Old Net Name=NetU5_9 New Net Name=PWM_12
Change Net Name : Old Net Name=NetU5_10 New Net Name=PWM_11
Change Net Name : Old Net Name=NetU5_11 New Net Name=PWM_10
Change Net Name : Old Net Name=NetU5_92 New Net Name=PWM_9
Change Net Name : Old Net Name=NetU5_93 New Net Name=DIGI_8
Change Net Name : Old Net Name=VDDA New Net Name=ADC_REF
