Change Component Designator: OldDesignator=RTCALARM NewDesignator=RTCALARM1
Change Component Designator: OldDesignator=WAKEUP NewDesignator=WAKEUP1
Added Component: Designator=R?(J1-0603)
Added Component: Designator=R?(J1-0603)
Added Component: Designator=R?(J1-0603)
Added Component: Designator=STATUS(RGB LED APTF1616SEEZGQBDC)
Added Pin To Net: NetName=GND Pin=STATUS-1
Added Pin To Net: NetName=NetR?_1 Pin=R?-1
Added Pin To Net: NetName=NetR?_1 Pin=STATUS-4
Added Net: Name=NetR?_1
Added Pin To Net: NetName=NetR?_2 Pin=R?-2
Added Pin To Net: NetName=NetR?_2 Pin=STATUS-3
Added Net: Name=NetR?_2
Added Pin To Net: NetName=STATUS_BLUE Pin=R?-2
Added Pin To Net: NetName=STATUS_BLUE Pin=U5-32
Added Net: Name=STATUS_BLUE
Added Pin To Net: NetName=STATUS_GREEN Pin=R?-1
Added Pin To Net: NetName=STATUS_GREEN Pin=U5-34
Added Net: Name=STATUS_GREEN
Added Pin To Net: NetName=STATUS_RED Pin=R?-1
Added Pin To Net: NetName=STATUS_RED Pin=U5-33
Added Net: Name=STATUS_RED
Added Member To Class: ClassName=Mako DSP Main R1.2 Member=Component R? Res3
Added Member To Class: ClassName=Mako DSP Main R1.2 Member=Component STATUS APTF1616SEEZGQBDC
