Removed Pin From Net: NetName=NetC70_1 Pin=U11-1
Removed Pin From Net: NetName=NetR31_1 Pin=U11-2
Removed Pin From Net: NetName=NetC75_2 Pin=U11-3
Removed Pin From Net: NetName=NetC78_2 Pin=U11-5
Removed Pin From Net: NetName=NetR52_1 Pin=U11-6
Removed Pin From Net: NetName=NetC77_1 Pin=U11-7
Change Component Designator: OldDesignator=C84 NewDesignator=C80
Change Component Designator: OldDesignator=C85 NewDesignator=C81
Change Component Designator: OldDesignator=C86 NewDesignator=C82
Change Component Designator: OldDesignator=C87 NewDesignator=C83
Change Component Designator: OldDesignator=C88 NewDesignator=C84
Change Component Designator: OldDesignator=C89 NewDesignator=C85
Change Component Designator: OldDesignator=C90 NewDesignator=C86
Change Component Designator: OldDesignator=RA2 NewDesignator=RA3
Change Component Designator: OldDesignator=RA3 NewDesignator=RA5
Change Component Designator: OldDesignator=RA4 NewDesignator=RA2
Change Component Designator: OldDesignator=RA5 NewDesignator=RA4
Change Component Designator: OldDesignator=U12 NewDesignator=U11
Change Component Description : Designator=U6 Old Description=32-bit ARM Cortex-M4 MCU, 264 kB SRAM, 2 HS USB with on-chip PHY, Ethernet, CAN, AES, SPIFI, SGPIO, SCT, 256-Pin LBGA New Description=
Change Component Description : Designator=U8 Old Description=Linear Regulator New Description=
Added Component: Designator=C62(0402)
Added Component: Designator=C63(1608[0603])
Added Component: Designator=R22(J1-0603)
Added Component: Designator=R40(J1-0603)
Added Component: Designator=R41(J1-0603)
Added Component: Designator=R42(J1-0603)
Added Component: Designator=R43(J1-0603)
Added Component: Designator=R44(J1-0603)
Added Component: Designator=R45(J1-0603)
Added Component: Designator=R47(J1-0603)
Added Component: Designator=SSP1(HDR2X3)
Added Component: Designator=U10(S25FL064P0XNFI001)
Added Component: Designator=U11(M08A_N)
Added Pin To Net: NetName=GND Pin=C62-1
Added Pin To Net: NetName=DVDD Pin=C62-2
Added Pin To Net: NetName=GND Pin=C63-1
Added Pin To Net: NetName=DVDD Pin=C63-2
Added Pin To Net: NetName=DVDD Pin=R22-2
Added Pin To Net: NetName=DVDD Pin=R40-2
Added Pin To Net: NetName=DVDD Pin=R41-2
Added Pin To Net: NetName=DVDD Pin=R42-2
Added Pin To Net: NetName=GND Pin=R43-1
Added Pin To Net: NetName=GND Pin=R44-1
Added Pin To Net: NetName=GND Pin=R45-1
Added Pin To Net: NetName=GND Pin=R47-1
Added Pin To Net: NetName=DVDD Pin=SSP1-2
Added Pin To Net: NetName=GND Pin=SSP1-6
Added Pin To Net: NetName=GND Pin=U10-B3
Added Pin To Net: NetName=DVDD Pin=U10-B4
Added Pin To Net: NetName=GND Pin=U11-4
Added Pin To Net: NetName=NetC75_2 Pin=U11-5
Added Pin To Net: NetName=NetC78_2 Pin=U11-5
Added Pin To Net: NetName=NetR31_1 Pin=U11-6
Added Pin To Net: NetName=NetR52_1 Pin=U11-6
Added Pin To Net: NetName=NetC70_1 Pin=U11-7
Added Pin To Net: NetName=NetC77_1 Pin=U11-7
Added Pin To Net: NetName=AVDD Pin=U11-8
Added Pin To Net: NetName=NetR22_1 Pin=R22-1
Added Pin To Net: NetName=NetR22_1 Pin=R43-2
Added Net: Name=NetR22_1
Added Pin To Net: NetName=NetR40_1 Pin=R40-1
Added Pin To Net: NetName=NetR40_1 Pin=R44-2
Added Net: Name=NetR40_1
Added Pin To Net: NetName=NetR41_1 Pin=R41-1
Added Pin To Net: NetName=NetR41_1 Pin=R45-2
Added Net: Name=NetR41_1
Added Pin To Net: NetName=NetR42_1 Pin=R42-1
Added Pin To Net: NetName=NetR42_1 Pin=R47-2
Added Net: Name=NetR42_1
Added Pin To Net: NetName=NetSSP1_1 Pin=SSP1-1
Added Net: Name=NetSSP1_1
Added Pin To Net: NetName=NetSSP1_3 Pin=SSP1-3
Added Net: Name=NetSSP1_3
Added Pin To Net: NetName=NetSSP1_4 Pin=SSP1-4
Added Net: Name=NetSSP1_4
Added Pin To Net: NetName=NetSSP1_5 Pin=SSP1-5
Added Net: Name=NetSSP1_5
Added Pin To Net: NetName=NetU5_A15 Pin=U5-A15
Added Pin To Net: NetName=NetU5_A15 Pin=U10-D4
Added Net: Name=NetU5_A15
Added Pin To Net: NetName=NetU5_B13 Pin=U5-B13
Added Pin To Net: NetName=NetU5_B13 Pin=U10-D2
Added Net: Name=NetU5_B13
Added Pin To Net: NetName=NetU5_B14 Pin=U5-B14
Added Pin To Net: NetName=NetU5_B14 Pin=U10-B2
Added Net: Name=NetU5_B14
Added Pin To Net: NetName=NetU5_C10 Pin=U5-C10
Added Pin To Net: NetName=NetU5_C10 Pin=U10-C2
Added Net: Name=NetU5_C10
Added Pin To Net: NetName=NetU5_C11 Pin=U5-C11
Added Pin To Net: NetName=NetU5_C11 Pin=U10-D3
Added Net: Name=NetU5_C11
Added Pin To Net: NetName=NetU5_C12 Pin=U5-C12
Added Pin To Net: NetName=NetU5_C12 Pin=U10-C4
Added Net: Name=NetU5_C12
Added Class: Name=Mako DSP QuadFlash and Boot
Added Member To Class: ClassName=Mako DSP Main R1.2 Member=Component C32 Cap Semi
Added Member To Class: ClassName=Mako DSP Main R1.2 Member=Component C38 0402
Added Member To Class: ClassName=Mako DSP Main R1.2 Member=Component C39 0402
Added Member To Class: ClassName=Mako DSP Main R1.2 Member=Component C40 0402
Added Member To Class: ClassName=Mako DSP Main R1.2 Member=Component C41 0402
Added Member To Class: ClassName=Mako DSP Power R1.3 Member=Component C54 0603
Added Member To Class: ClassName=Mako DSP Power R1.3 Member=Component C55 1206
Added Member To Class: ClassName=Mako DSP Power R1.3 Member=Component C56 1206 Tantulum
Added Member To Class: ClassName=Mako DSP Power R1.3 Member=Component C57 1206 Tantulum
Added Member To Class: ClassName=Mako DSP Power R1.3 Member=Component C58 VS C
Added Member To Class: ClassName=Mako DSP Main R1.2 Member=Component C62 0603
Added Member To Class: ClassName=Mako DSP Power R1.3 Member=Component C67 1206 Tantulum
Added Member To Class: ClassName=Mako DSP USBR1.2 Member=Component C68 Cap Semi
Added Member To Class: ClassName=Mako DSP Audio Codec R1.2 Member=Component C70 0603
Added Member To Class: ClassName=Mako DSP Power R1.3 Member=Component C73 Cap Semi
Added Member To Class: ClassName=Mako DSP Power R1.3 Member=Component C74 Cap Semi
Added Member To Class: ClassName=Mako DSP Audio Codec R1.2 Member=Component C75 0603
Added Member To Class: ClassName=Mako DSP Memory R2.0 Member=Component C83 0402
Added Member To Class: ClassName=Mako DSP Memory R2.0 Member=Component C85 0402
Added Member To Class: ClassName=Mako DSP Memory R2.0 Member=Component C86 0402
Added Member To Class: ClassName=Mako DSP Power R1.3 Member=Component FB8 MI0805L301R-10
Added Member To Class: ClassName=Mako DSP Audio Codec R1.2 Member=Component FB14 Ferrite
Added Member To Class: ClassName=Mako DSP Audio Codec R1.2 Member=Component FB15 Ferrite
Added Member To Class: ClassName=Mako DSP Audio Codec R1.2 Member=Component R31 0603
Added Member To Class: ClassName=Mako DSP Main R1.2 Member=Component SSP1 Header 3X2
Added Member To Class: ClassName=Mako DSP Main R1.2 Member=Component U5 LPC4330FET256
Added Member To Class: ClassName=Mako DSP Power R1.3 Member=Component U7 TLV117113
Added Member To Class: ClassName=Mako DSP Power R1.3 Member=Component U9 TPS62162SOP
Added Member To Class: ClassName=Mako DSP Memory R2.0 Member=Component U11 AS4C8M16S
