Removed Pin From Net: NetName=NetU5_42 Pin=U5-42
Removed Pin From Net: NetName=NetU5_43 Pin=U5-43
Removed Pin From Net: NetName=NetU5_44 Pin=U5-44
Removed Pin From Net: NetName=NetU5_46 Pin=U5-46
Removed Pin From Net: NetName=NetU5_47 Pin=U5-47
Added Pin To Net: NetName=NetU5_46 Pin=Digital IO Lower Byte1-1
Added Pin To Net: NetName=NetU5_42 Pin=Digital IO Lower Byte1-2
Added Pin To Net: NetName=NetU5_43 Pin=Digital IO Lower Byte1-3
Added Pin To Net: NetName=NetU5_47 Pin=Digital IO Lower Byte1-4
Added Pin To Net: NetName=NetU5_44 Pin=Digital IO Lower Byte1-5
Added Pin To Net: NetName=NetU5_48 Pin=Digital IO Lower Byte1-6
Added Pin To Net: NetName=NetU5_49 Pin=Digital IO Lower Byte1-7
Added Pin To Net: NetName=NetU5_51 Pin=Digital IO Lower Byte1-8
Added Pin To Net: NetName=NetU5_46 Pin=U5-42
Added Pin To Net: NetName=NetU5_42 Pin=U5-43
Added Pin To Net: NetName=NetU5_43 Pin=U5-44
Added Pin To Net: NetName=NetU5_47 Pin=U5-46
Added Pin To Net: NetName=NetU5_44 Pin=U5-47
Change Net Name : Old Net Name=NetU5_42 New Net Name=PWM_6
Change Net Name : Old Net Name=NetU5_43 New Net Name=PWM_5
Change Net Name : Old Net Name=NetU5_44 New Net Name=PWM_3
Change Net Name : Old Net Name=NetU5_46 New Net Name=DIGI_7
Change Net Name : Old Net Name=NetU5_47 New Net Name=DIGI_4
Change Net Name : Old Net Name=NetU5_48 New Net Name=DIGI_2
Change Net Name : Old Net Name=NetU5_49 New Net Name=DIGI_1
Change Net Name : Old Net Name=NetU5_51 New Net Name=DIGI_0
