Removed Pin From Net: NetName=GND Pin=1-2
Removed Pin From Net: NetName=GND Pin=1-3
Removed Pin From Net: NetName=GND Pin=C10-1
Removed Pin From Net: NetName=GND Pin=C11-1
Removed Pin From Net: NetName=GND Pin=Stereo Input1-5
Removed Pin From Net: NetName=GND Pin=Stereo Output1-5
Removed Pin From Net: NetName=GND Pin=U4-27
Added Component: Designator=FB?(SM 0805 - gap trimmed)
Added Component: Designator=FB?(BLM18PG121SN1D)
Added Component: Designator=FB?(BLM18PG121SN1D)
Added Component: Designator=FB?(BLM18PG121SN1D)
Added Pin To Net: NetName=GND Pin=FB?-1
Added Pin To Net: NetName=GND Pin=FB?-2
Added Pin To Net: NetName=GND Pin=FB?-2
Added Pin To Net: NetName=GND Pin=FB?-2
Added Pin To Net: NetName=Net1_2 Pin=1-2
Added Pin To Net: NetName=Net1_2 Pin=1-3
Added Pin To Net: NetName=Net1_2 Pin=FB?-2
Added Net: Name=Net1_2
Added Pin To Net: NetName=NetC10_1 Pin=C10-1
Added Pin To Net: NetName=NetC10_1 Pin=C11-1
Added Pin To Net: NetName=NetC10_1 Pin=FB?-1
Added Pin To Net: NetName=NetC10_1 Pin=U4-27
Added Net: Name=NetC10_1
Added Pin To Net: NetName=NetFB?_1 Pin=FB?-1
Added Pin To Net: NetName=NetFB?_1 Pin=Stereo Output1-5
Added Net: Name=NetFB?_1
Added Member To Class: ClassName=Mako DSP Audio Codec Member=Component FB? BLM15HG601SN1D
Added Member To Class: ClassName=Mako DSP Power Member=Component FB? Ferrite
