Removed Pin From Net: NetName=NetDigital IO Higher Byte1_1 Pin=Digital IO Higher Byte1-1
Removed Pin From Net: NetName=NetDigital IO Higher Byte1_2 Pin=Digital IO Higher Byte1-2
Removed Pin From Net: NetName=NetC33_2 Pin=Digital IO Higher Byte1-3
Removed Pin From Net: NetName=NetDigital IO Higher Byte1_5 Pin=Digital IO Higher Byte1-5
Removed Pin From Net: NetName=NetDigital IO Higher Byte1_6 Pin=Digital IO Higher Byte1-6
Removed Pin From Net: NetName=NetDigital IO Higher Byte1_7 Pin=Digital IO Higher Byte1-7
Removed Pin From Net: NetName=NetDigital IO Higher Byte1_8 Pin=Digital IO Higher Byte1-8
Removed Pin From Net: NetName=NetDigital IO Higher Byte1_9 Pin=Digital IO Higher Byte1-9
Removed Pin From Net: NetName=NetDigital IO Higher Byte1_10 Pin=Digital IO Higher Byte1-10
Removed Pin From Net: NetName=NetDigital IO Lower Byte1_1 Pin=Digital IO Lower Byte1-1
Removed Pin From Net: NetName=NetDigital IO Lower Byte1_2 Pin=Digital IO Lower Byte1-2
Removed Pin From Net: NetName=NetDigital IO Lower Byte1_3 Pin=Digital IO Lower Byte1-3
Removed Pin From Net: NetName=NetDigital IO Lower Byte1_4 Pin=Digital IO Lower Byte1-4
Removed Pin From Net: NetName=NetDigital IO Lower Byte1_5 Pin=Digital IO Lower Byte1-5
Removed Pin From Net: NetName=NetDigital IO Lower Byte1_6 Pin=Digital IO Lower Byte1-6
Removed Pin From Net: NetName=NetDigital IO Lower Byte1_7 Pin=Digital IO Lower Byte1-7
Removed Pin From Net: NetName=NetDigital IO Lower Byte1_8 Pin=Digital IO Lower Byte1-8
Removed Pin From Net: NetName=NetDigital IO Higher Byte1_5 Pin=U5-3
Removed Pin From Net: NetName=NetDigital IO Higher Byte1_8 Pin=U5-7
Removed Pin From Net: NetName=NetDigital IO Higher Byte1_6 Pin=U5-8
Removed Pin From Net: NetName=NetDigital IO Higher Byte1_7 Pin=U5-9
Removed Pin From Net: NetName=NetDigital IO Higher Byte1_9 Pin=U5-10
Removed Pin From Net: NetName=NetDigital IO Higher Byte1_10 Pin=U5-11
Removed Pin From Net: NetName=NetDigital IO Lower Byte1_1 Pin=U5-42
Removed Pin From Net: NetName=NetDigital IO Lower Byte1_2 Pin=U5-43
Removed Pin From Net: NetName=NetDigital IO Lower Byte1_3 Pin=U5-44
Removed Pin From Net: NetName=NetDigital IO Lower Byte1_4 Pin=U5-46
Removed Pin From Net: NetName=NetDigital IO Lower Byte1_5 Pin=U5-47
Removed Pin From Net: NetName=NetDigital IO Lower Byte1_6 Pin=U5-48
Removed Pin From Net: NetName=NetDigital IO Lower Byte1_7 Pin=U5-49
Removed Pin From Net: NetName=NetDigital IO Lower Byte1_8 Pin=U5-51
Removed Pin From Net: NetName=NetDigital IO Higher Byte1_1 Pin=U5-92
Removed Pin From Net: NetName=NetDigital IO Higher Byte1_2 Pin=U5-93
Removed Pin From Net: NetName=NetR34_2 Pin=U5-136
Removed Pin From Net: NetName=NetR35_2 Pin=U5-138
Removed Pin From Net: NetName=NetR36_2 Pin=U5-139
Removed Pin From Net: NetName=NetR37_2 Pin=U5-142
Removed Pin From Net: NetName=NetR39_2 Pin=U5-143
Removed Pin From Net: NetName=NetR38_2 Pin=U5-144
Change Component DesignItemId : Designator=U7 Old DesignItemId=TPS62162DGSD New DesignItemId=TPS62162SOP
Change Component DesignItemId : Designator=U8 Old DesignItemId=TPS62162DGSD New DesignItemId=TPS62162SOP
Change Component DesignItemId : Designator=U9 Old DesignItemId=TPS62162DGSD New DesignItemId=TPS62162SOP
Change Component Comment : Designator=U7 Old Comment=TPS62162DGSD New Comment=TPS62162SOP
Change Component Comment : Designator=U8 Old Comment=TPS62162DGSD New Comment=TPS62162SOP
Change Component Comment : Designator=U9 Old Comment=TPS62162DGSD New Comment=TPS62162SOP
Added Pin To Net: NetName=NetDigital IO Lower Byte1_8 Pin=U5-7
Added Pin To Net: NetName=NetDigital IO Lower Byte1_7 Pin=U5-10
Added Pin To Net: NetName=NetDigital IO Lower Byte1_6 Pin=U5-42
Added Pin To Net: NetName=NetDigital IO Lower Byte1_1 Pin=U5-43
Added Pin To Net: NetName=NetDigital IO Higher Byte1_10 Pin=U5-44
Added Pin To Net: NetName=NetDigital IO Lower Byte1_5 Pin=U5-46
Added Pin To Net: NetName=NetDigital IO Higher Byte1_9 Pin=U5-47
Added Pin To Net: NetName=NetDigital IO Lower Byte1_4 Pin=U5-48
Added Pin To Net: NetName=NetDigital IO Lower Byte1_3 Pin=U5-49
Added Pin To Net: NetName=NetDigital IO Lower Byte1_2 Pin=U5-51
Added Pin To Net: NetName=NetDigital IO Higher Byte1_8 Pin=U5-136
Added Pin To Net: NetName=NetDigital IO Higher Byte1_7 Pin=U5-138
Added Pin To Net: NetName=NetDigital IO Higher Byte1_6 Pin=U5-139
Added Pin To Net: NetName=NetDigital IO Higher Byte1_5 Pin=U5-142
Added Pin To Net: NetName=NetDigital IO Higher Byte1_1 Pin=U5-143
Added Pin To Net: NetName=NetDigital IO Higher Byte1_2 Pin=U5-144
Change Net Name : Old Net Name=NetDigital IO Higher Byte1_1 New Net Name=NetU5_143
Change Net Name : Old Net Name=NetDigital IO Higher Byte1_2 New Net Name=NetU5_144
Change Net Name : Old Net Name=NetDigital IO Higher Byte1_5 New Net Name=NetU5_142
Change Net Name : Old Net Name=NetDigital IO Higher Byte1_6 New Net Name=NetU5_139
Change Net Name : Old Net Name=NetDigital IO Higher Byte1_7 New Net Name=NetU5_138
Change Net Name : Old Net Name=NetDigital IO Higher Byte1_8 New Net Name=NetU5_136
Change Net Name : Old Net Name=NetDigital IO Higher Byte1_9 New Net Name=NetU5_47
Change Net Name : Old Net Name=NetDigital IO Higher Byte1_10 New Net Name=NetU5_44
Change Net Name : Old Net Name=NetDigital IO Lower Byte1_1 New Net Name=NetU5_43
Change Net Name : Old Net Name=NetDigital IO Lower Byte1_2 New Net Name=NetU5_51
Change Net Name : Old Net Name=NetDigital IO Lower Byte1_3 New Net Name=NetU5_49
Change Net Name : Old Net Name=NetDigital IO Lower Byte1_4 New Net Name=NetU5_48
Change Net Name : Old Net Name=NetDigital IO Lower Byte1_5 New Net Name=NetU5_46
Change Net Name : Old Net Name=NetDigital IO Lower Byte1_6 New Net Name=NetU5_42
Change Net Name : Old Net Name=NetDigital IO Lower Byte1_7 New Net Name=NetU5_10
Change Net Name : Old Net Name=NetDigital IO Lower Byte1_8 New Net Name=NetU5_7
Added Pin To Net: NetName=NetU5_3 Pin=U5-3
Added Net: Name=NetU5_3
Added Pin To Net: NetName=NetU5_8 Pin=U5-8
Added Net: Name=NetU5_8
Added Pin To Net: NetName=NetU5_9 Pin=U5-9
Added Net: Name=NetU5_9
Added Pin To Net: NetName=NetU5_11 Pin=U5-11
Added Net: Name=NetU5_11
Added Pin To Net: NetName=NetU5_92 Pin=U5-92
Added Net: Name=NetU5_92
Added Pin To Net: NetName=NetU5_93 Pin=U5-93
Added Net: Name=NetU5_93
