Removed Pin From Net: NetName=VIN Pin=C56-2
Removed Pin From Net: NetName=VIN Pin=C59-2
Removed Pin From Net: NetName=VIN Pin=U8-2
Removed Pin From Net: NetName=VIN Pin=U8-3
Removed Pin From Net: NetName=VIN Pin=U9-2
Removed Pin From Net: NetName=VIN Pin=U9-3
Added Component: Designator=SW1(DPDT Switch)
Added Pin To Net: NetName=VIN Pin=SW1-0
Added Pin To Net: NetName=USB0_VBUS Pin=SW1-2
Added Pin To Net: NetName=VIN Pin=SW1-3
Added Pin To Net: NetName=USB0_VBUS Pin=SW1-5
Added Pin To Net: NetName=NetC56_2 Pin=C56-2
Added Pin To Net: NetName=NetC56_2 Pin=SW1-4
Added Pin To Net: NetName=NetC56_2 Pin=U8-2
Added Pin To Net: NetName=NetC56_2 Pin=U8-3
Added Net: Name=NetC56_2
Added Pin To Net: NetName=NetC59_2 Pin=C59-2
Added Pin To Net: NetName=NetC59_2 Pin=SW1-1
Added Pin To Net: NetName=NetC59_2 Pin=U9-2
Added Pin To Net: NetName=NetC59_2 Pin=U9-3
Added Net: Name=NetC59_2
Added Member To Class: ClassName=Mako DSP Power R1.2 Member=Component SW1 MMS22R DPDT
