Change Component Designator: Old Designator=Analog Input? New Designator=Analog Input1
Change Component Designator: Old Designator=Aux GPIO ? New Designator=Aux GPIO 1
Change Component Designator: Old Designator=Aux GPIO ? New Designator=Aux GPIO 2
Change Component Designator: Old Designator=C? New Designator=C1
Change Component Designator: Old Designator=C? New Designator=C2
Change Component Designator: Old Designator=C? New Designator=C3
Change Component Designator: Old Designator=C? New Designator=C4
Change Component Designator: Old Designator=C? New Designator=C5
Change Component Designator: Old Designator=C? New Designator=C6
Change Component Designator: Old Designator=Digital IO Higher Byte? New Designator=Digital IO Higher Byte1
Change Component Designator: Old Designator=Digital IO Lower Byte? New Designator=Digital IO Lower Byte1
Change Component Designator: Old Designator=Power & Reset? New Designator=Power & Reset1
Change Component Designator: Old Designator=R? New Designator=R1
Change Component Designator: Old Designator=R? New Designator=R2
Change Component Designator: Old Designator=R? New Designator=R3
Change Component Designator: Old Designator=R? New Designator=R4
Change Component Designator: Old Designator=R? New Designator=R5
Change Component Designator: Old Designator=R? New Designator=R6
Change Component Designator: Old Designator=U? New Designator=U1
Change Component Designator: Old Designator=U? New Designator=U2
Change Component Designator: Old Designator=U? New Designator=U3
