Change Component Designator: OldDesignator=Analog Input NewDesignator=Analog Input1
Change Component Designator: OldDesignator=Digital IO Higher Byte NewDesignator=Digital IO Higher Byte1
Change Component Designator: OldDesignator=Digital IO Lower Byte NewDesignator=Digital IO Lower Byte1
Change Component Designator: OldDesignator=Power & Reset NewDesignator=Power & Reset1
Added Component: Designator=C1(1608[0603])
Added Component: Designator=C2(1608[0603])
Added Component: Designator=C3(1608[0603])
Added Component: Designator=C4(1608[0603])
Added Component: Designator=C5(1608[0603])
Added Component: Designator=C6(1608[0603])
Added Component: Designator=C7(1608[0603])
Added Component: Designator=C8(1608[0603])
Added Component: Designator=C9(1608[0603])
Added Component: Designator=C10(1608[0603])
Added Component: Designator=C11(1608[0603])
Added Component: Designator=C12(1608[0603])
Added Component: Designator=C13(1608[0603])
Added Component: Designator=C14(1608[0603])
Added Component: Designator=C15(1608[0603])
Added Component: Designator=C16(1608[0603])
Added Component: Designator=C17(1608[0603])
Added Component: Designator=C18(1608[0603])
Added Component: Designator=C19(1608[0603])
Added Component: Designator=C20(Panasonic VS D)
Added Component: Designator=C21(SM 0805 - gap trimmed)
Added Component: Designator=C22(Panasonic VS D)
Added Component: Designator=C23(SM 0805 - gap trimmed)
Added Component: Designator=C24(1608[0603])
Added Component: Designator=C25(1608[0603])
Added Component: Designator=C26(CAPC1608L)
Added Component: Designator=C27(CAPC1608L)
Added Component: Designator=C28(CAPC1608L)
Added Component: Designator=C29(CAPC1608L)
Added Component: Designator=C30(1608[0603])
Added Component: Designator=C31(1608[0603])
Added Component: Designator=C32(CAPC1608L)
Added Component: Designator=C33(Panasonic VS D)
Added Component: Designator=C34(SM 0805 - gap trimmed)
Added Component: Designator=C35(1608[0603])
Added Component: Designator=C36(1608[0603])
Added Component: Designator=C37(1608[0603])
Added Component: Designator=C38(1608[0603])
Added Component: Designator=C39(1608[0603])
Added Component: Designator=C40(1608[0603])
Added Component: Designator=C41(1608[0603])
Added Component: Designator=C42(1608[0603])
Added Component: Designator=C43(1608[0603])
Added Component: Designator=C44(1608[0603])
Added Component: Designator=C45(1608[0603])
Added Component: Designator=C46(1608[0603])
Added Component: Designator=C47(1608[0603])
Added Component: Designator=C48(1608[0603])
Added Component: Designator=C49(1608[0603])
Added Component: Designator=C50(1608[0603])
Added Component: Designator=C51(CAPPR2.5-6.3x5)
Added Component: Designator=C52(CAPPR2.5-6.3x5)
Added Component: Designator=C53(C1206)
Added Component: Designator=C54(C1206)
Added Component: Designator=C55(Panasonic VS D)
Added Component: Designator=C56(C1206)
Added Component: Designator=C57(C1206)
Added Component: Designator=C58(Panasonic VS D)
Added Component: Designator=C59(C1206)
Added Component: Designator=C60(C1206)
Added Component: Designator=C61(Panasonic VS D)
Added Component: Designator=C62(1608[0603])
Added Component: Designator=C63(1608[0603])
Added Component: Designator=C64(1608[0603])
Added Component: Designator=C65(1608[0603])
Added Component: Designator=C66(1608[0603])
Added Component: Designator=C67(1608[0603])
Added Component: Designator=C68(1608[0603])
Added Component: Designator=C69(1608[0603])
Added Component: Designator=D2(PMEG4050EP)
Added Component: Designator=DBGEN1(HDR1X2)
Added Component: Designator=FB1(BLM18PG121SN1D)
Added Component: Designator=FB2(BLM18PG121SN1D)
Added Component: Designator=FB3(BLM18PG121SN1D)
Added Component: Designator=FB4(BLM18PG121SN1D)
Added Component: Designator=FB5(BLM18PG121SN1D)
Added Component: Designator=FB6(BLM18PG121SN1D)
Added Component: Designator=FB7(BLM18PG121SN1D)
Added Component: Designator=FB8(BLM18PG121SN1D)
Added Component: Designator=ISP PGM2(HDR1X6)
Added Component: Designator=J2(Micro USB Circular Holes Only)
Added Component: Designator=J3(Micro USB Circular Holes Only)
Added Component: Designator=JTAG/DEBUG1(S9015E-05-ND)
Added Component: Designator=L1(VLS252012T-2R2M1R3)
Added Component: Designator=L2(VLS252012T-2R2M1R3)
Added Component: Designator=L3(VLS252012T-2R2M1R3)
Added Component: Designator=R1(J1-0603)
Added Component: Designator=R2(J1-0603)
Added Component: Designator=R3(J1-0603)
Added Component: Designator=R4(SM 0805 - gap trimmed)
Added Component: Designator=R5(SM 0805 - gap trimmed)
Added Component: Designator=R6(J1-0603)
Added Component: Designator=R7(J1-0603)
Added Component: Designator=R8(J1-0603)
Added Component: Designator=R9(J1-0603)
Added Component: Designator=R10(SM 0805 - gap trimmed)
Added Component: Designator=R11(SM 0603)
Added Component: Designator=R12(J1-0603)
Added Component: Designator=R13(J1-0603)
Added Component: Designator=R14(J1-0603)
Added Component: Designator=R15(J1-0603)
Added Component: Designator=R16(J1-0603)
Added Component: Designator=R17(J1-0603)
Added Component: Designator=R18(J1-0603)
Added Component: Designator=R19(RESC2012L)
Added Component: Designator=R20(RESC2012L)
Added Component: Designator=R21(RESC2012L)
Added Component: Designator=R22(J1-0603)
Added Component: Designator=R23(J1-0603)
Added Component: Designator=R24(J1-0603)
Added Component: Designator=R25(J1-0603)
Added Component: Designator=R26(J1-0603)
Added Component: Designator=R27(J1-0603)
Added Component: Designator=R28(J1-0603)
Added Component: Designator=R29(J1-0603)
Added Component: Designator=R30(J1-0603)
Added Component: Designator=R31(J1-0603)
Added Component: Designator=RTCALARM1(PIN1)
Added Component: Designator=SD1(JAE SJ107021)
Added Component: Designator=SSP1(Arduino ICPS)
Added Component: Designator=Stereo Input1(CUI SJ-43515TS)
Added Component: Designator=Stereo Output1(CUI SJ-43515TS)
Added Component: Designator=TRST1(HDR1X2)
Added Component: Designator=U1(BAV70S_SOT363)
Added Component: Designator=U2(BAV70S_SOT363)
Added Component: Designator=U3(BAV70S_SOT363)
Added Component: Designator=U4(WM8778)
Added Component: Designator=U5(SOT486-1_V)
Added Component: Designator=U7(TPS62162SOP)
Added Component: Designator=U8(TPS62162SOP)
Added Component: Designator=U9(TPS62162SOP)
Added Component: Designator=U10(LM3525)
Added Component: Designator=U11(LM3525)
Added Component: Designator=WAKEUP1(PIN1)
Added Component: Designator=X1(ABM3B-12.000MHZ-B2-T)
Added Component: Designator=X2(ABS07-32.768KHZ-T)
Added Pin To Net: NetName=GND Pin=C1-1
Added Pin To Net: NetName=DVDD Pin=C1-2
Added Pin To Net: NetName=GND Pin=C2-1
Added Pin To Net: NetName=DVDD Pin=C2-2
Added Pin To Net: NetName=GND Pin=C3-1
Added Pin To Net: NetName=DVDD Pin=C3-2
Added Pin To Net: NetName=GND Pin=C4-1
Added Pin To Net: NetName=DVDD Pin=C4-2
Added Pin To Net: NetName=GND Pin=C5-1
Added Pin To Net: NetName=DVDD Pin=C5-2
Added Pin To Net: NetName=GND Pin=C6-1
Added Pin To Net: NetName=DVDD Pin=C6-2
Added Pin To Net: NetName=GND Pin=C7-1
Added Pin To Net: NetName=DVDD Pin=C7-2
Added Pin To Net: NetName=GND Pin=C8-1
Added Pin To Net: NetName=DVDD Pin=C8-2
Added Pin To Net: NetName=GND Pin=C9-1
Added Pin To Net: NetName=DVDD Pin=C9-2
Added Pin To Net: NetName=GND Pin=C10-1
Added Pin To Net: NetName=AVDD Pin=C10-2
Added Pin To Net: NetName=GND Pin=C11-1
Added Pin To Net: NetName=AVDD Pin=C11-2
Added Pin To Net: NetName=GND Pin=C12-1
Added Pin To Net: NetName=GND Pin=C13-1
Added Pin To Net: NetName=GND Pin=C14-1
Added Pin To Net: NetName=GND Pin=C15-1
Added Pin To Net: NetName=GND Pin=C16-1
Added Pin To Net: NetName=GND Pin=C17-1
Added Pin To Net: NetName=GND Pin=C18-1
Added Pin To Net: NetName=GND Pin=C19-1
Added Pin To Net: NetName=GND Pin=C21-1
Added Pin To Net: NetName=GND Pin=C23-1
Added Pin To Net: NetName=GND Pin=C24-1
Added Pin To Net: NetName=DVDD Pin=C24-2
Added Pin To Net: NetName=GND Pin=C25-1
Added Pin To Net: NetName=DVDD Pin=C25-2
Added Pin To Net: NetName=GND Pin=C26-1
Added Pin To Net: NetName=GND Pin=C27-1
Added Pin To Net: NetName=DVDD Pin=C27-2
Added Pin To Net: NetName=GND Pin=C28-1
Added Pin To Net: NetName=DVDD Pin=C28-2
Added Pin To Net: NetName=GND Pin=C29-1
Added Pin To Net: NetName=GND Pin=C30-2
Added Pin To Net: NetName=GND Pin=C31-1
Added Pin To Net: NetName=DVDD Pin=C32-1
Added Pin To Net: NetName=GND Pin=C32-2
Added Pin To Net: NetName=AVDD Pin=C33-2
Added Pin To Net: NetName=AVDD Pin=C34-2
Added Pin To Net: NetName=GND Pin=C35-1
Added Pin To Net: NetName=NetC35_2 Pin=C35-2
Added Pin To Net: NetName=GND Pin=C36-1
Added Pin To Net: NetName=GND Pin=C37-1
Added Pin To Net: NetName=DVDD Pin=C37-2
Added Pin To Net: NetName=GND Pin=C38-1
Added Pin To Net: NetName=DVDD Pin=C38-2
Added Pin To Net: NetName=GND Pin=C39-1
Added Pin To Net: NetName=DVDD Pin=C39-2
Added Pin To Net: NetName=GND Pin=C40-1
Added Pin To Net: NetName=DVDD Pin=C40-2
Added Pin To Net: NetName=GND Pin=C41-1
Added Pin To Net: NetName=DVDD Pin=C41-2
Added Pin To Net: NetName=GND Pin=C42-1
Added Pin To Net: NetName=DVDD Pin=C42-2
Added Pin To Net: NetName=GND Pin=C43-1
Added Pin To Net: NetName=DVDD Pin=C43-2
Added Pin To Net: NetName=GND Pin=C44-1
Added Pin To Net: NetName=DVDD Pin=C44-2
Added Pin To Net: NetName=GND Pin=C45-1
Added Pin To Net: NetName=DVDD Pin=C45-2
Added Pin To Net: NetName=GND Pin=C46-1
Added Pin To Net: NetName=DVDD Pin=C46-2
Added Pin To Net: NetName=GND Pin=C47-1
Added Pin To Net: NetName=DVDD Pin=C47-2
Added Pin To Net: NetName=GND Pin=C48-1
Added Pin To Net: NetName=DVDD Pin=C48-2
Added Pin To Net: NetName=GND Pin=C49-1
Added Pin To Net: NetName=DVDD Pin=C49-2
Added Pin To Net: NetName=GND Pin=C50-1
Added Pin To Net: NetName=DVDD Pin=C50-2
Added Pin To Net: NetName=VIN Pin=C51-1
Added Pin To Net: NetName=GND Pin=C51-2
Added Pin To Net: NetName=VIN Pin=C52-1
Added Pin To Net: NetName=GND Pin=C52-2
Added Pin To Net: NetName=GND Pin=C53-1
Added Pin To Net: NetName=VIN Pin=C53-2
Added Pin To Net: NetName=GND Pin=C54-1
Added Pin To Net: NetName=AVDD Pin=C54-2
Added Pin To Net: NetName=AVDD Pin=C55-1
Added Pin To Net: NetName=GND Pin=C55-2
Added Pin To Net: NetName=GND Pin=C56-1
Added Pin To Net: NetName=VIN Pin=C56-2
Added Pin To Net: NetName=GND Pin=C57-1
Added Pin To Net: NetName=5VCC Pin=C57-2
Added Pin To Net: NetName=5VCC Pin=C58-1
Added Pin To Net: NetName=GND Pin=C58-2
Added Pin To Net: NetName=GND Pin=C59-1
Added Pin To Net: NetName=VIN Pin=C59-2
Added Pin To Net: NetName=GND Pin=C60-1
Added Pin To Net: NetName=DVDD Pin=C60-2
Added Pin To Net: NetName=DVDD Pin=C61-1
Added Pin To Net: NetName=GND Pin=C61-2
Added Pin To Net: NetName=GND Pin=C62-1
Added Pin To Net: NetName=5VCC Pin=C62-2
Added Pin To Net: NetName=GND Pin=C63-1
Added Pin To Net: NetName=GND Pin=C64-1
Added Pin To Net: NetName=GND Pin=C65-1
Added Pin To Net: NetName=GND Pin=C66-1
Added Pin To Net: NetName=5VCC Pin=C66-2
Added Pin To Net: NetName=GND Pin=C67-1
Added Pin To Net: NetName=GND Pin=C68-1
Added Pin To Net: NetName=GND Pin=C69-1
Added Pin To Net: NetName=VIN Pin=D2-2
Added Pin To Net: NetName=DVDD Pin=DBGEN1-1
Added Pin To Net: NetName=NetFB1_1 Pin=FB1-1
Added Pin To Net: NetName=GND Pin=FB1-2
Added Pin To Net: NetName=GND Pin=FB2-2
Added Pin To Net: NetName=AVDD Pin=FB3-1
Added Pin To Net: NetName=AVDD Pin=FB3-2
Added Pin To Net: NetName=GND Pin=FB4-1
Added Pin To Net: NetName=NetFB5_1 Pin=FB5-1
Added Pin To Net: NetName=GND Pin=FB5-2
Added Pin To Net: NetName=NetFB6_1 Pin=FB6-1
Added Pin To Net: NetName=GND Pin=FB6-2
Added Pin To Net: NetName=GND Pin=FB7-2
Added Pin To Net: NetName=GND Pin=FB8-2
Added Pin To Net: NetName=GND Pin=ISP PGM2-1
Added Pin To Net: NetName=DVDD Pin=ISP PGM2-3
Added Pin To Net: NetName=GND Pin=J2-5
Added Pin To Net: NetName=NetFB5_1 Pin=J2-6
Added Pin To Net: NetName=NetFB5_1 Pin=J2-7
Added Pin To Net: NetName=NetFB6_1 Pin=J2-8
Added Pin To Net: NetName=NetFB6_1 Pin=J2-9
Added Pin To Net: NetName=GND Pin=J3-5
Added Pin To Net: NetName=DVDD Pin=JTAG/DEBUG1-1
Added Pin To Net: NetName=DVDD Pin=JTAG/DEBUG1-1
Added Pin To Net: NetName=GND Pin=JTAG/DEBUG1-3
Added Pin To Net: NetName=GND Pin=JTAG/DEBUG1-5
Added Pin To Net: NetName=GND Pin=JTAG/DEBUG1-9
Added Pin To Net: NetName=NetL1_1 Pin=L1-1
Added Pin To Net: NetName=AVDD Pin=L1-2
Added Pin To Net: NetName=NetL2_1 Pin=L2-1
Added Pin To Net: NetName=5VCC Pin=L2-2
Added Pin To Net: NetName=NetL3_1 Pin=L3-1
Added Pin To Net: NetName=DVDD Pin=L3-2
Added Pin To Net: NetName=DVDD Pin=R1-2
Added Pin To Net: NetName=NetR2_1 Pin=R2-1
Added Pin To Net: NetName=DVDD Pin=R2-2
Added Pin To Net: NetName=AVDD Pin=R3-2
Added Pin To Net: NetName=NetR5_2 Pin=R5-2
Added Pin To Net: NetName=DVDD Pin=R6-1
Added Pin To Net: NetName=NetR6_2 Pin=R6-2
Added Pin To Net: NetName=DVDD Pin=R7-1
Added Pin To Net: NetName=NetR7_2 Pin=R7-2
Added Pin To Net: NetName=GND Pin=R8-1
Added Pin To Net: NetName=NetR8_2 Pin=R8-2
Added Pin To Net: NetName=DVDD Pin=R9-2
Added Pin To Net: NetName=NetJ1_4 Pin=R10-2
Added Pin To Net: NetName=DVDD Pin=R11-1
Added Pin To Net: NetName=DVDD Pin=R12-2
Added Pin To Net: NetName=NetR13_1 Pin=R13-1
Added Pin To Net: NetName=GND Pin=R14-1
Added Pin To Net: NetName=GND Pin=R16-1
Added Pin To Net: NetName=DVDD Pin=R17-2
Added Pin To Net: NetName=DVDD Pin=R18-2
Added Pin To Net: NetName=AVDD Pin=R19-2
Added Pin To Net: NetName=5VCC Pin=R20-2
Added Pin To Net: NetName=DVDD Pin=R21-2
Added Pin To Net: NetName=5VCC Pin=R23-1
Added Pin To Net: NetName=GND Pin=R24-2
Added Pin To Net: NetName=GND Pin=R25-2
Added Pin To Net: NetName=GND Pin=R26-2
Added Pin To Net: NetName=5VCC Pin=R28-1
Added Pin To Net: NetName=GND Pin=R29-2
Added Pin To Net: NetName=GND Pin=R30-2
Added Pin To Net: NetName=GND Pin=R31-2
Added Pin To Net: NetName=DVDD Pin=SD1-4
Added Pin To Net: NetName=GND Pin=SD1-6
Added Pin To Net: NetName=GND Pin=SD1-9
Added Pin To Net: NetName=GND Pin=SD1-10
Added Pin To Net: NetName=GND Pin=SD1-11
Added Pin To Net: NetName=GND Pin=SD1-12
Added Pin To Net: NetName=DVDD Pin=SSP1-4
Added Pin To Net: NetName=GND Pin=SSP1-6
Added Pin To Net: NetName=NetR5_2 Pin=Stereo Input1-1
Added Pin To Net: NetName=GND Pin=Stereo Input1-5
Added Pin To Net: NetName=GND Pin=Stereo Output1-5
Added Pin To Net: NetName=DVDD Pin=TRST1-1
Added Pin To Net: NetName=DVDD Pin=U1-3
Added Pin To Net: NetName=DVDD Pin=U1-6
Added Pin To Net: NetName=DVDD Pin=U2-3
Added Pin To Net: NetName=DVDD Pin=U2-6
Added Pin To Net: NetName=DVDD Pin=U3-3
Added Pin To Net: NetName=DVDD Pin=U3-6
Added Pin To Net: NetName=NetR6_2 Pin=U4-2
Added Pin To Net: NetName=NetR7_2 Pin=U4-3
Added Pin To Net: NetName=GND Pin=U4-12
Added Pin To Net: NetName=DVDD Pin=U4-13
Added Pin To Net: NetName=NetR2_1 Pin=U4-16
Added Pin To Net: NetName=GND Pin=U4-21
Added Pin To Net: NetName=GND Pin=U4-24
Added Pin To Net: NetName=AVDD Pin=U4-26
Added Pin To Net: NetName=GND Pin=U4-27
Added Pin To Net: NetName=GND Pin=U5-4
Added Pin To Net: NetName=DVDD Pin=U5-5
Added Pin To Net: NetName=DVDD Pin=U5-16
Added Pin To Net: NetName=DVDD Pin=U5-17
Added Pin To Net: NetName=NetFB1_1 Pin=U5-23
Added Pin To Net: NetName=NetR8_2 Pin=U5-24
Added Pin To Net: NetName=DVDD Pin=U5-25
Added Pin To Net: NetName=NetR13_1 Pin=U5-29
Added Pin To Net: NetName=DVDD Pin=U5-36
Added Pin To Net: NetName=GND Pin=U5-40
Added Pin To Net: NetName=DVDD Pin=U5-41
Added Pin To Net: NetName=DVDD Pin=U5-59
Added Pin To Net: NetName=DVDD Pin=U5-71
Added Pin To Net: NetName=GND Pin=U5-76
Added Pin To Net: NetName=DVDD Pin=U5-77
Added Pin To Net: NetName=NetR2_1 Pin=U5-87
Added Pin To Net: NetName=DVDD Pin=U5-94
Added Pin To Net: NetName=DVDD Pin=U5-107
Added Pin To Net: NetName=GND Pin=U5-109
Added Pin To Net: NetName=DVDD Pin=U5-111
Added Pin To Net: NetName=NetC35_2 Pin=U5-125
Added Pin To Net: NetName=DVDD Pin=U5-127
Added Pin To Net: NetName=DVDD Pin=U5-131
Added Pin To Net: NetName=AVDD Pin=U5-137
Added Pin To Net: NetName=DVDD Pin=U5-141
Added Pin To Net: NetName=GND Pin=U7-1
Added Pin To Net: NetName=VIN Pin=U7-2
Added Pin To Net: NetName=VIN Pin=U7-3
Added Pin To Net: NetName=GND Pin=U7-4
Added Pin To Net: NetName=GND Pin=U7-5
Added Pin To Net: NetName=AVDD Pin=U7-6
Added Pin To Net: NetName=NetL1_1 Pin=U7-7
Added Pin To Net: NetName=GND Pin=U8-1
Added Pin To Net: NetName=VIN Pin=U8-2
Added Pin To Net: NetName=VIN Pin=U8-3
Added Pin To Net: NetName=GND Pin=U8-4
Added Pin To Net: NetName=GND Pin=U8-5
Added Pin To Net: NetName=5VCC Pin=U8-6
Added Pin To Net: NetName=NetL2_1 Pin=U8-7
Added Pin To Net: NetName=GND Pin=U9-1
Added Pin To Net: NetName=VIN Pin=U9-2
Added Pin To Net: NetName=VIN Pin=U9-3
Added Pin To Net: NetName=GND Pin=U9-4
Added Pin To Net: NetName=GND Pin=U9-5
Added Pin To Net: NetName=DVDD Pin=U9-6
Added Pin To Net: NetName=NetL3_1 Pin=U9-7
Added Pin To Net: NetName=GND Pin=U10-3
Added Pin To Net: NetName=5VCC Pin=U10-7
Added Pin To Net: NetName=GND Pin=U11-3
Added Pin To Net: NetName=5VCC Pin=U11-7
Added Pin To Net: NetName=GND Pin=X1-2
Added Pin To Net: NetName=GND Pin=X1-4
Added Pin To Net: NetName=NetC35_2 Pin=X2-1
Added Pin To Net: NetName=Net1_1 Pin=D2-1
Added Net: Name=Net1_1
Added Pin To Net: NetName=NetAnalog Input1_1 Pin=Analog Input1-1
Added Pin To Net: NetName=NetAnalog Input1_1 Pin=U1-1
Added Pin To Net: NetName=NetAnalog Input1_1 Pin=U1-2
Added Pin To Net: NetName=NetAnalog Input1_1 Pin=U5-136
Added Net: Name=NetAnalog Input1_1
Added Pin To Net: NetName=NetAnalog Input1_2 Pin=Analog Input1-2
Added Pin To Net: NetName=NetAnalog Input1_2 Pin=U1-4
Added Pin To Net: NetName=NetAnalog Input1_2 Pin=U1-5
Added Pin To Net: NetName=NetAnalog Input1_2 Pin=U5-138
Added Net: Name=NetAnalog Input1_2
Added Pin To Net: NetName=NetAnalog Input1_3 Pin=Analog Input1-3
Added Pin To Net: NetName=NetAnalog Input1_3 Pin=U2-1
Added Pin To Net: NetName=NetAnalog Input1_3 Pin=U2-2
Added Pin To Net: NetName=NetAnalog Input1_3 Pin=U5-139
Added Net: Name=NetAnalog Input1_3
Added Pin To Net: NetName=NetAnalog Input1_4 Pin=Analog Input1-4
Added Pin To Net: NetName=NetAnalog Input1_4 Pin=U2-4
Added Pin To Net: NetName=NetAnalog Input1_4 Pin=U2-5
Added Pin To Net: NetName=NetAnalog Input1_4 Pin=U5-142
Added Net: Name=NetAnalog Input1_4
Added Pin To Net: NetName=NetAnalog Input1_5 Pin=Analog Input1-5
Added Pin To Net: NetName=NetAnalog Input1_5 Pin=U3-1
Added Pin To Net: NetName=NetAnalog Input1_5 Pin=U3-2
Added Pin To Net: NetName=NetAnalog Input1_5 Pin=U5-144
Added Net: Name=NetAnalog Input1_5
Added Pin To Net: NetName=NetAnalog Input1_6 Pin=Analog Input1-6
Added Pin To Net: NetName=NetAnalog Input1_6 Pin=U3-4
Added Pin To Net: NetName=NetAnalog Input1_6 Pin=U3-5
Added Pin To Net: NetName=NetAnalog Input1_6 Pin=U5-143
Added Net: Name=NetAnalog Input1_6
Added Pin To Net: NetName=NetC12_2 Pin=C12-2
Added Pin To Net: NetName=NetC12_2 Pin=C13-2
Added Pin To Net: NetName=NetC12_2 Pin=R3-1
Added Pin To Net: NetName=NetC12_2 Pin=U4-22
Added Net: Name=NetC12_2
Added Pin To Net: NetName=NetC14_2 Pin=C14-2
Added Pin To Net: NetName=NetC14_2 Pin=C15-2
Added Pin To Net: NetName=NetC14_2 Pin=U4-25
Added Net: Name=NetC14_2
Added Pin To Net: NetName=NetC16_2 Pin=C16-2
Added Pin To Net: NetName=NetC16_2 Pin=C17-2
Added Pin To Net: NetName=NetC16_2 Pin=U4-23
Added Net: Name=NetC16_2
Added Pin To Net: NetName=NetC18_2 Pin=C18-2
Added Pin To Net: NetName=NetC18_2 Pin=C19-2
Added Pin To Net: NetName=NetC18_2 Pin=U4-20
Added Net: Name=NetC18_2
Added Pin To Net: NetName=NetC20_1 Pin=C20-1
Added Pin To Net: NetName=NetC20_1 Pin=U4-1
Added Net: Name=NetC20_1
Added Pin To Net: NetName=NetC20_2 Pin=C20-2
Added Pin To Net: NetName=NetC20_2 Pin=C21-2
Added Pin To Net: NetName=NetC20_2 Pin=R4-1
Added Net: Name=NetC20_2
Added Pin To Net: NetName=NetC22_1 Pin=C22-1
Added Pin To Net: NetName=NetC22_1 Pin=U4-28
Added Net: Name=NetC22_1
Added Pin To Net: NetName=NetC22_2 Pin=C22-2
Added Pin To Net: NetName=NetC22_2 Pin=C23-2
Added Pin To Net: NetName=NetC22_2 Pin=R5-1
Added Net: Name=NetC22_2
Added Pin To Net: NetName=NetC26_2 Pin=C26-2
Added Pin To Net: NetName=NetC26_2 Pin=R9-1
Added Pin To Net: NetName=NetC26_2 Pin=U5-96
Added Net: Name=NetC26_2
Added Pin To Net: NetName=NetC29_2 Pin=C29-2
Added Pin To Net: NetName=NetC29_2 Pin=JTAG/DEBUG1-10
Added Pin To Net: NetName=NetC29_2 Pin=Power & Reset1-3
Added Pin To Net: NetName=NetC29_2 Pin=R12-1
Added Pin To Net: NetName=NetC29_2 Pin=U5-128
Added Net: Name=NetC29_2
Added Pin To Net: NetName=NetC30_1 Pin=C30-1
Added Pin To Net: NetName=NetC30_1 Pin=U5-13
Added Pin To Net: NetName=NetC30_1 Pin=X1-3
Added Net: Name=NetC30_1
Added Pin To Net: NetName=NetC31_2 Pin=C31-2
Added Pin To Net: NetName=NetC31_2 Pin=U5-12
Added Pin To Net: NetName=NetC31_2 Pin=X1-1
Added Net: Name=NetC31_2
Added Pin To Net: NetName=NetC33_1 Pin=C33-1
Added Pin To Net: NetName=NetC33_1 Pin=C34-1
Added Pin To Net: NetName=NetC33_1 Pin=FB4-2
Added Pin To Net: NetName=NetC33_1 Pin=U5-135
Added Net: Name=NetC33_1
Added Pin To Net: NetName=NetC36_2 Pin=C36-2
Added Pin To Net: NetName=NetC36_2 Pin=U5-126
Added Pin To Net: NetName=NetC36_2 Pin=X2-2
Added Net: Name=NetC36_2
Added Pin To Net: NetName=NetC63_2 Pin=C63-2
Added Pin To Net: NetName=NetC63_2 Pin=C64-2
Added Pin To Net: NetName=NetC63_2 Pin=R22-2
Added Pin To Net: NetName=NetC63_2 Pin=U5-21
Added Pin To Net: NetName=NetC63_2 Pin=U10-6
Added Pin To Net: NetName=NetC63_2 Pin=U10-8
Added Net: Name=NetC63_2
Added Pin To Net: NetName=NetC65_2 Pin=C65-2
Added Pin To Net: NetName=NetC65_2 Pin=J2-1
Added Pin To Net: NetName=NetC65_2 Pin=R22-1
Added Pin To Net: NetName=NetC65_2 Pin=R24-1
Added Net: Name=NetC65_2
Added Pin To Net: NetName=NetC67_2 Pin=C67-2
Added Pin To Net: NetName=NetC67_2 Pin=C68-2
Added Pin To Net: NetName=NetC67_2 Pin=R27-2
Added Pin To Net: NetName=NetC67_2 Pin=U5-91
Added Pin To Net: NetName=NetC67_2 Pin=U11-6
Added Pin To Net: NetName=NetC67_2 Pin=U11-8
Added Net: Name=NetC67_2
Added Pin To Net: NetName=NetC69_2 Pin=C69-2
Added Pin To Net: NetName=NetC69_2 Pin=J3-1
Added Pin To Net: NetName=NetC69_2 Pin=R27-1
Added Pin To Net: NetName=NetC69_2 Pin=R29-1
Added Net: Name=NetC69_2
Added Net: Name=NetD1_1
Added Pin To Net: NetName=NetD1_2 Pin=R10-1
Added Net: Name=NetD1_2
Added Pin To Net: NetName=NetDBGEN1_2 Pin=DBGEN1-2
Added Pin To Net: NetName=NetDBGEN1_2 Pin=R15-2
Added Pin To Net: NetName=NetDBGEN1_2 Pin=R16-2
Added Net: Name=NetDBGEN1_2
Added Pin To Net: NetName=NetDigital IO Higher Byte1_1 Pin=Digital IO Higher Byte1-1
Added Pin To Net: NetName=NetDigital IO Higher Byte1_1 Pin=U5-92
Added Net: Name=NetDigital IO Higher Byte1_1
Added Pin To Net: NetName=NetDigital IO Higher Byte1_2 Pin=Digital IO Higher Byte1-2
Added Pin To Net: NetName=NetDigital IO Higher Byte1_2 Pin=U5-93
Added Net: Name=NetDigital IO Higher Byte1_2
Added Pin To Net: NetName=NetDigital IO Higher Byte1_5 Pin=Digital IO Higher Byte1-5
Added Pin To Net: NetName=NetDigital IO Higher Byte1_5 Pin=U5-3
Added Net: Name=NetDigital IO Higher Byte1_5
Added Pin To Net: NetName=NetDigital IO Higher Byte1_6 Pin=Digital IO Higher Byte1-6
Added Pin To Net: NetName=NetDigital IO Higher Byte1_6 Pin=U5-8
Added Net: Name=NetDigital IO Higher Byte1_6
Added Pin To Net: NetName=NetDigital IO Higher Byte1_7 Pin=Digital IO Higher Byte1-7
Added Pin To Net: NetName=NetDigital IO Higher Byte1_7 Pin=U5-9
Added Net: Name=NetDigital IO Higher Byte1_7
Added Pin To Net: NetName=NetDigital IO Higher Byte1_8 Pin=Digital IO Higher Byte1-8
Added Pin To Net: NetName=NetDigital IO Higher Byte1_8 Pin=U5-7
Added Net: Name=NetDigital IO Higher Byte1_8
Added Pin To Net: NetName=NetDigital IO Higher Byte1_9 Pin=Digital IO Higher Byte1-9
Added Pin To Net: NetName=NetDigital IO Higher Byte1_9 Pin=U5-10
Added Net: Name=NetDigital IO Higher Byte1_9
Added Pin To Net: NetName=NetDigital IO Higher Byte1_10 Pin=Digital IO Higher Byte1-10
Added Pin To Net: NetName=NetDigital IO Higher Byte1_10 Pin=U5-11
Added Net: Name=NetDigital IO Higher Byte1_10
Added Pin To Net: NetName=NetDigital IO Lower Byte1_1 Pin=Digital IO Lower Byte1-1
Added Pin To Net: NetName=NetDigital IO Lower Byte1_1 Pin=U5-42
Added Net: Name=NetDigital IO Lower Byte1_1
Added Pin To Net: NetName=NetDigital IO Lower Byte1_2 Pin=Digital IO Lower Byte1-2
Added Pin To Net: NetName=NetDigital IO Lower Byte1_2 Pin=U5-43
Added Net: Name=NetDigital IO Lower Byte1_2
Added Pin To Net: NetName=NetDigital IO Lower Byte1_3 Pin=Digital IO Lower Byte1-3
Added Pin To Net: NetName=NetDigital IO Lower Byte1_3 Pin=U5-44
Added Net: Name=NetDigital IO Lower Byte1_3
Added Pin To Net: NetName=NetDigital IO Lower Byte1_4 Pin=Digital IO Lower Byte1-4
Added Pin To Net: NetName=NetDigital IO Lower Byte1_4 Pin=U5-46
Added Net: Name=NetDigital IO Lower Byte1_4
Added Pin To Net: NetName=NetDigital IO Lower Byte1_5 Pin=Digital IO Lower Byte1-5
Added Pin To Net: NetName=NetDigital IO Lower Byte1_5 Pin=U5-47
Added Net: Name=NetDigital IO Lower Byte1_5
Added Pin To Net: NetName=NetDigital IO Lower Byte1_6 Pin=Digital IO Lower Byte1-6
Added Pin To Net: NetName=NetDigital IO Lower Byte1_6 Pin=U5-48
Added Net: Name=NetDigital IO Lower Byte1_6
Added Pin To Net: NetName=NetDigital IO Lower Byte1_7 Pin=Digital IO Lower Byte1-7
Added Pin To Net: NetName=NetDigital IO Lower Byte1_7 Pin=U5-49
Added Net: Name=NetDigital IO Lower Byte1_7
Added Pin To Net: NetName=NetDigital IO Lower Byte1_8 Pin=Digital IO Lower Byte1-8
Added Pin To Net: NetName=NetDigital IO Lower Byte1_8 Pin=U5-51
Added Net: Name=NetDigital IO Lower Byte1_8
Added Pin To Net: NetName=NetFB2_1 Pin=FB2-1
Added Pin To Net: NetName=NetFB2_1 Pin=U5-19
Added Net: Name=NetFB2_1
Added Pin To Net: NetName=NetFB7_1 Pin=FB7-1
Added Pin To Net: NetName=NetFB7_1 Pin=J3-6
Added Pin To Net: NetName=NetFB7_1 Pin=J3-7
Added Net: Name=NetFB7_1
Added Pin To Net: NetName=NetFB8_1 Pin=FB8-1
Added Pin To Net: NetName=NetFB8_1 Pin=J3-8
Added Pin To Net: NetName=NetFB8_1 Pin=J3-9
Added Net: Name=NetFB8_1
Added Pin To Net: NetName=NetISP PGM2_4 Pin=ISP PGM2-4
Added Pin To Net: NetName=NetISP PGM2_4 Pin=U5-82
Added Net: Name=NetISP PGM2_4
Added Pin To Net: NetName=NetISP PGM2_5 Pin=ISP PGM2-5
Added Pin To Net: NetName=NetISP PGM2_5 Pin=U5-80
Added Net: Name=NetISP PGM2_5
Added Pin To Net: NetName=NetJ2_2 Pin=J2-2
Added Pin To Net: NetName=NetJ2_2 Pin=R26-1
Added Pin To Net: NetName=NetJ2_2 Pin=U5-20
Added Net: Name=NetJ2_2
Added Pin To Net: NetName=NetJ2_3 Pin=J2-3
Added Pin To Net: NetName=NetJ2_3 Pin=R25-1
Added Pin To Net: NetName=NetJ2_3 Pin=U5-18
Added Net: Name=NetJ2_3
Added Pin To Net: NetName=NetJ2_4 Pin=J2-4
Added Pin To Net: NetName=NetJ2_4 Pin=U5-22
Added Net: Name=NetJ2_4
Added Pin To Net: NetName=NetJ3_2 Pin=J3-2
Added Pin To Net: NetName=NetJ3_2 Pin=R31-1
Added Pin To Net: NetName=NetJ3_2 Pin=U5-90
Added Net: Name=NetJ3_2
Added Pin To Net: NetName=NetJ3_3 Pin=J3-3
Added Pin To Net: NetName=NetJ3_3 Pin=R30-1
Added Pin To Net: NetName=NetJ3_3 Pin=U5-89
Added Net: Name=NetJ3_3
Added Pin To Net: NetName=NetJTAG/DEBUG1_2 Pin=JTAG/DEBUG1-2
Added Pin To Net: NetName=NetJTAG/DEBUG1_2 Pin=U5-30
Added Net: Name=NetJTAG/DEBUG1_2
Added Pin To Net: NetName=NetJTAG/DEBUG1_4 Pin=JTAG/DEBUG1-4
Added Pin To Net: NetName=NetJTAG/DEBUG1_4 Pin=R18-1
Added Pin To Net: NetName=NetJTAG/DEBUG1_4 Pin=U5-27
Added Net: Name=NetJTAG/DEBUG1_4
Added Pin To Net: NetName=NetJTAG/DEBUG1_6 Pin=JTAG/DEBUG1-6
Added Pin To Net: NetName=NetJTAG/DEBUG1_6 Pin=R17-1
Added Pin To Net: NetName=NetJTAG/DEBUG1_6 Pin=U5-31
Added Net: Name=NetJTAG/DEBUG1_6
Added Pin To Net: NetName=NetJTAG/DEBUG1_8 Pin=JTAG/DEBUG1-8
Added Pin To Net: NetName=NetJTAG/DEBUG1_8 Pin=U5-26
Added Net: Name=NetJTAG/DEBUG1_8
Added Pin To Net: NetName=NetR1_1 Pin=R1-1
Added Pin To Net: NetName=NetR1_1 Pin=U4-17
Added Pin To Net: NetName=NetR1_1 Pin=U5-88
Added Net: Name=NetR1_1
Added Pin To Net: NetName=NetR4_2 Pin=R4-2
Added Pin To Net: NetName=NetR4_2 Pin=Stereo Input1-4
Added Net: Name=NetR4_2
Added Pin To Net: NetName=NetR11_2 Pin=R11-2
Added Pin To Net: NetName=NetR11_2 Pin=U5-64
Added Net: Name=NetR11_2
Added Pin To Net: NetName=NetR13_2 Pin=R13-2
Added Pin To Net: NetName=NetR13_2 Pin=R14-2
Added Pin To Net: NetName=NetR13_2 Pin=TRST1-2
Added Net: Name=NetR13_2
Added Pin To Net: NetName=NetR15_1 Pin=R15-1
Added Pin To Net: NetName=NetR15_1 Pin=U5-28
Added Net: Name=NetR15_1
Added Pin To Net: NetName=NetR19_1 Pin=R19-1
Added Pin To Net: NetName=NetR19_1 Pin=U7-8
Added Net: Name=NetR19_1
Added Pin To Net: NetName=NetR20_1 Pin=R20-1
Added Pin To Net: NetName=NetR20_1 Pin=U8-8
Added Net: Name=NetR20_1
Added Pin To Net: NetName=NetR21_1 Pin=R21-1
Added Pin To Net: NetName=NetR21_1 Pin=U9-8
Added Net: Name=NetR21_1
Added Pin To Net: NetName=NetR23_2 Pin=R23-2
Added Pin To Net: NetName=NetR23_2 Pin=U5-83
Added Pin To Net: NetName=NetR23_2 Pin=U10-2
Added Net: Name=NetR23_2
Added Pin To Net: NetName=NetR28_2 Pin=R28-2
Added Pin To Net: NetName=NetR28_2 Pin=U5-72
Added Pin To Net: NetName=NetR28_2 Pin=U11-2
Added Net: Name=NetR28_2
Added Pin To Net: NetName=NetRTCALARM1_1 Pin=RTCALARM1-1
Added Pin To Net: NetName=NetRTCALARM1_1 Pin=U5-129
Added Net: Name=NetRTCALARM1_1
Added Pin To Net: NetName=NetSD1_1 Pin=SD1-1
Added Pin To Net: NetName=NetSD1_1 Pin=U5-55
Added Net: Name=NetSD1_1
Added Pin To Net: NetName=NetSD1_2 Pin=SD1-2
Added Pin To Net: NetName=NetSD1_2 Pin=U5-56
Added Net: Name=NetSD1_2
Added Pin To Net: NetName=NetSD1_3 Pin=SD1-3
Added Pin To Net: NetName=NetSD1_3 Pin=U5-50
Added Net: Name=NetSD1_3
Added Pin To Net: NetName=NetSD1_5 Pin=SD1-5
Added Pin To Net: NetName=NetSD1_5 Pin=U5-45
Added Net: Name=NetSD1_5
Added Pin To Net: NetName=NetSD1_7 Pin=SD1-7
Added Pin To Net: NetName=NetSD1_7 Pin=U5-52
Added Net: Name=NetSD1_7
Added Pin To Net: NetName=NetSD1_8 Pin=SD1-8
Added Pin To Net: NetName=NetSD1_8 Pin=U5-53
Added Net: Name=NetSD1_8
Added Pin To Net: NetName=NetSSP1_1 Pin=SSP1-1
Added Pin To Net: NetName=NetSSP1_1 Pin=SSP1-1
Added Net: Name=NetSSP1_1
Added Pin To Net: NetName=NetSSP1_2 Pin=SSP1-2
Added Net: Name=NetSSP1_2
Added Pin To Net: NetName=NetSSP1_3 Pin=SSP1-3
Added Net: Name=NetSSP1_3
Added Pin To Net: NetName=NetSSP1_5 Pin=SSP1-5
Added Net: Name=NetSSP1_5
Added Pin To Net: NetName=NetStereo Output1_1 Pin=Stereo Output1-1
Added Pin To Net: NetName=NetStereo Output1_1 Pin=U4-19
Added Net: Name=NetStereo Output1_1
Added Pin To Net: NetName=NetStereo Output1_4 Pin=Stereo Output1-4
Added Pin To Net: NetName=NetStereo Output1_4 Pin=U4-18
Added Net: Name=NetStereo Output1_4
Added Pin To Net: NetName=NetU4_4 Pin=U4-4
Added Pin To Net: NetName=NetU4_4 Pin=U5-14
Added Net: Name=NetU4_4
Added Pin To Net: NetName=NetU4_5 Pin=U4-5
Added Pin To Net: NetName=NetU4_5 Pin=U5-118
Added Net: Name=NetU4_5
Added Pin To Net: NetName=NetU4_6 Pin=U4-6
Added Pin To Net: NetName=NetU4_6 Pin=U5-121
Added Net: Name=NetU4_6
Added Pin To Net: NetName=NetU4_7 Pin=U4-7
Added Pin To Net: NetName=NetU4_7 Pin=U5-32
Added Net: Name=NetU4_7
Added Pin To Net: NetName=NetU4_8 Pin=U4-8
Added Pin To Net: NetName=NetU4_8 Pin=U5-112
Added Net: Name=NetU4_8
Added Pin To Net: NetName=NetU4_9 Pin=U4-9
Added Pin To Net: NetName=NetU4_9 Pin=U5-68
Added Net: Name=NetU4_9
Added Pin To Net: NetName=NetU4_10 Pin=U4-10
Added Pin To Net: NetName=NetU4_10 Pin=U5-116
Added Net: Name=NetU4_10
Added Pin To Net: NetName=NetU4_11 Pin=U4-11
Added Pin To Net: NetName=NetU4_11 Pin=U5-114
Added Net: Name=NetU4_11
Added Pin To Net: NetName=NetU4_14 Pin=U4-14
Added Pin To Net: NetName=NetU4_14 Pin=U5-119
Added Net: Name=NetU4_14
Added Pin To Net: NetName=NetU4_15 Pin=U4-15
Added Pin To Net: NetName=NetU4_15 Pin=U5-122
Added Net: Name=NetU4_15
Added Pin To Net: NetName=NetU5_69 Pin=U5-69
Added Pin To Net: NetName=NetU5_69 Pin=U11-1
Added Net: Name=NetU5_69
Added Pin To Net: NetName=NetU5_79 Pin=U5-79
Added Pin To Net: NetName=NetU5_79 Pin=U10-1
Added Net: Name=NetU5_79
Added Pin To Net: NetName=NetU5_130 Pin=U5-130
Added Pin To Net: NetName=NetU5_130 Pin=WAKEUP1-1
Added Net: Name=NetU5_130
Added Member To Class: ClassName=Mako DSP Arduio IO Member=Component Analog Input1 Arduino Leonardo Analog
Added Member To Class: ClassName=Mako DSP Arduio IO Member=Component C1 Cap Semi
Added Member To Class: ClassName=Mako DSP Arduio IO Member=Component C2 Cap Semi
Added Member To Class: ClassName=Mako DSP Arduio IO Member=Component C3 Cap Semi
Added Member To Class: ClassName=Mako DSP Arduio IO Member=Component C4 Cap Semi
Added Member To Class: ClassName=Mako DSP Arduio IO Member=Component C5 Cap Semi
Added Member To Class: ClassName=Mako DSP Arduio IO Member=Component C6 Cap Semi
Added Member To Class: ClassName=Mako DSP Arduio IO Member=Component C7 Cap Semi
Added Member To Class: ClassName=Mako DSP Audio Codec Member=Component C8 Cap Semi
Added Member To Class: ClassName=Mako DSP Audio Codec Member=Component C9 Cap Semi
Added Member To Class: ClassName=Mako DSP Audio Codec Member=Component C10 Cap Semi
Added Member To Class: ClassName=Mako DSP Audio Codec Member=Component C11 Cap Semi
Added Member To Class: ClassName=Mako DSP Audio Codec Member=Component C12 Cap Semi
Added Member To Class: ClassName=Mako DSP Audio Codec Member=Component C13 Cap Semi
Added Member To Class: ClassName=Mako DSP Audio Codec Member=Component C14 Cap Semi
Added Member To Class: ClassName=Mako DSP Audio Codec Member=Component C15 Cap Semi
Added Member To Class: ClassName=Mako DSP Audio Codec Member=Component C16 Cap Semi
Added Member To Class: ClassName=Mako DSP Audio Codec Member=Component C17 Cap Semi
Added Member To Class: ClassName=Mako DSP Audio Codec Member=Component C18 Cap Semi
Added Member To Class: ClassName=Mako DSP Audio Codec Member=Component C19 Cap Semi
Added Member To Class: ClassName=Mako DSP Audio Codec Member=Component C20 Cap Semi
Added Member To Class: ClassName=Mako DSP Audio Codec Member=Component C21 Cap Semi
Added Member To Class: ClassName=Mako DSP Audio Codec Member=Component C22 Cap Semi
Added Member To Class: ClassName=Mako DSP Audio Codec Member=Component C23 Cap Semi
Added Member To Class: ClassName=Mako DSP Main Member=Component C24 Cap Semi
Added Member To Class: ClassName=Mako DSP Main Member=Component C25 Cap Semi
Added Member To Class: ClassName=Mako DSP Main Member=Component C26 Cap Semi
Added Member To Class: ClassName=Mako DSP Main Member=Component C27 Cap Semi
Added Member To Class: ClassName=Mako DSP Main Member=Component C28 Cap Semi
Added Member To Class: ClassName=Mako DSP Main Member=Component C29 Cap Semi
Added Member To Class: ClassName=Mako DSP Main Member=Component C30 Cap Semi
Added Member To Class: ClassName=Mako DSP Main Member=Component C31 Cap Semi
Added Member To Class: ClassName=Mako DSP Main Member=Component C32 Cap Semi
Added Member To Class: ClassName=Mako DSP Main Member=Component C33 Cap Semi
Added Member To Class: ClassName=Mako DSP Main Member=Component C34 Cap Semi
Added Member To Class: ClassName=Mako DSP Main Member=Component C35 Cap Semi
Added Member To Class: ClassName=Mako DSP Main Member=Component C36 Cap Semi
Added Member To Class: ClassName=Mako DSP Main Member=Component C37 Cap Semi
Added Member To Class: ClassName=Mako DSP Main Member=Component C38 Cap Semi
Added Member To Class: ClassName=Mako DSP Main Member=Component C39 Cap Semi
Added Member To Class: ClassName=Mako DSP Main Member=Component C40 Cap Semi
Added Member To Class: ClassName=Mako DSP Main Member=Component C41 Cap Semi
Added Member To Class: ClassName=Mako DSP Main Member=Component C42 Cap Semi
Added Member To Class: ClassName=Mako DSP Main Member=Component C43 Cap Semi
Added Member To Class: ClassName=Mako DSP Main Member=Component C44 Cap Semi
Added Member To Class: ClassName=Mako DSP Main Member=Component C45 Cap Semi
Added Member To Class: ClassName=Mako DSP Main Member=Component C46 Cap Semi
Added Member To Class: ClassName=Mako DSP Main Member=Component C47 Cap Semi
Added Member To Class: ClassName=Mako DSP Main Member=Component C48 Cap Semi
Added Member To Class: ClassName=Mako DSP Main Member=Component C49 Cap Semi
Added Member To Class: ClassName=Mako DSP Main Member=Component C50 Cap Semi
Added Member To Class: ClassName=Mako DSP Power Member=Component C51 Cap Pol1
Added Member To Class: ClassName=Mako DSP Power Member=Component C52 Cap Pol1
Added Member To Class: ClassName=Mako DSP Power Member=Component C53 Cap Semi
Added Member To Class: ClassName=Mako DSP Power Member=Component C54 Cap Semi
Added Member To Class: ClassName=Mako DSP Power Member=Component C55 Cap Semi
Added Member To Class: ClassName=Mako DSP Power Member=Component C56 Cap Semi
Added Member To Class: ClassName=Mako DSP Power Member=Component C57 Cap Semi
Added Member To Class: ClassName=Mako DSP Power Member=Component C58 Cap Semi
Added Member To Class: ClassName=Mako DSP Power Member=Component C59 Cap Semi
Added Member To Class: ClassName=Mako DSP Power Member=Component C60 Cap Semi
Added Member To Class: ClassName=Mako DSP Power Member=Component C61 Cap Semi
Added Member To Class: ClassName=Mako DSP USB Member=Component C62 Cap Semi
Added Member To Class: ClassName=Mako DSP USB Member=Component C63 Cap Semi
Added Member To Class: ClassName=Mako DSP USB Member=Component C64 Cap Semi
Added Member To Class: ClassName=Mako DSP USB Member=Component C65 Cap Semi
Added Member To Class: ClassName=Mako DSP USB Member=Component C66 Cap Semi
Added Member To Class: ClassName=Mako DSP USB Member=Component C67 Cap Semi
Added Member To Class: ClassName=Mako DSP USB Member=Component C68 Cap Semi
Added Member To Class: ClassName=Mako DSP USB Member=Component C69 Cap Semi
Added Member To Class: ClassName=Mako DSP Power Member=Component D2 PMEG4050EP
Added Member To Class: ClassName=Mako DSP Main Member=Component DBGEN1 Header 2
Added Member To Class: ClassName=Mako DSP Arduio IO Member=Component Digital IO Higher Byte1 Arduino Leonardo High Byte
Added Member To Class: ClassName=Mako DSP Arduio IO Member=Component Digital IO Lower Byte1 Arduino Leonardo Low Byte
Added Member To Class: ClassName=Mako DSP Main Member=Component FB1 BLM15HG601SN1D
Added Member To Class: ClassName=Mako DSP Main Member=Component FB2 BLM15HG601SN1D
Added Member To Class: ClassName=Mako DSP Main Member=Component FB3 BLM15HG601SN1D
Added Member To Class: ClassName=Mako DSP Main Member=Component FB4 BLM15HG601SN1D
Added Member To Class: ClassName=Mako DSP USB Member=Component FB5 BLM15HG601SN1D
Added Member To Class: ClassName=Mako DSP USB Member=Component FB6 BLM15HG601SN1D
Added Member To Class: ClassName=Mako DSP USB Member=Component FB7 BLM15HG601SN1D
Added Member To Class: ClassName=Mako DSP USB Member=Component FB8 BLM15HG601SN1D
Added Member To Class: ClassName=Mako DSP Main Member=Component ISP PGM2 Header 6
Added Member To Class: ClassName=Mako DSP USB Member=Component J2 DX4R005J91R5100
Added Member To Class: ClassName=Mako DSP USB Member=Component J3 DX4R005J91R5100
Added Member To Class: ClassName=Mako DSP Main Member=Component JTAG/DEBUG1 S9015E-05-ND
Added Member To Class: ClassName=Mako DSP Power Member=Component L1 Inductor
Added Member To Class: ClassName=Mako DSP Power Member=Component L2 Inductor
Added Member To Class: ClassName=Mako DSP Power Member=Component L3 Inductor
Added Member To Class: ClassName=Mako DSP Arduio IO Member=Component Power & Reset1 Arduino Leonardo Power
Added Member To Class: ClassName=Mako DSP Audio Codec Member=Component R1 Res3
Added Member To Class: ClassName=Mako DSP Audio Codec Member=Component R2 Res3
Added Member To Class: ClassName=Mako DSP Audio Codec Member=Component R3 Res3
Added Member To Class: ClassName=Mako DSP Audio Codec Member=Component R4 Res3
Added Member To Class: ClassName=Mako DSP Audio Codec Member=Component R5 Res3
Added Member To Class: ClassName=Mako DSP Audio Codec Member=Component R6 Res3
Added Member To Class: ClassName=Mako DSP Audio Codec Member=Component R7 Res3
Added Member To Class: ClassName=Mako DSP Main Member=Component R8 Res3
Added Member To Class: ClassName=Mako DSP Main Member=Component R9 Res3
Added Member To Class: ClassName=Mako DSP Main Member=Component R10 res 220
Added Member To Class: ClassName=Mako DSP Main Member=Component R11 res 1k
Added Member To Class: ClassName=Mako DSP Main Member=Component R12 Res3
Added Member To Class: ClassName=Mako DSP Main Member=Component R13 Res3
Added Member To Class: ClassName=Mako DSP Main Member=Component R14 Res3
Added Member To Class: ClassName=Mako DSP Main Member=Component R15 Res3
Added Member To Class: ClassName=Mako DSP Main Member=Component R16 Res3
Added Member To Class: ClassName=Mako DSP Main Member=Component R17 Res3
Added Member To Class: ClassName=Mako DSP Main Member=Component R18 Res3
Added Member To Class: ClassName=Mako DSP Power Member=Component R19 Res3
Added Member To Class: ClassName=Mako DSP Power Member=Component R20 Res3
Added Member To Class: ClassName=Mako DSP Power Member=Component R21 Res3
Added Member To Class: ClassName=Mako DSP USB Member=Component R22 Res3
Added Member To Class: ClassName=Mako DSP USB Member=Component R23 Res3
Added Member To Class: ClassName=Mako DSP USB Member=Component R24 Res3
Added Member To Class: ClassName=Mako DSP USB Member=Component R25 Res3
Added Member To Class: ClassName=Mako DSP USB Member=Component R26 Res3
Added Member To Class: ClassName=Mako DSP USB Member=Component R27 Res3
Added Member To Class: ClassName=Mako DSP USB Member=Component R28 Res3
Added Member To Class: ClassName=Mako DSP USB Member=Component R29 Res3
Added Member To Class: ClassName=Mako DSP USB Member=Component R30 Res3
Added Member To Class: ClassName=Mako DSP USB Member=Component R31 Res3
Added Member To Class: ClassName=Mako DSP Main Member=Component RTCALARM1 Socket
Added Member To Class: ClassName=Mako DSP Main Member=Component SD1 JAE SJ107021
Added Member To Class: ClassName=Mako DSP Arduio IO Member=Component SSP1 Arduino Leonardo ICSP
Added Member To Class: ClassName=Mako DSP Audio Codec Member=Component Stereo Input1 CUI 43515TS
Added Member To Class: ClassName=Mako DSP Audio Codec Member=Component Stereo Output1 CUI 43515TS
Added Member To Class: ClassName=Mako DSP Main Member=Component TRST1 Header 2
Added Member To Class: ClassName=Mako DSP Arduio IO Member=Component U1 BAV70S SOT-363
Added Member To Class: ClassName=Mako DSP Arduio IO Member=Component U2 BAV70S SOT-363
Added Member To Class: ClassName=Mako DSP Arduio IO Member=Component U3 BAV70S SOT-363
Added Member To Class: ClassName=Mako DSP Audio Codec Member=Component U4 WM8778
Added Member To Class: ClassName=Mako DSP Main Member=Component U5 LPC4330FBD144
Added Member To Class: ClassName=Mako DSP Power Member=Component U7 TPS62162SOP
Added Member To Class: ClassName=Mako DSP Power Member=Component U8 TPS62163SOP
Added Member To Class: ClassName=Mako DSP Power Member=Component U9 TPS62162SOP
Added Member To Class: ClassName=Mako DSP USB Member=Component U10 LM3525
Added Member To Class: ClassName=Mako DSP USB Member=Component U11 LM3525
Added Member To Class: ClassName=Mako DSP Main Member=Component WAKEUP1 Socket
Added Member To Class: ClassName=Mako DSP Main Member=Component X1 ABM3B-12.000MHZ-B2-T
Added Member To Class: ClassName=Mako DSP Main Member=Component X2 ABS07-32.768KHZ-T
