Removed Pin From Net: NetName=USB0_VBUS Pin=FB7-2
Removed Pin From Net: NetName=USB0_VBUS Pin=U5-21
Removed Pin From Net: NetName=NetU5_91 Pin=U5-91
Added Component: Designator=C65(C1206)
Added Component: Designator=Q1(SOT23-3N)
Added Component: Designator=R19(J1-0603)
Added Component: Designator=R20(J1-0603)
Added Component: Designator=U8(LM358)
Added Pin To Net: NetName=USB0_VBUS Pin=C65-1
Added Pin To Net: NetName=GND Pin=C65-2
Added Pin To Net: NetName=NetU5_91 Pin=FB7-2
Added Pin To Net: NetName=NetQ1_1 Pin=Q1-1
Added Pin To Net: NetName=USB0_VBUS Pin=Q1-2
Added Pin To Net: NetName=NetU5_91 Pin=Q1-3
Added Pin To Net: NetName=NetR19_1 Pin=R19-1
Added Pin To Net: NetName=VIN Pin=R19-2
Added Pin To Net: NetName=GND Pin=R20-1
Added Pin To Net: NetName=NetR19_1 Pin=R20-2
Added Pin To Net: NetName=NetU5_91 Pin=U5-21
Added Pin To Net: NetName=NetU8_1 Pin=U8-1
Added Pin To Net: NetName=DVDD Pin=U8-2
Added Pin To Net: NetName=NetR19_1 Pin=U8-3
Added Pin To Net: NetName=GND Pin=U8-4
Added Pin To Net: NetName=NetU8_1 Pin=U8-5
Added Pin To Net: NetName=NetQ1_1 Pin=U8-6
Added Pin To Net: NetName=NetQ1_1 Pin=U8-7
Added Pin To Net: NetName=USB0_VBUS Pin=U8-8
Change Net Name : Old Net Name=NetU5_91 New Net Name=USB_VBUS
Change Net Name : Old Net Name=USB0_VBUS New Net Name=5VCC
Added Member To Class: ClassName=Mako DSP Power R1.3 Member=Component C26 Cap Semi
Added Member To Class: ClassName=Mako DSP Power R1.3 Member=Component C50 Cap Semi
Added Member To Class: ClassName=Mako DSP Power R1.3 Member=Component C54 Cap Semi
Added Member To Class: ClassName=Mako DSP Power R1.3 Member=Component C55 Cap Semi
Added Member To Class: ClassName=Mako DSP Power R1.3 Member=Component C65 Cap Semi
Added Member To Class: ClassName=Mako DSP Power R1.3 Member=Component L1 Inductor
Added Member To Class: ClassName=Mako DSP Power R1.3 Member=Component Q1 FDN340P
Added Member To Class: ClassName=Mako DSP Power R1.3 Member=Component R9 Res3
Added Member To Class: ClassName=Mako DSP Power R1.3 Member=Component R10 Res3
Added Member To Class: ClassName=Mako DSP Power R1.3 Member=Component R11 Res3
Added Member To Class: ClassName=Mako DSP Power R1.3 Member=Component R19 Res3
Added Member To Class: ClassName=Mako DSP Power R1.3 Member=Component R20 Res3
Added Member To Class: ClassName=Mako DSP Power R1.3 Member=Component U6 MIC24085
Added Member To Class: ClassName=Mako DSP Power R1.3 Member=Component U8 Ti LM358 SOP
