Removed Pin From Net: NetName=GND Pin=1-2
Removed Pin From Net: NetName=GND Pin=1-3
Removed Pin From Net: NetName=GND Pin=C10-1
Removed Pin From Net: NetName=GND Pin=C11-1
Removed Pin From Net: NetName=GND Pin=Stereo Input1-5
Removed Pin From Net: NetName=GND Pin=Stereo Output1-5
Removed Pin From Net: NetName=GND Pin=U4-27
Added Component: Designator=FB13(BLM18PG121SN1D)
Added Component: Designator=FB14(BLM18PG121SN1D)
Added Component: Designator=FB15(BLM18PG121SN1D)
Added Component: Designator=FB16(SM 0805 - gap trimmed)
Added Pin To Net: NetName=GND Pin=FB13-2
Added Pin To Net: NetName=GND Pin=FB14-2
Added Pin To Net: NetName=GND Pin=FB15-2
Added Pin To Net: NetName=GND Pin=FB16-1
Added Pin To Net: NetName=Net1_2 Pin=1-2
Added Pin To Net: NetName=Net1_2 Pin=1-3
Added Pin To Net: NetName=Net1_2 Pin=FB16-2
Added Net: Name=Net1_2
Added Pin To Net: NetName=NetC10_1 Pin=C10-1
Added Pin To Net: NetName=NetC10_1 Pin=C11-1
Added Pin To Net: NetName=NetC10_1 Pin=FB13-1
Added Pin To Net: NetName=NetC10_1 Pin=U4-27
Added Net: Name=NetC10_1
Added Pin To Net: NetName=NetFB14_1 Pin=FB14-1
Added Pin To Net: NetName=NetFB14_1 Pin=Stereo Input1-5
Added Net: Name=NetFB14_1
Added Pin To Net: NetName=NetFB15_1 Pin=FB15-1
Added Pin To Net: NetName=NetFB15_1 Pin=Stereo Output1-5
Added Net: Name=NetFB15_1
Added Member To Class: ClassName=Mako DSP Audio Codec Member=Component FB13 BLM15HG601SN1D
Added Member To Class: ClassName=Mako DSP Audio Codec Member=Component FB14 BLM15HG601SN1D
Added Member To Class: ClassName=Mako DSP Audio Codec Member=Component FB15 BLM15HG601SN1D
Added Member To Class: ClassName=Mako DSP Power Member=Component FB16 Ferrite
