Removed Pin From Net: NetName=GND Pin=ISP-3
Removed Pin From Net: NetName=NetC59_2 Pin=U1-21
Removed Pin From Net: NetName=NetAnalog Input_1 Pin=U1-136
Removed Pin From Net: NetName=NetAnalog Input_2 Pin=U1-138
Removed Pin From Net: NetName=NetAnalog Input_3 Pin=U1-139
Removed Pin From Net: NetName=NetAnalog Input_4 Pin=U1-142
Removed Pin From Net: NetName=NetAnalog Input_6 Pin=U1-143
Removed Pin From Net: NetName=NetAnalog Input_5 Pin=U1-144
Removed Member From Class: ClassName=Mako DSP Main Member=C1
Removed Member From Class: ClassName=Mako DSP Arduio IO Member=C2
Removed Member From Class: ClassName=Mako DSP Arduio IO Member=C3
Removed Member From Class: ClassName=Mako DSP Arduio IO Member=C4
Removed Member From Class: ClassName=Mako DSP Arduio IO Member=C5
Removed Member From Class: ClassName=Mako DSP Arduio IO Member=C6
Removed Member From Class: ClassName=Mako DSP Arduio IO Member=C7
Removed Member From Class: ClassName=Mako DSP Audio Codec Member=C9
Removed Member From Class: ClassName=Mako DSP Audio Codec Member=C10
Removed Member From Class: ClassName=Mako DSP Audio Codec Member=C11
Removed Member From Class: ClassName=Mako DSP Audio Codec Member=C12
Removed Member From Class: ClassName=Mako DSP Audio Codec Member=C13
Removed Member From Class: ClassName=Mako DSP Audio Codec Member=C14
Removed Member From Class: ClassName=Mako DSP Audio Codec Member=C15
Removed Member From Class: ClassName=Mako DSP Audio Codec Member=C16
Removed Member From Class: ClassName=Mako DSP Audio Codec Member=C17
Removed Member From Class: ClassName=Mako DSP Audio Codec Member=C18
Removed Member From Class: ClassName=Mako DSP Audio Codec Member=C19
Removed Member From Class: ClassName=Mako DSP Audio Codec Member=C20
Removed Member From Class: ClassName=Mako DSP Audio Codec Member=C21
Removed Member From Class: ClassName=Mako DSP Audio Codec Member=C22
Removed Member From Class: ClassName=Mako DSP Audio Codec Member=C23
Removed Member From Class: ClassName=Mako DSP Main Member=C25
Removed Member From Class: ClassName=Mako DSP Main Member=C26
Removed Member From Class: ClassName=Mako DSP Main Member=C27
Removed Member From Class: ClassName=Mako DSP Main Member=C28
Removed Member From Class: ClassName=Mako DSP Main Member=C29
Removed Member From Class: ClassName=Mako DSP Main Member=C30
Removed Member From Class: ClassName=Mako DSP Main Member=C31
Removed Member From Class: ClassName=Mako DSP Main Member=C32
Removed Member From Class: ClassName=Mako DSP Main Member=C33
Removed Member From Class: ClassName=Mako DSP Main Member=C34
Removed Member From Class: ClassName=Mako DSP Main Member=C35
Removed Member From Class: ClassName=Mako DSP Main Member=C36
Removed Member From Class: ClassName=Mako DSP Main Member=C37
Removed Member From Class: ClassName=Mako DSP Main Member=C38
Removed Member From Class: ClassName=Mako DSP Main Member=C39
Removed Member From Class: ClassName=Mako DSP Main Member=C40
Removed Member From Class: ClassName=Mako DSP Main Member=C41
Removed Member From Class: ClassName=Mako DSP Main Member=C42
Removed Member From Class: ClassName=Mako DSP Main Member=C43
Removed Member From Class: ClassName=Mako DSP Main Member=C44
Removed Member From Class: ClassName=Mako DSP Power Member=C45
Removed Member From Class: ClassName=Mako DSP Power Member=C46
Removed Member From Class: ClassName=Mako DSP Power Member=C47
Removed Member From Class: ClassName=Mako DSP Main Member=C48
Removed Member From Class: ClassName=Mako DSP Main Member=C49
Removed Member From Class: ClassName=Mako DSP Power Member=C50
Removed Member From Class: ClassName=Mako DSP Power Member=C52
Removed Member From Class: ClassName=Mako DSP Power Member=C53
Removed Member From Class: ClassName=Mako DSP Power Member=C54
Removed Member From Class: ClassName=Mako DSP Power Member=C55
Removed Member From Class: ClassName=Mako DSP Power Member=C56
Removed Member From Class: ClassName=Mako DSP Power Member=C57
Removed Member From Class: ClassName=Mako DSP USB Member=C58
Removed Member From Class: ClassName=Mako DSP USB Member=C59
Removed Member From Class: ClassName=Mako DSP USB Member=C60
Removed Member From Class: ClassName=Mako DSP USB Member=C61
Removed Member From Class: ClassName=Mako DSP Main Member=C64
Removed Member From Class: ClassName=Mako DSP Main Member=C65
Removed Member From Class: ClassName=Mako DSP Main Member=C73
Removed Member From Class: ClassName=Mako DSP Main Member=FB1
Removed Member From Class: ClassName=Mako DSP Main Member=FB2
Removed Member From Class: ClassName=Mako DSP Main Member=FB3
Removed Member From Class: ClassName=Mako DSP USB Member=FB5
Removed Member From Class: ClassName=Mako DSP USB Member=FB6
Removed Member From Class: ClassName=Mako DSP Main Member=ISP
Removed Member From Class: ClassName=Mako DSP USB Member=J1
Removed Member From Class: ClassName=Mako DSP Power Member=L2
Removed Member From Class: ClassName=Mako DSP Power Member=L3
Removed Member From Class: ClassName=Mako DSP Main Member=R1
Removed Member From Class: ClassName=Mako DSP Audio Codec Member=R2
Removed Member From Class: ClassName=Mako DSP Audio Codec Member=R4
Removed Member From Class: ClassName=Mako DSP Audio Codec Member=R5
Removed Member From Class: ClassName=Mako DSP Audio Codec Member=R6
Removed Member From Class: ClassName=Mako DSP Audio Codec Member=R7
Removed Member From Class: ClassName=Mako DSP Audio Codec Member=R8
Removed Member From Class: ClassName=Mako DSP Main Member=R9
Removed Member From Class: ClassName=Mako DSP Main Member=R10
Removed Member From Class: ClassName=Mako DSP Main Member=R11
Removed Member From Class: ClassName=Mako DSP Power Member=R13
Removed Member From Class: ClassName=Mako DSP Power Member=R14
Removed Member From Class: ClassName=Mako DSP USB Member=R15
Removed Member From Class: ClassName=Mako DSP USB Member=R16
Removed Member From Class: ClassName=Mako DSP USB Member=R17
Removed Member From Class: ClassName=Mako DSP USB Member=R18
Removed Member From Class: ClassName=Mako DSP USB Member=R19
Removed Member From Class: ClassName=Mako DSP Main Member=R55
Removed Member From Class: ClassName=Mako DSP Main Member=R56
Removed Member From Class: ClassName=Mako DSP Main Member=R57
Removed Member From Class: ClassName=Mako DSP Main Member=R58
Removed Member From Class: ClassName=Mako DSP Arduio IO Member=U2
Removed Member From Class: ClassName=Mako DSP Arduio IO Member=U3
Removed Member From Class: ClassName=Mako DSP Power Member=U7
Removed Member From Class: ClassName=Mako DSP Power Member=U8
Removed Member From Class: ClassName=Mako DSP USB Member=U9
Removed Member From Class: ClassName=Mako DSP Main Member=X1
Change Component Designator: OldDesignator=Analog Input NewDesignator=Analog Input?
Change Component Designator: OldDesignator=C1 NewDesignator=C?
Change Component Designator: OldDesignator=C1 NewDesignator=C?
Change Component Designator: OldDesignator=C2 NewDesignator=C?
Change Component Designator: OldDesignator=C3 NewDesignator=C?
Change Component Designator: OldDesignator=C4 NewDesignator=C?
Change Component Designator: OldDesignator=C5 NewDesignator=C?
Change Component Designator: OldDesignator=C6 NewDesignator=C?
Change Component Designator: OldDesignator=C7 NewDesignator=C?
Change Component Designator: OldDesignator=C8 NewDesignator=C?
Change Component Designator: OldDesignator=C9 NewDesignator=C?
Change Component Designator: OldDesignator=C10 NewDesignator=C?
Change Component Designator: OldDesignator=C11 NewDesignator=C?
Change Component Designator: OldDesignator=C12 NewDesignator=C?
Change Component Designator: OldDesignator=C13 NewDesignator=C?
Change Component Designator: OldDesignator=C14 NewDesignator=C?
Change Component Designator: OldDesignator=C15 NewDesignator=C?
Change Component Designator: OldDesignator=C16 NewDesignator=C?
Change Component Designator: OldDesignator=C17 NewDesignator=C?
Change Component Designator: OldDesignator=C18 NewDesignator=C?
Change Component Designator: OldDesignator=C19 NewDesignator=C?
Change Component Designator: OldDesignator=C20 NewDesignator=C?
Change Component Designator: OldDesignator=C21 NewDesignator=C?
Change Component Designator: OldDesignator=C22 NewDesignator=C?
Change Component Designator: OldDesignator=C23 NewDesignator=C?
Change Component Designator: OldDesignator=C24 NewDesignator=C?
Change Component Designator: OldDesignator=C25 NewDesignator=C?
Change Component Designator: OldDesignator=C26 NewDesignator=C?
Change Component Designator: OldDesignator=C27 NewDesignator=C?
Change Component Designator: OldDesignator=C28 NewDesignator=C?
Change Component Designator: OldDesignator=C29 NewDesignator=C?
Change Component Designator: OldDesignator=C30 NewDesignator=C?
Change Component Designator: OldDesignator=C31 NewDesignator=C?
Change Component Designator: OldDesignator=C32 NewDesignator=C?
Change Component Designator: OldDesignator=C33 NewDesignator=C?
Change Component Designator: OldDesignator=C34 NewDesignator=C?
Change Component Designator: OldDesignator=C35 NewDesignator=C?
Change Component Designator: OldDesignator=C36 NewDesignator=C?
Change Component Designator: OldDesignator=C37 NewDesignator=C?
Change Component Designator: OldDesignator=C38 NewDesignator=C?
Change Component Designator: OldDesignator=C39 NewDesignator=C?
Change Component Designator: OldDesignator=C40 NewDesignator=C?
Change Component Designator: OldDesignator=C41 NewDesignator=C?
Change Component Designator: OldDesignator=C42 NewDesignator=C?
Change Component Designator: OldDesignator=C43 NewDesignator=C?
Change Component Designator: OldDesignator=C44 NewDesignator=C?
Change Component Designator: OldDesignator=C45 NewDesignator=C?
Change Component Designator: OldDesignator=C46 NewDesignator=C?
Change Component Designator: OldDesignator=C47 NewDesignator=C?
Change Component Designator: OldDesignator=C48 NewDesignator=C?
Change Component Designator: OldDesignator=C49 NewDesignator=C?
Change Component Designator: OldDesignator=C50 NewDesignator=C?
Change Component Designator: OldDesignator=C51 NewDesignator=C?
Change Component Designator: OldDesignator=C52 NewDesignator=C?
Change Component Designator: OldDesignator=C53 NewDesignator=C?
Change Component Designator: OldDesignator=C54 NewDesignator=C?
Change Component Designator: OldDesignator=C55 NewDesignator=C?
Change Component Designator: OldDesignator=C56 NewDesignator=C?
Change Component Designator: OldDesignator=C57 NewDesignator=C?
Change Component Designator: OldDesignator=C58 NewDesignator=C?
Change Component Designator: OldDesignator=C59 NewDesignator=C?
Change Component Designator: OldDesignator=C60 NewDesignator=C?
Change Component Designator: OldDesignator=C61 NewDesignator=C?
Change Component Designator: OldDesignator=C64 NewDesignator=C?
Change Component Designator: OldDesignator=C65 NewDesignator=C?
Change Component Designator: OldDesignator=C73 NewDesignator=C?
Change Component Designator: OldDesignator=D1 NewDesignator=D?
Change Component Designator: OldDesignator=DBGEN NewDesignator=DBGEN?
Change Component Designator: OldDesignator=Digital IO Higher Byte NewDesignator=Digital IO Higher Byte?
Change Component Designator: OldDesignator=Digital IO Lower Byte NewDesignator=Digital IO Lower Byte?
Change Component Designator: OldDesignator=FB1 NewDesignator=FB?
Change Component Designator: OldDesignator=FB2 NewDesignator=FB?
Change Component Designator: OldDesignator=FB3 NewDesignator=FB?
Change Component Designator: OldDesignator=FB4 NewDesignator=FB?
Change Component Designator: OldDesignator=FB5 NewDesignator=FB?
Change Component Designator: OldDesignator=FB6 NewDesignator=FB?
Change Component Designator: OldDesignator=J1 NewDesignator=J?
Change Component Designator: OldDesignator=JTAG/DEBUG NewDesignator=JTAG/DEBUG?
Change Component Designator: OldDesignator=L1 NewDesignator=L?
Change Component Designator: OldDesignator=L2 NewDesignator=L?
Change Component Designator: OldDesignator=L3 NewDesignator=L?
Change Component Designator: OldDesignator=Power & Reset NewDesignator=Power & Reset?
Change Component Designator: OldDesignator=R1 NewDesignator=R?
Change Component Designator: OldDesignator=R1 NewDesignator=R?
Change Component Designator: OldDesignator=R2 NewDesignator=R?
Change Component Designator: OldDesignator=R3 NewDesignator=R?
Change Component Designator: OldDesignator=R4 NewDesignator=R?
Change Component Designator: OldDesignator=R5 NewDesignator=R?
Change Component Designator: OldDesignator=R6 NewDesignator=R?
Change Component Designator: OldDesignator=R7 NewDesignator=R?
Change Component Designator: OldDesignator=R8 NewDesignator=R?
Change Component Designator: OldDesignator=R9 NewDesignator=R?
Change Component Designator: OldDesignator=R10 NewDesignator=R?
Change Component Designator: OldDesignator=R11 NewDesignator=R?
Change Component Designator: OldDesignator=R12 NewDesignator=R?
Change Component Designator: OldDesignator=R13 NewDesignator=R?
Change Component Designator: OldDesignator=R14 NewDesignator=R?
Change Component Designator: OldDesignator=R15 NewDesignator=R?
Change Component Designator: OldDesignator=R16 NewDesignator=R?
Change Component Designator: OldDesignator=R17 NewDesignator=R?
Change Component Designator: OldDesignator=R18 NewDesignator=R?
Change Component Designator: OldDesignator=R19 NewDesignator=R?
Change Component Designator: OldDesignator=R55 NewDesignator=R?
Change Component Designator: OldDesignator=R56 NewDesignator=R?
Change Component Designator: OldDesignator=R57 NewDesignator=R?
Change Component Designator: OldDesignator=R58 NewDesignator=R?
Change Component Designator: OldDesignator=RTCALARM NewDesignator=RTCALARM?
Change Component Designator: OldDesignator=SSP0/SPI NewDesignator=SSP?
Change Component Designator: OldDesignator=Stereo Input NewDesignator=Stereo Input?
Change Component Designator: OldDesignator=Stereo Output NewDesignator=Stereo Output?
Change Component Designator: OldDesignator=TRST NewDesignator=TRST?
Change Component Designator: OldDesignator=U1 NewDesignator=U?
Change Component Designator: OldDesignator=U2 NewDesignator=U?
Change Component Designator: OldDesignator=U3 NewDesignator=U?
Change Component Designator: OldDesignator=U4 NewDesignator=U?
Change Component Designator: OldDesignator=U5 NewDesignator=U?
Change Component Designator: OldDesignator=U6 NewDesignator=U?
Change Component Designator: OldDesignator=U7 NewDesignator=U?
Change Component Designator: OldDesignator=U8 NewDesignator=U?
Change Component Designator: OldDesignator=U9 NewDesignator=U?
Change Component Designator: OldDesignator=WAKEUP0 NewDesignator=WAKEUP?
Change Component Designator: OldDesignator=X1 NewDesignator=X?
Change Component Designator: OldDesignator=X3 NewDesignator=X?
Added Component: Designator=C?(1608[0603])
Added Component: Designator=C?(1608[0603])
Added Component: Designator=C?(1608[0603])
Added Component: Designator=C?(1608[0603])
Added Component: Designator=FB?(BLM18PG121SN1D)
Added Component: Designator=FB?(BLM18PG121SN1D)
Added Component: Designator=ISP PGM?(HDR1X6)
Added Component: Designator=J?(Micro USB Circular Holes Only)
Added Component: Designator=R40(SM 0805 - gap trimmed)
Added Component: Designator=R?(J1-0603)
Added Component: Designator=R?(J1-0603)
Added Component: Designator=R?(J1-0603)
Added Component: Designator=R?(J1-0603)
Added Component: Designator=R?(J1-0603)
Added Component: Designator=R?(SM 0603)
Added Component: Designator=SD?(JAE SJ107021)
Added Component: Designator=U?(LM3525)
Added Component: Designator=U?(SOT486-1_V)
Added Component: Designator=U?(SOT486-1_V)
Added Component: Designator=U?(SOT486-1_V)
Added Component: Designator=U?(SOT486-1_V)
Added Pin To Net: NetName=GND Pin=C?-1
Added Pin To Net: NetName=GND Pin=C?-1
Added Pin To Net: NetName=GND Pin=C?-1
Added Pin To Net: NetName=GND Pin=C?-1
Added Pin To Net: NetName=GND Pin=C?-1
Added Pin To Net: NetName=5VCC Pin=C?-2
Added Pin To Net: NetName=GND Pin=FB?-2
Added Pin To Net: NetName=GND Pin=FB?-2
Added Pin To Net: NetName=GND Pin=ISP PGM?-1
Added Pin To Net: NetName=GND Pin=ISP PGM?-2
Added Pin To Net: NetName=DVDD Pin=ISP PGM?-3
Added Pin To Net: NetName=GND Pin=J?-5
Added Pin To Net: NetName=5VCC Pin=R?-1
Added Pin To Net: NetName=DVDD Pin=R?-1
Added Pin To Net: NetName=DVDD Pin=R?-2
Added Pin To Net: NetName=GND Pin=R?-2
Added Pin To Net: NetName=GND Pin=R?-2
Added Pin To Net: NetName=GND Pin=R?-2
Added Pin To Net: NetName=DVDD Pin=SD?-4
Added Pin To Net: NetName=GND Pin=SD?-6
Added Pin To Net: NetName=GND Pin=SD?-9
Added Pin To Net: NetName=GND Pin=SD?-10
Added Pin To Net: NetName=GND Pin=SD?-11
Added Pin To Net: NetName=GND Pin=SD?-12
Added Pin To Net: NetName=GND Pin=U?-3
Added Pin To Net: NetName=GND Pin=U?-5
Added Pin To Net: NetName=5VCC Pin=U?-7
Added Pin To Net: NetName=DVDD Pin=U?-8
Added Pin To Net: NetName=NetC59_2 Pin=U?-21
Added Pin To Net: NetName=NetAnalog Input_1 Pin=U?-136
Added Pin To Net: NetName=NetAnalog Input_2 Pin=U?-138
Added Pin To Net: NetName=NetAnalog Input_3 Pin=U?-139
Added Pin To Net: NetName=NetAnalog Input_4 Pin=U?-142
Added Pin To Net: NetName=NetAnalog Input_6 Pin=U?-143
Added Pin To Net: NetName=NetAnalog Input_5 Pin=U?-144
Change Net Name : Old Net Name=NetAnalog Input_1 New Net Name=NetAnalog Input?_1
Change Net Name : Old Net Name=NetAnalog Input_2 New Net Name=NetAnalog Input?_2
Change Net Name : Old Net Name=NetAnalog Input_3 New Net Name=NetAnalog Input?_3
Change Net Name : Old Net Name=NetAnalog Input_4 New Net Name=NetAnalog Input?_4
Change Net Name : Old Net Name=NetAnalog Input_5 New Net Name=NetAnalog Input?_5
Change Net Name : Old Net Name=NetAnalog Input_6 New Net Name=NetAnalog Input?_6
Change Net Name : Old Net Name=NetC13_2 New Net Name=NetC?_2
Change Net Name : Old Net Name=NetC15_2 New Net Name=NetC?_2
Change Net Name : Old Net Name=NetC17_2 New Net Name=NetC?_2
Change Net Name : Old Net Name=NetC19_2 New Net Name=NetC?_2
Change Net Name : Old Net Name=NetC21_1 New Net Name=NetC?_1
Change Net Name : Old Net Name=NetC21_2 New Net Name=NetC?_2
Change Net Name : Old Net Name=NetC23_1 New Net Name=NetC?_1
Change Net Name : Old Net Name=NetC23_2 New Net Name=NetC?_2
Change Net Name : Old Net Name=NetC27_1 New Net Name=NetC?_1
Change Net Name : Old Net Name=NetC59_2 New Net Name=NetC?_2
Change Net Name : Old Net Name=NetC61_2 New Net Name=NetC?_2
Change Net Name : Old Net Name=NetDBGEN_2 New Net Name=NetDBGEN?_2
Change Net Name : Old Net Name=NetFB1_1 New Net Name=NetFB?_1
Change Net Name : Old Net Name=NetFB4_1 New Net Name=NetFB?_1
Change Net Name : Old Net Name=NetFB5_1 New Net Name=NetFB?_1
Change Net Name : Old Net Name=NetFB6_1 New Net Name=NetFB?_1
Change Net Name : Old Net Name=NetL1_1 New Net Name=NetL?_1
Change Net Name : Old Net Name=NetL2_1 New Net Name=NetL?_1
Change Net Name : Old Net Name=NetL3_1 New Net Name=NetL?_1
Change Net Name : Old Net Name=NetR5_2 New Net Name=NetR?_2
Change Net Name : Old Net Name=NetR6_2 New Net Name=NetR?_2
Change Net Name : Old Net Name=NetR7_2 New Net Name=NetR?_2
Change Net Name : Old Net Name=NetR8_2 New Net Name=NetR?_2
Change Net Name : Old Net Name=NetR12_1 New Net Name=NetR?_1
Change Net Name : Old Net Name=NetR13_1 New Net Name=NetR?_1
Change Net Name : Old Net Name=NetR14_1 New Net Name=NetR?_1
Change Net Name : Old Net Name=NetR57_2 New Net Name=NetR?_2
Change Net Name : Old Net Name=NetSSP0/SPI_1 New Net Name=NetSSP?_1
Change Net Name : Old Net Name=NetSSP0/SPI_2 New Net Name=NetSSP?_2
Change Net Name : Old Net Name=NetSSP0/SPI_3 New Net Name=NetSSP?_3
Change Net Name : Old Net Name=NetSSP0/SPI_5 New Net Name=NetSSP?_5
Change Net Name : Old Net Name=NetStereo Output_1 New Net Name=NetStereo Output?_1
Change Net Name : Old Net Name=NetStereo Output_4 New Net Name=NetStereo Output?_4
Added Pin To Net: NetName=Net?_1 Pin=D?-1
Added Net: Name=Net?_1
Added Pin To Net: NetName=NetD?_1 Pin=D?-1
Added Pin To Net: NetName=NetD?_1 Pin=J?-5
Added Pin To Net: NetName=NetD?_1 Pin=U?-3
Added Net: Name=NetD?_1
Added Pin To Net: NetName=NetD?_2 Pin=D?-2
Added Pin To Net: NetName=NetD?_2 Pin=R40-1
Added Pin To Net: NetName=NetD?_2 Pin=U?-2
Added Net: Name=NetD?_2
Added Pin To Net: NetName=NetDigital IO Higher Byte?_1 Pin=Digital IO Higher Byte?-1
Added Pin To Net: NetName=NetDigital IO Higher Byte?_1 Pin=U?-92
Added Net: Name=NetDigital IO Higher Byte?_1
Added Pin To Net: NetName=NetDigital IO Higher Byte?_2 Pin=Digital IO Higher Byte?-2
Added Pin To Net: NetName=NetDigital IO Higher Byte?_2 Pin=U?-93
Added Net: Name=NetDigital IO Higher Byte?_2
Added Pin To Net: NetName=NetDigital IO Higher Byte?_5 Pin=Digital IO Higher Byte?-5
Added Pin To Net: NetName=NetDigital IO Higher Byte?_5 Pin=U?-3
Added Net: Name=NetDigital IO Higher Byte?_5
Added Pin To Net: NetName=NetDigital IO Higher Byte?_6 Pin=Digital IO Higher Byte?-6
Added Pin To Net: NetName=NetDigital IO Higher Byte?_6 Pin=U?-8
Added Net: Name=NetDigital IO Higher Byte?_6
Added Pin To Net: NetName=NetDigital IO Higher Byte?_7 Pin=Digital IO Higher Byte?-7
Added Pin To Net: NetName=NetDigital IO Higher Byte?_7 Pin=U?-9
Added Net: Name=NetDigital IO Higher Byte?_7
Added Pin To Net: NetName=NetDigital IO Higher Byte?_8 Pin=Digital IO Higher Byte?-8
Added Pin To Net: NetName=NetDigital IO Higher Byte?_8 Pin=U?-7
Added Net: Name=NetDigital IO Higher Byte?_8
Added Pin To Net: NetName=NetDigital IO Higher Byte?_9 Pin=Digital IO Higher Byte?-9
Added Pin To Net: NetName=NetDigital IO Higher Byte?_9 Pin=U?-10
Added Net: Name=NetDigital IO Higher Byte?_9
Added Pin To Net: NetName=NetDigital IO Higher Byte?_10 Pin=Digital IO Higher Byte?-10
Added Pin To Net: NetName=NetDigital IO Higher Byte?_10 Pin=U?-11
Added Net: Name=NetDigital IO Higher Byte?_10
Added Pin To Net: NetName=NetDigital IO Lower Byte?_1 Pin=Digital IO Lower Byte?-1
Added Pin To Net: NetName=NetDigital IO Lower Byte?_1 Pin=U?-42
Added Net: Name=NetDigital IO Lower Byte?_1
Added Pin To Net: NetName=NetDigital IO Lower Byte?_2 Pin=Digital IO Lower Byte?-2
Added Pin To Net: NetName=NetDigital IO Lower Byte?_2 Pin=U?-43
Added Net: Name=NetDigital IO Lower Byte?_2
Added Pin To Net: NetName=NetDigital IO Lower Byte?_3 Pin=Digital IO Lower Byte?-3
Added Pin To Net: NetName=NetDigital IO Lower Byte?_3 Pin=U?-44
Added Net: Name=NetDigital IO Lower Byte?_3
Added Pin To Net: NetName=NetDigital IO Lower Byte?_4 Pin=Digital IO Lower Byte?-4
Added Pin To Net: NetName=NetDigital IO Lower Byte?_4 Pin=U?-46
Added Net: Name=NetDigital IO Lower Byte?_4
Added Pin To Net: NetName=NetDigital IO Lower Byte?_5 Pin=Digital IO Lower Byte?-5
Added Pin To Net: NetName=NetDigital IO Lower Byte?_5 Pin=U?-47
Added Net: Name=NetDigital IO Lower Byte?_5
Added Pin To Net: NetName=NetDigital IO Lower Byte?_6 Pin=Digital IO Lower Byte?-6
Added Pin To Net: NetName=NetDigital IO Lower Byte?_6 Pin=U?-48
Added Net: Name=NetDigital IO Lower Byte?_6
Added Pin To Net: NetName=NetDigital IO Lower Byte?_7 Pin=Digital IO Lower Byte?-7
Added Pin To Net: NetName=NetDigital IO Lower Byte?_7 Pin=U?-49
Added Net: Name=NetDigital IO Lower Byte?_7
Added Pin To Net: NetName=NetDigital IO Lower Byte?_8 Pin=Digital IO Lower Byte?-8
Added Pin To Net: NetName=NetDigital IO Lower Byte?_8 Pin=U?-50
Added Net: Name=NetDigital IO Lower Byte?_8
Added Pin To Net: NetName=NetISP PGM?_4 Pin=ISP PGM?-4
Added Pin To Net: NetName=NetISP PGM?_4 Pin=U?-82
Added Net: Name=NetISP PGM?_4
Added Pin To Net: NetName=NetISP PGM?_5 Pin=ISP PGM?-5
Added Pin To Net: NetName=NetISP PGM?_5 Pin=U?-80
Added Net: Name=NetISP PGM?_5
Added Pin To Net: NetName=NetJ?_2 Pin=J?-2
Added Pin To Net: NetName=NetJ?_2 Pin=R?-1
Added Pin To Net: NetName=NetJ?_2 Pin=U?-20
Added Net: Name=NetJ?_2
Added Pin To Net: NetName=NetJ?_3 Pin=J?-3
Added Pin To Net: NetName=NetJ?_3 Pin=R?-1
Added Pin To Net: NetName=NetJ?_3 Pin=U?-18
Added Net: Name=NetJ?_3
Added Pin To Net: NetName=NetJ?_4 Pin=J?-4
Added Pin To Net: NetName=NetJ?_4 Pin=R40-2
Added Net: Name=NetJ?_4
Added Pin To Net: NetName=NetJTAG/DEBUG?_2 Pin=JTAG/DEBUG?-2
Added Pin To Net: NetName=NetJTAG/DEBUG?_2 Pin=U?-30
Added Net: Name=NetJTAG/DEBUG?_2
Added Pin To Net: NetName=NetJTAG/DEBUG?_4 Pin=JTAG/DEBUG?-4
Added Pin To Net: NetName=NetJTAG/DEBUG?_4 Pin=R?-1
Added Pin To Net: NetName=NetJTAG/DEBUG?_4 Pin=U?-27
Added Net: Name=NetJTAG/DEBUG?_4
Added Pin To Net: NetName=NetJTAG/DEBUG?_6 Pin=JTAG/DEBUG?-6
Added Pin To Net: NetName=NetJTAG/DEBUG?_6 Pin=R?-1
Added Pin To Net: NetName=NetJTAG/DEBUG?_6 Pin=U?-31
Added Net: Name=NetJTAG/DEBUG?_6
Added Pin To Net: NetName=NetJTAG/DEBUG?_8 Pin=JTAG/DEBUG?-8
Added Pin To Net: NetName=NetJTAG/DEBUG?_8 Pin=U?-26
Added Net: Name=NetJTAG/DEBUG?_8
Added Pin To Net: NetName=NetRTCALARM?_1 Pin=RTCALARM?-1
Added Pin To Net: NetName=NetRTCALARM?_1 Pin=U?-129
Added Net: Name=NetRTCALARM?_1
Added Pin To Net: NetName=NetU?_1 Pin=U?-1
Added Pin To Net: NetName=NetU?_1 Pin=U?-69
Added Net: Name=NetU?_1
Added Pin To Net: NetName=NetU?_4 Pin=U?-4
Added Pin To Net: NetName=NetU?_4 Pin=U?-14
Added Net: Name=NetU?_4
Added Pin To Net: NetName=NetU?_5 Pin=U?-5
Added Pin To Net: NetName=NetU?_5 Pin=U?-118
Added Net: Name=NetU?_5
Added Pin To Net: NetName=NetU?_6 Pin=U?-6
Added Pin To Net: NetName=NetU?_6 Pin=U?-121
Added Net: Name=NetU?_6
Added Pin To Net: NetName=NetU?_7 Pin=U?-7
Added Pin To Net: NetName=NetU?_7 Pin=U?-32
Added Net: Name=NetU?_7
Added Pin To Net: NetName=NetU?_8 Pin=U?-8
Added Pin To Net: NetName=NetU?_8 Pin=U?-112
Added Net: Name=NetU?_8
Added Pin To Net: NetName=NetU?_9 Pin=U?-9
Added Pin To Net: NetName=NetU?_9 Pin=U?-68
Added Net: Name=NetU?_9
Added Pin To Net: NetName=NetU?_10 Pin=U?-10
Added Pin To Net: NetName=NetU?_10 Pin=U?-116
Added Net: Name=NetU?_10
Added Pin To Net: NetName=NetU?_11 Pin=U?-11
Added Pin To Net: NetName=NetU?_11 Pin=U?-114
Added Net: Name=NetU?_11
Added Pin To Net: NetName=NetU?_14 Pin=U?-14
Added Pin To Net: NetName=NetU?_14 Pin=U?-119
Added Net: Name=NetU?_14
Added Pin To Net: NetName=NetU?_15 Pin=U?-15
Added Pin To Net: NetName=NetU?_15 Pin=U?-122
Added Net: Name=NetU?_15
Added Pin To Net: NetName=NetU?_130 Pin=U?-130
Added Pin To Net: NetName=NetU?_130 Pin=WAKEUP?-1
Added Net: Name=NetU?_130
Added Differential Pair: Name=NetJ?_2
Added Differential Pair: Name=NetJ?_3
Added Member To Class: ClassName=Mako DSP Main Member=Component C? Cap Semi
Added Member To Class: ClassName=Mako DSP USB Member=Component C? Cap Semi
Added Member To Class: ClassName=Mako DSP Main Member=Component D? Diode
Added Member To Class: ClassName=Mako DSP USB Member=Component FB? BLM15HG601SN1D
Added Member To Class: ClassName=Mako DSP Main Member=Component ISP PGM? Header 6
Added Member To Class: ClassName=Mako DSP Main Member=Component J? 5 Pin DIN jack
Added Member To Class: ClassName=Mako DSP USB Member=Component J? DX4R005J91R5100
Added Member To Class: ClassName=Mako DSP Main Member=Component R40 res 220
Added Member To Class: ClassName=Mako DSP Main Member=Component R? res 1k
Added Member To Class: ClassName=Mako DSP USB Member=Component R? Res3
Added Member To Class: ClassName=Mako DSP Main Member=Component SD? JAE SJ107021
Added Member To Class: ClassName=Mako DSP USB Member=Component U? LM3525
