Added Component: Designator=Analog Input(Arduino Leonardo Analog)
Added Component: Designator=C1(CAPC1608L)
Added Component: Designator=C1(CAPC1608L)
Added Component: Designator=C2(1608[0603])
Added Component: Designator=C3(1608[0603])
Added Component: Designator=C4(1608[0603])
Added Component: Designator=C5(1608[0603])
Added Component: Designator=C6(1608[0603])
Added Component: Designator=C7(1608[0603])
Added Component: Designator=C8(1608[0603])
Added Component: Designator=C9(1608[0603])
Added Component: Designator=C10(1608[0603])
Added Component: Designator=C11(1608[0603])
Added Component: Designator=C12(1608[0603])
Added Component: Designator=C13(1608[0603])
Added Component: Designator=C14(1608[0603])
Added Component: Designator=C15(1608[0603])
Added Component: Designator=C16(1608[0603])
Added Component: Designator=C17(1608[0603])
Added Component: Designator=C18(1608[0603])
Added Component: Designator=C19(1608[0603])
Added Component: Designator=C20(1608[0603])
Added Component: Designator=C21(Panasonic VS D)
Added Component: Designator=C22(SM 0805 - gap trimmed)
Added Component: Designator=C23(Panasonic VS D)
Added Component: Designator=C24(SM 0805 - gap trimmed)
Added Component: Designator=C25(1608[0603])
Added Component: Designator=C26(1608[0603])
Added Component: Designator=C27(Panasonic VS D)
Added Component: Designator=C28(SM 0805 - gap trimmed)
Added Component: Designator=C29(1608[0603])
Added Component: Designator=C30(1608[0603])
Added Component: Designator=C31(1608[0603])
Added Component: Designator=C32(1608[0603])
Added Component: Designator=C33(1608[0603])
Added Component: Designator=C34(1608[0603])
Added Component: Designator=C35(1608[0603])
Added Component: Designator=C36(1608[0603])
Added Component: Designator=C37(1608[0603])
Added Component: Designator=C38(1608[0603])
Added Component: Designator=C39(1608[0603])
Added Component: Designator=C40(1608[0603])
Added Component: Designator=C41(1608[0603])
Added Component: Designator=C42(1608[0603])
Added Component: Designator=C43(1608[0603])
Added Component: Designator=C44(1608[0603])
Added Component: Designator=C45(CAPPR2.5-6.3x5)
Added Component: Designator=C46(CAPPR2.5-6.3x5)
Added Component: Designator=C47(C1206)
Added Component: Designator=C48(1608[0603])
Added Component: Designator=C49(1608[0603])
Added Component: Designator=C50(C1206)
Added Component: Designator=C51(Panasonic VS D)
Added Component: Designator=C52(C1206)
Added Component: Designator=C53(C1206)
Added Component: Designator=C54(Panasonic VS D)
Added Component: Designator=C55(C1206)
Added Component: Designator=C56(C1206)
Added Component: Designator=C57(Panasonic VS D)
Added Component: Designator=C58(1608[0603])
Added Component: Designator=C59(1608[0603])
Added Component: Designator=C60(1608[0603])
Added Component: Designator=C61(1608[0603])
Added Component: Designator=C64(CAPC1608L)
Added Component: Designator=C65(CAPC1608L)
Added Component: Designator=C73(CAPC1608L)
Added Component: Designator=D1(PMEG4050EP)
Added Component: Designator=DBGEN(HDR1X2)
Added Component: Designator=Digital IO Higher Byte(Arduino Leonardo High Byte)
Added Component: Designator=Digital IO Lower Byte(Arduino Leonardo Low Byte)
Added Component: Designator=FB1(BLM18PG121SN1D)
Added Component: Designator=FB2(BLM18PG121SN1D)
Added Component: Designator=FB3(BLM18PG121SN1D)
Added Component: Designator=FB4(BLM18PG121SN1D)
Added Component: Designator=FB5(BLM18PG121SN1D)
Added Component: Designator=FB6(BLM18PG121SN1D)
Added Component: Designator=ISP(HDR1X3)
Added Component: Designator=J1(Micro USB Circular Holes Only)
Added Component: Designator=JTAG/DEBUG(S9015E-05-ND)
Added Component: Designator=L1(VLS252012T-2R2M1R3)
Added Component: Designator=L2(VLS252012T-2R2M1R3)
Added Component: Designator=L3(VLS252012T-2R2M1R3)
Added Component: Designator=Power & Reset(Arduino Leonardo Power)
Added Component: Designator=R1(J1-0603)
Added Component: Designator=R1(J1-0603)
Added Component: Designator=R2(J1-0603)
Added Component: Designator=R3(J1-0603)
Added Component: Designator=R4(J1-0603)
Added Component: Designator=R5(SM 0805 - gap trimmed)
Added Component: Designator=R6(SM 0805 - gap trimmed)
Added Component: Designator=R7(J1-0603)
Added Component: Designator=R8(J1-0603)
Added Component: Designator=R9(J1-0603)
Added Component: Designator=R10(J1-0603)
Added Component: Designator=R11(J1-0603)
Added Component: Designator=R12(RESC2012L)
Added Component: Designator=R13(RESC2012L)
Added Component: Designator=R14(RESC2012L)
Added Component: Designator=R15(J1-0603)
Added Component: Designator=R16(J1-0603)
Added Component: Designator=R17(J1-0603)
Added Component: Designator=R18(J1-0603)
Added Component: Designator=R19(J1-0603)
Added Component: Designator=R55(J1-0603)
Added Component: Designator=R56(J1-0603)
Added Component: Designator=R57(J1-0603)
Added Component: Designator=R58(J1-0603)
Added Component: Designator=RTCALARM(PIN1)
Added Component: Designator=SSP0/SPI(Arduino ICPS)
Added Component: Designator=Stereo Input(CUI SJ-43515TS)
Added Component: Designator=Stereo Output(CUI SJ-43515TS)
Added Component: Designator=TRST(HDR1X2)
Added Component: Designator=U1(SOT486-1_V)
Added Component: Designator=U2(BAV70S_SOT363)
Added Component: Designator=U3(BAV70S_SOT363)
Added Component: Designator=U4(BAV70S_SOT363)
Added Component: Designator=U5(WM8778)
Added Component: Designator=U6(TPS62162SOP)
Added Component: Designator=U7(TPS62162SOP)
Added Component: Designator=U8(TPS62162SOP)
Added Component: Designator=U9(LM3525)
Added Component: Designator=WAKEUP0(PIN1)
Added Component: Designator=X1(ABM3B-12.000MHZ-B2-T)
Added Component: Designator=X3(ABS07-32.768KHZ-T)
Added Pin To Net: NetName=5VCC Pin=C53-2
Added Pin To Net: NetName=5VCC Pin=C54-1
Added Pin To Net: NetName=5VCC Pin=C58-2
Added Pin To Net: NetName=5VCC Pin=L2-2
Added Pin To Net: NetName=5VCC Pin=Power & Reset-5
Added Pin To Net: NetName=5VCC Pin=R13-2
Added Pin To Net: NetName=5VCC Pin=R16-1
Added Pin To Net: NetName=5VCC Pin=U7-6
Added Pin To Net: NetName=5VCC Pin=U9-7
Added Net: Name=5VCC
Added Pin To Net: NetName=AVDD Pin=C11-2
Added Pin To Net: NetName=AVDD Pin=C12-2
Added Pin To Net: NetName=AVDD Pin=C27-2
Added Pin To Net: NetName=AVDD Pin=C28-2
Added Pin To Net: NetName=AVDD Pin=C50-2
Added Pin To Net: NetName=AVDD Pin=C51-1
Added Pin To Net: NetName=AVDD Pin=Digital IO Higher Byte-3
Added Pin To Net: NetName=AVDD Pin=FB2-1
Added Pin To Net: NetName=AVDD Pin=FB2-2
Added Pin To Net: NetName=AVDD Pin=L1-2
Added Pin To Net: NetName=AVDD Pin=R4-2
Added Pin To Net: NetName=AVDD Pin=R12-2
Added Pin To Net: NetName=AVDD Pin=U1-137
Added Pin To Net: NetName=AVDD Pin=U5-26
Added Pin To Net: NetName=AVDD Pin=U6-6
Added Net: Name=AVDD
Added Pin To Net: NetName=DVDD Pin=C2-2
Added Pin To Net: NetName=DVDD Pin=C3-2
Added Pin To Net: NetName=DVDD Pin=C4-2
Added Pin To Net: NetName=DVDD Pin=C5-2
Added Pin To Net: NetName=DVDD Pin=C6-2
Added Pin To Net: NetName=DVDD Pin=C7-2
Added Pin To Net: NetName=DVDD Pin=C8-2
Added Pin To Net: NetName=DVDD Pin=C9-2
Added Pin To Net: NetName=DVDD Pin=C10-2
Added Pin To Net: NetName=DVDD Pin=C25-2
Added Pin To Net: NetName=DVDD Pin=C26-2
Added Pin To Net: NetName=DVDD Pin=C29-2
Added Pin To Net: NetName=DVDD Pin=C30-2
Added Pin To Net: NetName=DVDD Pin=C31-2
Added Pin To Net: NetName=DVDD Pin=C32-2
Added Pin To Net: NetName=DVDD Pin=C33-2
Added Pin To Net: NetName=DVDD Pin=C36-2
Added Pin To Net: NetName=DVDD Pin=C37-2
Added Pin To Net: NetName=DVDD Pin=C38-2
Added Pin To Net: NetName=DVDD Pin=C39-2
Added Pin To Net: NetName=DVDD Pin=C40-2
Added Pin To Net: NetName=DVDD Pin=C41-2
Added Pin To Net: NetName=DVDD Pin=C42-2
Added Pin To Net: NetName=DVDD Pin=C43-2
Added Pin To Net: NetName=DVDD Pin=C44-2
Added Pin To Net: NetName=DVDD Pin=C56-2
Added Pin To Net: NetName=DVDD Pin=C57-1
Added Pin To Net: NetName=DVDD Pin=C64-2
Added Pin To Net: NetName=DVDD Pin=C65-2
Added Pin To Net: NetName=DVDD Pin=C73-1
Added Pin To Net: NetName=DVDD Pin=DBGEN-1
Added Pin To Net: NetName=DVDD Pin=JTAG/DEBUG-1
Added Pin To Net: NetName=DVDD Pin=JTAG/DEBUG-1
Added Pin To Net: NetName=DVDD Pin=L3-2
Added Pin To Net: NetName=DVDD Pin=Power & Reset-2
Added Pin To Net: NetName=DVDD Pin=Power & Reset-4
Added Pin To Net: NetName=DVDD Pin=R1-2
Added Pin To Net: NetName=DVDD Pin=R1-2
Added Pin To Net: NetName=DVDD Pin=R2-2
Added Pin To Net: NetName=DVDD Pin=R3-2
Added Pin To Net: NetName=DVDD Pin=R7-1
Added Pin To Net: NetName=DVDD Pin=R8-1
Added Pin To Net: NetName=DVDD Pin=R10-2
Added Pin To Net: NetName=DVDD Pin=R11-2
Added Pin To Net: NetName=DVDD Pin=R14-2
Added Pin To Net: NetName=DVDD Pin=SSP0/SPI-4
Added Pin To Net: NetName=DVDD Pin=TRST-1
Added Pin To Net: NetName=DVDD Pin=U1-5
Added Pin To Net: NetName=DVDD Pin=U1-16
Added Pin To Net: NetName=DVDD Pin=U1-17
Added Pin To Net: NetName=DVDD Pin=U1-25
Added Pin To Net: NetName=DVDD Pin=U1-36
Added Pin To Net: NetName=DVDD Pin=U1-41
Added Pin To Net: NetName=DVDD Pin=U1-59
Added Pin To Net: NetName=DVDD Pin=U1-71
Added Pin To Net: NetName=DVDD Pin=U1-77
Added Pin To Net: NetName=DVDD Pin=U1-94
Added Pin To Net: NetName=DVDD Pin=U1-107
Added Pin To Net: NetName=DVDD Pin=U1-111
Added Pin To Net: NetName=DVDD Pin=U1-127
Added Pin To Net: NetName=DVDD Pin=U1-131
Added Pin To Net: NetName=DVDD Pin=U1-141
Added Pin To Net: NetName=DVDD Pin=U2-3
Added Pin To Net: NetName=DVDD Pin=U2-6
Added Pin To Net: NetName=DVDD Pin=U3-3
Added Pin To Net: NetName=DVDD Pin=U3-6
Added Pin To Net: NetName=DVDD Pin=U4-3
Added Pin To Net: NetName=DVDD Pin=U4-6
Added Pin To Net: NetName=DVDD Pin=U5-13
Added Pin To Net: NetName=DVDD Pin=U8-6
Added Net: Name=DVDD
Added Pin To Net: NetName=GND Pin=C1-1
Added Pin To Net: NetName=GND Pin=C1-1
Added Pin To Net: NetName=GND Pin=C2-1
Added Pin To Net: NetName=GND Pin=C3-1
Added Pin To Net: NetName=GND Pin=C4-1
Added Pin To Net: NetName=GND Pin=C5-1
Added Pin To Net: NetName=GND Pin=C6-1
Added Pin To Net: NetName=GND Pin=C7-1
Added Pin To Net: NetName=GND Pin=C8-1
Added Pin To Net: NetName=GND Pin=C9-1
Added Pin To Net: NetName=GND Pin=C10-1
Added Pin To Net: NetName=GND Pin=C11-1
Added Pin To Net: NetName=GND Pin=C12-1
Added Pin To Net: NetName=GND Pin=C13-1
Added Pin To Net: NetName=GND Pin=C14-1
Added Pin To Net: NetName=GND Pin=C15-1
Added Pin To Net: NetName=GND Pin=C16-1
Added Pin To Net: NetName=GND Pin=C17-1
Added Pin To Net: NetName=GND Pin=C18-1
Added Pin To Net: NetName=GND Pin=C19-1
Added Pin To Net: NetName=GND Pin=C20-1
Added Pin To Net: NetName=GND Pin=C22-1
Added Pin To Net: NetName=GND Pin=C24-1
Added Pin To Net: NetName=GND Pin=C25-1
Added Pin To Net: NetName=GND Pin=C26-1
Added Pin To Net: NetName=GND Pin=C29-1
Added Pin To Net: NetName=GND Pin=C30-1
Added Pin To Net: NetName=GND Pin=C31-1
Added Pin To Net: NetName=GND Pin=C32-1
Added Pin To Net: NetName=GND Pin=C33-1
Added Pin To Net: NetName=GND Pin=C34-1
Added Pin To Net: NetName=GND Pin=C35-1
Added Pin To Net: NetName=GND Pin=C36-1
Added Pin To Net: NetName=GND Pin=C37-1
Added Pin To Net: NetName=GND Pin=C38-1
Added Pin To Net: NetName=GND Pin=C39-1
Added Pin To Net: NetName=GND Pin=C40-1
Added Pin To Net: NetName=GND Pin=C41-1
Added Pin To Net: NetName=GND Pin=C42-1
Added Pin To Net: NetName=GND Pin=C43-1
Added Pin To Net: NetName=GND Pin=C44-1
Added Pin To Net: NetName=GND Pin=C45-2
Added Pin To Net: NetName=GND Pin=C46-2
Added Pin To Net: NetName=GND Pin=C47-1
Added Pin To Net: NetName=GND Pin=C48-1
Added Pin To Net: NetName=GND Pin=C49-2
Added Pin To Net: NetName=GND Pin=C50-1
Added Pin To Net: NetName=GND Pin=C51-2
Added Pin To Net: NetName=GND Pin=C52-1
Added Pin To Net: NetName=GND Pin=C53-1
Added Pin To Net: NetName=GND Pin=C54-2
Added Pin To Net: NetName=GND Pin=C55-1
Added Pin To Net: NetName=GND Pin=C56-1
Added Pin To Net: NetName=GND Pin=C57-2
Added Pin To Net: NetName=GND Pin=C58-1
Added Pin To Net: NetName=GND Pin=C59-1
Added Pin To Net: NetName=GND Pin=C60-1
Added Pin To Net: NetName=GND Pin=C61-1
Added Pin To Net: NetName=GND Pin=C64-1
Added Pin To Net: NetName=GND Pin=C65-1
Added Pin To Net: NetName=GND Pin=C73-2
Added Pin To Net: NetName=GND Pin=Digital IO Higher Byte-4
Added Pin To Net: NetName=GND Pin=FB1-2
Added Pin To Net: NetName=GND Pin=FB3-1
Added Pin To Net: NetName=GND Pin=FB4-2
Added Pin To Net: NetName=GND Pin=FB5-2
Added Pin To Net: NetName=GND Pin=FB6-2
Added Pin To Net: NetName=GND Pin=ISP-3
Added Pin To Net: NetName=GND Pin=J1-5
Added Pin To Net: NetName=GND Pin=JTAG/DEBUG-3
Added Pin To Net: NetName=GND Pin=JTAG/DEBUG-5
Added Pin To Net: NetName=GND Pin=JTAG/DEBUG-9
Added Pin To Net: NetName=GND Pin=Power & Reset-6
Added Pin To Net: NetName=GND Pin=Power & Reset-7
Added Pin To Net: NetName=GND Pin=R9-1
Added Pin To Net: NetName=GND Pin=R17-2
Added Pin To Net: NetName=GND Pin=R18-2
Added Pin To Net: NetName=GND Pin=R19-2
Added Pin To Net: NetName=GND Pin=R56-1
Added Pin To Net: NetName=GND Pin=R57-1
Added Pin To Net: NetName=GND Pin=SSP0/SPI-6
Added Pin To Net: NetName=GND Pin=Stereo Input-5
Added Pin To Net: NetName=GND Pin=Stereo Output-5
Added Pin To Net: NetName=GND Pin=U1-4
Added Pin To Net: NetName=GND Pin=U1-40
Added Pin To Net: NetName=GND Pin=U1-76
Added Pin To Net: NetName=GND Pin=U1-109
Added Pin To Net: NetName=GND Pin=U5-12
Added Pin To Net: NetName=GND Pin=U5-21
Added Pin To Net: NetName=GND Pin=U5-24
Added Pin To Net: NetName=GND Pin=U5-27
Added Pin To Net: NetName=GND Pin=U6-1
Added Pin To Net: NetName=GND Pin=U6-4
Added Pin To Net: NetName=GND Pin=U6-5
Added Pin To Net: NetName=GND Pin=U7-1
Added Pin To Net: NetName=GND Pin=U7-4
Added Pin To Net: NetName=GND Pin=U7-5
Added Pin To Net: NetName=GND Pin=U8-1
Added Pin To Net: NetName=GND Pin=U8-4
Added Pin To Net: NetName=GND Pin=U8-5
Added Pin To Net: NetName=GND Pin=U9-3
Added Pin To Net: NetName=GND Pin=X1-2
Added Pin To Net: NetName=GND Pin=X1-4
Added Net: Name=GND
Added Pin To Net: NetName=Net12VDC/VCCIN_1 Pin=D1-1
Added Net: Name=Net12VDC/VCCIN_1
Added Pin To Net: NetName=NetAnalog Input_1 Pin=Analog Input-1
Added Pin To Net: NetName=NetAnalog Input_1 Pin=U1-136
Added Pin To Net: NetName=NetAnalog Input_1 Pin=U2-1
Added Pin To Net: NetName=NetAnalog Input_1 Pin=U2-2
Added Net: Name=NetAnalog Input_1
Added Pin To Net: NetName=NetAnalog Input_2 Pin=Analog Input-2
Added Pin To Net: NetName=NetAnalog Input_2 Pin=U1-138
Added Pin To Net: NetName=NetAnalog Input_2 Pin=U2-4
Added Pin To Net: NetName=NetAnalog Input_2 Pin=U2-5
Added Net: Name=NetAnalog Input_2
Added Pin To Net: NetName=NetAnalog Input_3 Pin=Analog Input-3
Added Pin To Net: NetName=NetAnalog Input_3 Pin=U1-139
Added Pin To Net: NetName=NetAnalog Input_3 Pin=U3-1
Added Pin To Net: NetName=NetAnalog Input_3 Pin=U3-2
Added Net: Name=NetAnalog Input_3
Added Pin To Net: NetName=NetAnalog Input_4 Pin=Analog Input-4
Added Pin To Net: NetName=NetAnalog Input_4 Pin=U1-142
Added Pin To Net: NetName=NetAnalog Input_4 Pin=U3-4
Added Pin To Net: NetName=NetAnalog Input_4 Pin=U3-5
Added Net: Name=NetAnalog Input_4
Added Pin To Net: NetName=NetAnalog Input_5 Pin=Analog Input-5
Added Pin To Net: NetName=NetAnalog Input_5 Pin=U1-144
Added Pin To Net: NetName=NetAnalog Input_5 Pin=U4-1
Added Pin To Net: NetName=NetAnalog Input_5 Pin=U4-2
Added Net: Name=NetAnalog Input_5
Added Pin To Net: NetName=NetAnalog Input_6 Pin=Analog Input-6
Added Pin To Net: NetName=NetAnalog Input_6 Pin=U1-143
Added Pin To Net: NetName=NetAnalog Input_6 Pin=U4-4
Added Pin To Net: NetName=NetAnalog Input_6 Pin=U4-5
Added Net: Name=NetAnalog Input_6
Added Pin To Net: NetName=NetC1_2 Pin=C1-2
Added Pin To Net: NetName=NetC1_2 Pin=R1-1
Added Pin To Net: NetName=NetC1_2 Pin=U1-96
Added Net: Name=NetC1_2
Added Pin To Net: NetName=NetC13_2 Pin=C13-2
Added Pin To Net: NetName=NetC13_2 Pin=C14-2
Added Pin To Net: NetName=NetC13_2 Pin=R4-1
Added Pin To Net: NetName=NetC13_2 Pin=U5-22
Added Net: Name=NetC13_2
Added Pin To Net: NetName=NetC15_2 Pin=C15-2
Added Pin To Net: NetName=NetC15_2 Pin=C16-2
Added Pin To Net: NetName=NetC15_2 Pin=U5-25
Added Net: Name=NetC15_2
Added Pin To Net: NetName=NetC17_2 Pin=C17-2
Added Pin To Net: NetName=NetC17_2 Pin=C18-2
Added Pin To Net: NetName=NetC17_2 Pin=U5-23
Added Net: Name=NetC17_2
Added Pin To Net: NetName=NetC19_2 Pin=C19-2
Added Pin To Net: NetName=NetC19_2 Pin=C20-2
Added Pin To Net: NetName=NetC19_2 Pin=U5-20
Added Net: Name=NetC19_2
Added Pin To Net: NetName=NetC21_1 Pin=C21-1
Added Pin To Net: NetName=NetC21_1 Pin=U5-1
Added Net: Name=NetC21_1
Added Pin To Net: NetName=NetC21_2 Pin=C21-2
Added Pin To Net: NetName=NetC21_2 Pin=C22-2
Added Pin To Net: NetName=NetC21_2 Pin=R5-1
Added Net: Name=NetC21_2
Added Pin To Net: NetName=NetC23_1 Pin=C23-1
Added Pin To Net: NetName=NetC23_1 Pin=U5-28
Added Net: Name=NetC23_1
Added Pin To Net: NetName=NetC23_2 Pin=C23-2
Added Pin To Net: NetName=NetC23_2 Pin=C24-2
Added Pin To Net: NetName=NetC23_2 Pin=R6-1
Added Net: Name=NetC23_2
Added Pin To Net: NetName=NetC27_1 Pin=C27-1
Added Pin To Net: NetName=NetC27_1 Pin=C28-1
Added Pin To Net: NetName=NetC27_1 Pin=FB3-2
Added Pin To Net: NetName=NetC27_1 Pin=U1-135
Added Net: Name=NetC27_1
Added Pin To Net: NetName=NetC34_2 Pin=C34-2
Added Pin To Net: NetName=NetC34_2 Pin=U1-126
Added Pin To Net: NetName=NetC34_2 Pin=X3-2
Added Net: Name=NetC34_2
Added Pin To Net: NetName=NetC35_2 Pin=C35-2
Added Pin To Net: NetName=NetC35_2 Pin=U1-125
Added Pin To Net: NetName=NetC35_2 Pin=X3-1
Added Net: Name=NetC35_2
Added Pin To Net: NetName=NetC48_2 Pin=C48-2
Added Pin To Net: NetName=NetC48_2 Pin=U1-12
Added Pin To Net: NetName=NetC48_2 Pin=X1-1
Added Net: Name=NetC48_2
Added Pin To Net: NetName=NetC49_1 Pin=C49-1
Added Pin To Net: NetName=NetC49_1 Pin=U1-13
Added Pin To Net: NetName=NetC49_1 Pin=X1-3
Added Net: Name=NetC49_1
Added Pin To Net: NetName=NetC59_2 Pin=C59-2
Added Pin To Net: NetName=NetC59_2 Pin=C60-2
Added Pin To Net: NetName=NetC59_2 Pin=R15-2
Added Pin To Net: NetName=NetC59_2 Pin=U1-21
Added Pin To Net: NetName=NetC59_2 Pin=U9-6
Added Pin To Net: NetName=NetC59_2 Pin=U9-8
Added Net: Name=NetC59_2
Added Pin To Net: NetName=NetC61_2 Pin=C61-2
Added Pin To Net: NetName=NetC61_2 Pin=J1-1
Added Pin To Net: NetName=NetC61_2 Pin=R15-1
Added Pin To Net: NetName=NetC61_2 Pin=R17-1
Added Net: Name=NetC61_2
Added Pin To Net: NetName=NetDBGEN_2 Pin=DBGEN-2
Added Pin To Net: NetName=NetDBGEN_2 Pin=R55-2
Added Pin To Net: NetName=NetDBGEN_2 Pin=R56-2
Added Net: Name=NetDBGEN_2
Added Pin To Net: NetName=NetDigital IO Higher Byte_1 Pin=Digital IO Higher Byte-1
Added Pin To Net: NetName=NetDigital IO Higher Byte_1 Pin=U1-92
Added Net: Name=NetDigital IO Higher Byte_1
Added Pin To Net: NetName=NetDigital IO Higher Byte_2 Pin=Digital IO Higher Byte-2
Added Pin To Net: NetName=NetDigital IO Higher Byte_2 Pin=U1-93
Added Net: Name=NetDigital IO Higher Byte_2
Added Pin To Net: NetName=NetDigital IO Higher Byte_5 Pin=Digital IO Higher Byte-5
Added Pin To Net: NetName=NetDigital IO Higher Byte_5 Pin=U1-3
Added Net: Name=NetDigital IO Higher Byte_5
Added Pin To Net: NetName=NetDigital IO Higher Byte_6 Pin=Digital IO Higher Byte-6
Added Pin To Net: NetName=NetDigital IO Higher Byte_6 Pin=U1-8
Added Net: Name=NetDigital IO Higher Byte_6
Added Pin To Net: NetName=NetDigital IO Higher Byte_7 Pin=Digital IO Higher Byte-7
Added Pin To Net: NetName=NetDigital IO Higher Byte_7 Pin=U1-9
Added Net: Name=NetDigital IO Higher Byte_7
Added Pin To Net: NetName=NetDigital IO Higher Byte_8 Pin=Digital IO Higher Byte-8
Added Pin To Net: NetName=NetDigital IO Higher Byte_8 Pin=U1-7
Added Net: Name=NetDigital IO Higher Byte_8
Added Pin To Net: NetName=NetDigital IO Higher Byte_9 Pin=Digital IO Higher Byte-9
Added Pin To Net: NetName=NetDigital IO Higher Byte_9 Pin=U1-10
Added Net: Name=NetDigital IO Higher Byte_9
Added Pin To Net: NetName=NetDigital IO Higher Byte_10 Pin=Digital IO Higher Byte-10
Added Pin To Net: NetName=NetDigital IO Higher Byte_10 Pin=U1-11
Added Net: Name=NetDigital IO Higher Byte_10
Added Pin To Net: NetName=NetDigital IO Lower Byte_1 Pin=Digital IO Lower Byte-1
Added Pin To Net: NetName=NetDigital IO Lower Byte_1 Pin=U1-42
Added Net: Name=NetDigital IO Lower Byte_1
Added Pin To Net: NetName=NetDigital IO Lower Byte_2 Pin=Digital IO Lower Byte-2
Added Pin To Net: NetName=NetDigital IO Lower Byte_2 Pin=U1-43
Added Net: Name=NetDigital IO Lower Byte_2
Added Pin To Net: NetName=NetDigital IO Lower Byte_3 Pin=Digital IO Lower Byte-3
Added Pin To Net: NetName=NetDigital IO Lower Byte_3 Pin=U1-44
Added Net: Name=NetDigital IO Lower Byte_3
Added Pin To Net: NetName=NetDigital IO Lower Byte_4 Pin=Digital IO Lower Byte-4
Added Pin To Net: NetName=NetDigital IO Lower Byte_4 Pin=U1-46
Added Net: Name=NetDigital IO Lower Byte_4
Added Pin To Net: NetName=NetDigital IO Lower Byte_5 Pin=Digital IO Lower Byte-5
Added Pin To Net: NetName=NetDigital IO Lower Byte_5 Pin=U1-47
Added Net: Name=NetDigital IO Lower Byte_5
Added Pin To Net: NetName=NetDigital IO Lower Byte_6 Pin=Digital IO Lower Byte-6
Added Pin To Net: NetName=NetDigital IO Lower Byte_6 Pin=U1-48
Added Net: Name=NetDigital IO Lower Byte_6
Added Pin To Net: NetName=NetDigital IO Lower Byte_7 Pin=Digital IO Lower Byte-7
Added Pin To Net: NetName=NetDigital IO Lower Byte_7 Pin=U1-49
Added Net: Name=NetDigital IO Lower Byte_7
Added Pin To Net: NetName=NetDigital IO Lower Byte_8 Pin=Digital IO Lower Byte-8
Added Pin To Net: NetName=NetDigital IO Lower Byte_8 Pin=U1-50
Added Net: Name=NetDigital IO Lower Byte_8
Added Pin To Net: NetName=NetFB1_1 Pin=FB1-1
Added Pin To Net: NetName=NetFB1_1 Pin=U1-23
Added Net: Name=NetFB1_1
Added Pin To Net: NetName=NetFB4_1 Pin=FB4-1
Added Pin To Net: NetName=NetFB4_1 Pin=U1-19
Added Net: Name=NetFB4_1
Added Pin To Net: NetName=NetFB5_1 Pin=FB5-1
Added Pin To Net: NetName=NetFB5_1 Pin=J1-6
Added Pin To Net: NetName=NetFB5_1 Pin=J1-7
Added Net: Name=NetFB5_1
Added Pin To Net: NetName=NetFB6_1 Pin=FB6-1
Added Pin To Net: NetName=NetFB6_1 Pin=J1-8
Added Pin To Net: NetName=NetFB6_1 Pin=J1-9
Added Net: Name=NetFB6_1
Added Pin To Net: NetName=NetISP_1 Pin=ISP-1
Added Pin To Net: NetName=NetISP_1 Pin=U1-80
Added Net: Name=NetISP_1
Added Pin To Net: NetName=NetISP_2 Pin=ISP-2
Added Pin To Net: NetName=NetISP_2 Pin=U1-82
Added Net: Name=NetISP_2
Added Pin To Net: NetName=NetJ1_2 Pin=J1-2
Added Pin To Net: NetName=NetJ1_2 Pin=R19-1
Added Pin To Net: NetName=NetJ1_2 Pin=U1-20
Added Net: Name=NetJ1_2
Added Pin To Net: NetName=NetJ1_3 Pin=J1-3
Added Pin To Net: NetName=NetJ1_3 Pin=R18-1
Added Pin To Net: NetName=NetJ1_3 Pin=U1-18
Added Net: Name=NetJ1_3
Added Pin To Net: NetName=NetJ1_4 Pin=J1-4
Added Pin To Net: NetName=NetJ1_4 Pin=U1-22
Added Net: Name=NetJ1_4
Added Pin To Net: NetName=NetJTAG/DEBUG_2 Pin=JTAG/DEBUG-2
Added Pin To Net: NetName=NetJTAG/DEBUG_2 Pin=U1-30
Added Net: Name=NetJTAG/DEBUG_2
Added Pin To Net: NetName=NetJTAG/DEBUG_4 Pin=JTAG/DEBUG-4
Added Pin To Net: NetName=NetJTAG/DEBUG_4 Pin=R11-1
Added Pin To Net: NetName=NetJTAG/DEBUG_4 Pin=U1-27
Added Net: Name=NetJTAG/DEBUG_4
Added Pin To Net: NetName=NetJTAG/DEBUG_6 Pin=JTAG/DEBUG-6
Added Pin To Net: NetName=NetJTAG/DEBUG_6 Pin=R10-1
Added Pin To Net: NetName=NetJTAG/DEBUG_6 Pin=U1-31
Added Net: Name=NetJTAG/DEBUG_6
Added Pin To Net: NetName=NetJTAG/DEBUG_8 Pin=JTAG/DEBUG-8
Added Pin To Net: NetName=NetJTAG/DEBUG_8 Pin=U1-26
Added Net: Name=NetJTAG/DEBUG_8
Added Pin To Net: NetName=NetL1_1 Pin=L1-1
Added Pin To Net: NetName=NetL1_1 Pin=U6-7
Added Net: Name=NetL1_1
Added Pin To Net: NetName=NetL2_1 Pin=L2-1
Added Pin To Net: NetName=NetL2_1 Pin=U7-7
Added Net: Name=NetL2_1
Added Pin To Net: NetName=NetL3_1 Pin=L3-1
Added Pin To Net: NetName=NetL3_1 Pin=U8-7
Added Net: Name=NetL3_1
Added Pin To Net: NetName=NetR2_1 Pin=R2-1
Added Pin To Net: NetName=NetR2_1 Pin=U1-88
Added Pin To Net: NetName=NetR2_1 Pin=U5-17
Added Net: Name=NetR2_1
Added Pin To Net: NetName=NetR3_1 Pin=R3-1
Added Pin To Net: NetName=NetR3_1 Pin=U1-87
Added Pin To Net: NetName=NetR3_1 Pin=U5-16
Added Net: Name=NetR3_1
Added Pin To Net: NetName=NetR5_2 Pin=R5-2
Added Pin To Net: NetName=NetR5_2 Pin=Stereo Input-4
Added Net: Name=NetR5_2
Added Pin To Net: NetName=NetR6_2 Pin=R6-2
Added Pin To Net: NetName=NetR6_2 Pin=Stereo Input-1
Added Net: Name=NetR6_2
Added Pin To Net: NetName=NetR7_2 Pin=R7-2
Added Pin To Net: NetName=NetR7_2 Pin=U5-2
Added Net: Name=NetR7_2
Added Pin To Net: NetName=NetR8_2 Pin=R8-2
Added Pin To Net: NetName=NetR8_2 Pin=U5-3
Added Net: Name=NetR8_2
Added Pin To Net: NetName=NetR9_2 Pin=R9-2
Added Pin To Net: NetName=NetR9_2 Pin=U1-24
Added Net: Name=NetR9_2
Added Pin To Net: NetName=NetR12_1 Pin=R12-1
Added Pin To Net: NetName=NetR12_1 Pin=U6-8
Added Net: Name=NetR12_1
Added Pin To Net: NetName=NetR13_1 Pin=R13-1
Added Pin To Net: NetName=NetR13_1 Pin=U7-8
Added Net: Name=NetR13_1
Added Pin To Net: NetName=NetR14_1 Pin=R14-1
Added Pin To Net: NetName=NetR14_1 Pin=U8-8
Added Net: Name=NetR14_1
Added Pin To Net: NetName=NetR16_2 Pin=R16-2
Added Pin To Net: NetName=NetR16_2 Pin=U1-83
Added Pin To Net: NetName=NetR16_2 Pin=U9-2
Added Net: Name=NetR16_2
Added Pin To Net: NetName=NetR55_1 Pin=R55-1
Added Pin To Net: NetName=NetR55_1 Pin=U1-28
Added Net: Name=NetR55_1
Added Pin To Net: NetName=NetR57_2 Pin=R57-2
Added Pin To Net: NetName=NetR57_2 Pin=R58-2
Added Pin To Net: NetName=NetR57_2 Pin=TRST-2
Added Net: Name=NetR57_2
Added Pin To Net: NetName=NetR58_1 Pin=R58-1
Added Pin To Net: NetName=NetR58_1 Pin=U1-29
Added Net: Name=NetR58_1
Added Pin To Net: NetName=NetRTCALARM_1 Pin=RTCALARM-1
Added Pin To Net: NetName=NetRTCALARM_1 Pin=U1-129
Added Net: Name=NetRTCALARM_1
Added Pin To Net: NetName=NetSSP0/SPI_1 Pin=SSP0/SPI-1
Added Pin To Net: NetName=NetSSP0/SPI_1 Pin=SSP0/SPI-1
Added Net: Name=NetSSP0/SPI_1
Added Pin To Net: NetName=NetSSP0/SPI_2 Pin=SSP0/SPI-2
Added Net: Name=NetSSP0/SPI_2
Added Pin To Net: NetName=NetSSP0/SPI_3 Pin=SSP0/SPI-3
Added Net: Name=NetSSP0/SPI_3
Added Pin To Net: NetName=NetSSP0/SPI_5 Pin=SSP0/SPI-5
Added Net: Name=NetSSP0/SPI_5
Added Pin To Net: NetName=NetStereo Output_1 Pin=Stereo Output-1
Added Pin To Net: NetName=NetStereo Output_1 Pin=U5-19
Added Net: Name=NetStereo Output_1
Added Pin To Net: NetName=NetStereo Output_4 Pin=Stereo Output-4
Added Pin To Net: NetName=NetStereo Output_4 Pin=U5-18
Added Net: Name=NetStereo Output_4
Added Pin To Net: NetName=NetU1_14 Pin=U1-14
Added Pin To Net: NetName=NetU1_14 Pin=U5-4
Added Net: Name=NetU1_14
Added Pin To Net: NetName=NetU1_32 Pin=U1-32
Added Pin To Net: NetName=NetU1_32 Pin=U5-7
Added Net: Name=NetU1_32
Added Pin To Net: NetName=NetU1_68 Pin=U1-68
Added Pin To Net: NetName=NetU1_68 Pin=U5-9
Added Net: Name=NetU1_68
Added Pin To Net: NetName=NetU1_79 Pin=U1-79
Added Pin To Net: NetName=NetU1_79 Pin=U9-1
Added Net: Name=NetU1_79
Added Pin To Net: NetName=NetU1_112 Pin=U1-112
Added Pin To Net: NetName=NetU1_112 Pin=U5-8
Added Net: Name=NetU1_112
Added Pin To Net: NetName=NetU1_114 Pin=U1-114
Added Pin To Net: NetName=NetU1_114 Pin=U5-11
Added Net: Name=NetU1_114
Added Pin To Net: NetName=NetU1_116 Pin=U1-116
Added Pin To Net: NetName=NetU1_116 Pin=U5-10
Added Net: Name=NetU1_116
Added Pin To Net: NetName=NetU1_118 Pin=U1-118
Added Pin To Net: NetName=NetU1_118 Pin=U5-5
Added Net: Name=NetU1_118
Added Pin To Net: NetName=NetU1_119 Pin=U1-119
Added Pin To Net: NetName=NetU1_119 Pin=U5-14
Added Net: Name=NetU1_119
Added Pin To Net: NetName=NetU1_121 Pin=U1-121
Added Pin To Net: NetName=NetU1_121 Pin=U5-6
Added Net: Name=NetU1_121
Added Pin To Net: NetName=NetU1_122 Pin=U1-122
Added Pin To Net: NetName=NetU1_122 Pin=U5-15
Added Net: Name=NetU1_122
Added Pin To Net: NetName=NetU1_130 Pin=U1-130
Added Pin To Net: NetName=NetU1_130 Pin=WAKEUP0-1
Added Net: Name=NetU1_130
Added Pin To Net: NetName=VIN Pin=C45-1
Added Pin To Net: NetName=VIN Pin=C46-1
Added Pin To Net: NetName=VIN Pin=C47-2
Added Pin To Net: NetName=VIN Pin=C52-2
Added Pin To Net: NetName=VIN Pin=C55-2
Added Pin To Net: NetName=VIN Pin=D1-2
Added Pin To Net: NetName=VIN Pin=Power & Reset-8
Added Pin To Net: NetName=VIN Pin=U6-2
Added Pin To Net: NetName=VIN Pin=U6-3
Added Pin To Net: NetName=VIN Pin=U7-2
Added Pin To Net: NetName=VIN Pin=U7-3
Added Pin To Net: NetName=VIN Pin=U8-2
Added Pin To Net: NetName=VIN Pin=U8-3
Added Net: Name=VIN
Added Class: Name=Mako DSP Arduio IO
Added Class: Name=Mako DSP Audio Codec
Added Class: Name=Mako DSP Main
Added Class: Name=Mako DSP Power
Added Class: Name=Mako DSP USB
