Change Component Designator: Old Designator=Analog Input1 New Designator=Analog Input?
Change Component Designator: Old Designator=Aux GPIO 0 New Designator=Aux GPIO ?
Change Component Designator: Old Designator=Aux GPIO 1 New Designator=Aux GPIO ?
Change Component Designator: Old Designator=C1 New Designator=C?
Change Component Designator: Old Designator=C2 New Designator=C?
Change Component Designator: Old Designator=C3 New Designator=C?
Change Component Designator: Old Designator=C4 New Designator=C?
Change Component Designator: Old Designator=C5 New Designator=C?
Change Component Designator: Old Designator=C6 New Designator=C?
Change Component Designator: Old Designator=Digital IO Higher Byte1 New Designator=Digital IO Higher Byte?
Change Component Designator: Old Designator=Digital IO Lower Byte1 New Designator=Digital IO Lower Byte?
Change Component Designator: Old Designator=Power & Reset1 New Designator=Power & Reset?
Change Component Designator: Old Designator=R34 New Designator=R?
Change Component Designator: Old Designator=R35 New Designator=R?
Change Component Designator: Old Designator=R36 New Designator=R?
Change Component Designator: Old Designator=R37 New Designator=R?
Change Component Designator: Old Designator=R38 New Designator=R?
Change Component Designator: Old Designator=R39 New Designator=R?
Change Component Designator: Old Designator=U1 New Designator=U?
Change Component Designator: Old Designator=U2 New Designator=U?
Change Component Designator: Old Designator=U3 New Designator=U?
