Change Component Designator: OldDesignator=RTCALARM NewDesignator=RTCALARM1
Change Component Designator: OldDesignator=WAKEUP NewDesignator=WAKEUP1
Added Component: Designator=R23(J1-0603)
Added Component: Designator=R24(J1-0603)
Added Component: Designator=R25(J1-0603)
Added Component: Designator=STATUS(RGB LED APTF1616SEEZGQBDC)
Added Pin To Net: NetName=GND Pin=STATUS-1
Added Pin To Net: NetName=NetR23_2 Pin=R23-2
Added Pin To Net: NetName=NetR23_2 Pin=STATUS-3
Added Net: Name=NetR23_2
Added Pin To Net: NetName=NetR24_1 Pin=R24-1
Added Pin To Net: NetName=NetR24_1 Pin=STATUS-4
Added Net: Name=NetR24_1
Added Pin To Net: NetName=NetR25_2 Pin=R25-2
Added Pin To Net: NetName=NetR25_2 Pin=STATUS-2
Added Net: Name=NetR25_2
Added Pin To Net: NetName=STATUS_BLUE Pin=R24-2
Added Pin To Net: NetName=STATUS_BLUE Pin=U5-32
Added Net: Name=STATUS_BLUE
Added Pin To Net: NetName=STATUS_GREEN Pin=R23-1
Added Pin To Net: NetName=STATUS_GREEN Pin=U5-34
Added Net: Name=STATUS_GREEN
Added Pin To Net: NetName=STATUS_RED Pin=R25-1
Added Pin To Net: NetName=STATUS_RED Pin=U5-33
Added Net: Name=STATUS_RED
Added Member To Class: ClassName=Mako DSP Main R1.2 Member=Component R23 Res3
Added Member To Class: ClassName=Mako DSP Main R1.2 Member=Component R24 Res3
Added Member To Class: ClassName=Mako DSP Main R1.2 Member=Component R25 Res3
Added Member To Class: ClassName=Mako DSP Main R1.2 Member=Component STATUS APTF1616SEEZGQBDC
