Change Component Designator: OldDesignator=Additional GPIO NewDesignator=Aux GPIO 0
Added Component: Designator=Aux GPIO 1(HDR2X5)
Change Net Name : Old Net Name=NetADIO_1 New Net Name=NetAux GPIO 0_1
Change Net Name : Old Net Name=NetADIO_2 New Net Name=NetAux GPIO 0_2
Change Net Name : Old Net Name=NetADIO_3 New Net Name=NetAux GPIO 0_3
Change Net Name : Old Net Name=NetADIO_4 New Net Name=NetAux GPIO 0_4
Change Net Name : Old Net Name=NetADIO_5 New Net Name=NetAux GPIO 0_5
Change Net Name : Old Net Name=NetADIO_6 New Net Name=NetAux GPIO 0_6
Change Net Name : Old Net Name=NetADIO_7 New Net Name=NetAux GPIO 0_7
Change Net Name : Old Net Name=NetADIO_8 New Net Name=NetAux GPIO 0_8
Change Net Name : Old Net Name=NetADIO_9 New Net Name=NetAux GPIO 0_9
Change Net Name : Old Net Name=NetADIO_10 New Net Name=NetAux GPIO 0_10
Added Pin To Net: NetName=NetAux GPIO 1_1 Pin=Aux GPIO 1-1
Added Pin To Net: NetName=NetAux GPIO 1_1 Pin=U5-72
Added Net: Name=NetAux GPIO 1_1
Added Pin To Net: NetName=NetAux GPIO 1_2 Pin=Aux GPIO 1-2
Added Pin To Net: NetName=NetAux GPIO 1_2 Pin=U5-73
Added Net: Name=NetAux GPIO 1_2
Added Pin To Net: NetName=NetAux GPIO 1_3 Pin=Aux GPIO 1-3
Added Pin To Net: NetName=NetAux GPIO 1_3 Pin=U5-74
Added Net: Name=NetAux GPIO 1_3
Added Pin To Net: NetName=NetAux GPIO 1_4 Pin=Aux GPIO 1-4
Added Pin To Net: NetName=NetAux GPIO 1_4 Pin=U5-75
Added Net: Name=NetAux GPIO 1_4
Added Pin To Net: NetName=NetAux GPIO 1_5 Pin=Aux GPIO 1-5
Added Pin To Net: NetName=NetAux GPIO 1_5 Pin=U5-78
Added Net: Name=NetAux GPIO 1_5
Added Pin To Net: NetName=NetAux GPIO 1_6 Pin=Aux GPIO 1-6
Added Pin To Net: NetName=NetAux GPIO 1_6 Pin=U5-80
Added Net: Name=NetAux GPIO 1_6
Added Pin To Net: NetName=NetAux GPIO 1_7 Pin=Aux GPIO 1-7
Added Pin To Net: NetName=NetAux GPIO 1_7 Pin=U5-81
Added Net: Name=NetAux GPIO 1_7
Added Pin To Net: NetName=NetAux GPIO 1_8 Pin=Aux GPIO 1-8
Added Pin To Net: NetName=NetAux GPIO 1_8 Pin=U5-82
Added Net: Name=NetAux GPIO 1_8
Added Pin To Net: NetName=NetAux GPIO 1_9 Pin=Aux GPIO 1-9
Added Pin To Net: NetName=NetAux GPIO 1_9 Pin=U5-84
Added Net: Name=NetAux GPIO 1_9
Added Pin To Net: NetName=NetAux GPIO 1_10 Pin=Aux GPIO 1-10
Added Pin To Net: NetName=NetAux GPIO 1_10 Pin=U5-85
Added Net: Name=NetAux GPIO 1_10
Added Member To Class: ClassName=Mako DSP Arduio IO R1.2 Member=Component Aux GPIO 1 Header 5X2
