Added Component: Designator=C71(Panasonic VS B)
Added Component: Designator=R40(J1-0603)
Added Component: Designator=R41(J1-0603)
Added Component: Designator=R42(J1-0603)
Added Component: Designator=R43(J1-0603)
Added Component: Designator=R44(J1-0603)
Added Component: Designator=R45(J1-0603)
Added Pin To Net: NetName=GND Pin=C71-1
Added Pin To Net: NetName=DVDD Pin=C71-2
Added Pin To Net: NetName=DVDD Pin=R40-1
Added Pin To Net: NetName=NetSD1_1 Pin=R40-2
Added Pin To Net: NetName=DVDD Pin=R41-1
Added Pin To Net: NetName=NetSD1_2 Pin=R41-2
Added Pin To Net: NetName=DVDD Pin=R42-1
Added Pin To Net: NetName=NetSD1_3 Pin=R42-2
Added Pin To Net: NetName=DVDD Pin=R43-1
Added Pin To Net: NetName=NetSD1_5 Pin=R43-2
Added Pin To Net: NetName=DVDD Pin=R44-1
Added Pin To Net: NetName=NetSD1_7 Pin=R44-2
Added Pin To Net: NetName=DVDD Pin=R45-1
Added Pin To Net: NetName=NetSD1_8 Pin=R45-2
Change Net Name : Old Net Name=NetSD1_1 New Net Name=NetR40_2
Change Net Name : Old Net Name=NetSD1_2 New Net Name=NetR41_2
Change Net Name : Old Net Name=NetSD1_3 New Net Name=NetR42_2
Change Net Name : Old Net Name=NetSD1_5 New Net Name=NetR43_2
Change Net Name : Old Net Name=NetSD1_7 New Net Name=NetR44_2
Change Net Name : Old Net Name=NetSD1_8 New Net Name=NetR45_2
Added Member To Class: ClassName=Mako DSP Main Member=Component C71 Cap Semi
Added Member To Class: ClassName=Mako DSP Main Member=Component R40 Res3
Added Member To Class: ClassName=Mako DSP Main Member=Component R41 Res3
Added Member To Class: ClassName=Mako DSP Main Member=Component R42 Res3
Added Member To Class: ClassName=Mako DSP Main Member=Component R43 Res3
Added Member To Class: ClassName=Mako DSP Main Member=Component R44 Res3
Added Member To Class: ClassName=Mako DSP Main Member=Component R45 Res3
