Removed Pin From Net: NetName=NetADIO_1 Pin=ADIO-1
Removed Pin From Net: NetName=NetADIO_2 Pin=ADIO-2
Removed Pin From Net: NetName=NetADIO_3 Pin=ADIO-3
Removed Pin From Net: NetName=GND Pin=D1-1
Removed Pin From Net: NetName=GND Pin=D3-1
Removed Pin From Net: NetName=GND Pin=D4-1
Removed Pin From Net: NetName=ADC_REF Pin=Digital IO Higher Byte1-3
Removed Pin From Net: NetName=DIGI_8 Pin=Digital IO Higher Byte1-10
Removed Pin From Net: NetName=DIGI_7 Pin=Digital IO Lower Byte1-1
Removed Pin From Net: NetName=DIGI_4 Pin=Digital IO Lower Byte1-4
Removed Pin From Net: NetName=DIGI_2 Pin=Digital IO Lower Byte1-6
Removed Pin From Net: NetName=DIGI_1 Pin=Digital IO Lower Byte1-7
Removed Pin From Net: NetName=DIGI_0 Pin=Digital IO Lower Byte1-8
Removed Pin From Net: NetName=5VCC Pin=R9-1
Removed Pin From Net: NetName=DVDD Pin=R10-1
Removed Pin From Net: NetName=AVDD Pin=R11-1
Removed Pin From Net: NetName=GND Pin=STATUS-1
Removed Member From Class: ClassName=Mako DSP Arduio IO R1.2 Member=ADIO
Removed Member From Class: ClassName=Mako DSP Power R1.2 Member=D1
Removed Member From Class: ClassName=Mako DSP Power R1.2 Member=D3
Removed Member From Class: ClassName=Mako DSP Power R1.2 Member=D4
Removed Member From Class: ClassName=Mako DSP Power R1.2 Member=R9
Removed Member From Class: ClassName=Mako DSP Power R1.2 Member=R10
Removed Member From Class: ClassName=Mako DSP Power R1.2 Member=R11
Removed Member From Class: ClassName=Mako DSP Main R1.2 Member=R23
Removed Member From Class: ClassName=Mako DSP Main R1.2 Member=R24
Removed Member From Class: ClassName=Mako DSP Main R1.2 Member=R25
Removed Member From Class: ClassName=Mako DSP Main R1.2 Member=STATUS
Added Component: Designator=C50(0402)
Added Component: Designator=C65(0402)
Added Component: Designator=C66(0402)
Added Component: Designator=C67(0402)
Added Component: Designator=C69(0402)
Added Component: Designator=C70(0402)
Added Component: Designator=C75(0402)
Added Component: Designator=C76(0402)
Added Component: Designator=C77(0402)
Added Component: Designator=U5(SOT740-2)
Added Pin To Net: NetName=GND Pin=C50-1
Added Pin To Net: NetName=DVDD Pin=C50-2
Added Pin To Net: NetName=GND Pin=C65-1
Added Pin To Net: NetName=DVDD Pin=C65-2
Added Pin To Net: NetName=GND Pin=C66-1
Added Pin To Net: NetName=DVDD Pin=C66-2
Added Pin To Net: NetName=GND Pin=C67-1
Added Pin To Net: NetName=DVDD Pin=C67-2
Added Pin To Net: NetName=GND Pin=C69-1
Added Pin To Net: NetName=DVDD Pin=C69-2
Added Pin To Net: NetName=GND Pin=C70-1
Added Pin To Net: NetName=DVDD Pin=C70-2
Added Pin To Net: NetName=GND Pin=C75-1
Added Pin To Net: NetName=DVDD Pin=C75-2
Added Pin To Net: NetName=GND Pin=C76-1
Added Pin To Net: NetName=DVDD Pin=C76-2
Added Pin To Net: NetName=GND Pin=C77-1
Added Pin To Net: NetName=DVDD Pin=C77-2
Added Pin To Net: NetName=DIGI_1 Pin=U5-A4
Added Pin To Net: NetName=DIGI_4 Pin=U5-A5
Added Pin To Net: NetName=RTCX1 Pin=U5-A8
Added Pin To Net: NetName=DIGI_0 Pin=U5-A9
Added Pin To Net: NetName=NetRTCALARM1_1 Pin=U5-A11
Added Pin To Net: NetName=VSSA Pin=U5-B2
Added Pin To Net: NetName=DIGI_2 Pin=U5-B3
Added Pin To Net: NetName=ADC_REF Pin=U5-B4
Added Pin To Net: NetName=DIGI_7 Pin=U5-B5
Added Pin To Net: NetName=RTCX2 Pin=U5-B8
Added Pin To Net: NetName=DVDD Pin=U5-B10
Added Pin To Net: NetName=DAC_TX_MLCK Pin=U5-B14
Added Pin To Net: NetName=GND Pin=U5-C4
Added Pin To Net: NetName=NetADIO_1 Pin=U5-C5
Added Pin To Net: NetName=DIGI_8 Pin=U5-C6
Added Pin To Net: NetName=DAC_TX_SDA Pin=U5-C12
Added Pin To Net: NetName=NetC31_2 Pin=U5-D1
Added Pin To Net: NetName=NetR43_2 Pin=U5-D4
Added Pin To Net: NetName=DVDD Pin=U5-D7
Added Pin To Net: NetName=RESET Pin=U5-D9
Added Pin To Net: NetName=GND Pin=U5-D13
Added Pin To Net: NetName=NetC30_1 Pin=U5-E1
Added Pin To Net: NetName=DVDD Pin=U5-E12
Added Pin To Net: NetName=USB0_VBUS Pin=U5-F1
Added Pin To Net: NetName=USB0_P Pin=U5-F2
Added Pin To Net: NetName=NetC24_2 Pin=U5-F3
Added Pin To Net: NetName=DVDD Pin=U5-F7
Added Pin To Net: NetName=DVDD Pin=U5-F8
Added Pin To Net: NetName=DVDD Pin=U5-F9
Added Pin To Net: NetName=DVDD Pin=U5-F10
Added Pin To Net: NetName=ADC_RX_SDA Pin=U5-F11
Added Pin To Net: NetName=ADC_RX_SCK Pin=U5-F13
Added Pin To Net: NetName=NetFB3_1 Pin=U5-G1
Added Pin To Net: NetName=USB0_N Pin=U5-G2
Added Pin To Net: NetName=NetC25_2 Pin=U5-G3
Added Pin To Net: NetName=GND Pin=U5-G6
Added Pin To Net: NetName=GND Pin=U5-G7
Added Pin To Net: NetName=GND Pin=U5-G8
Added Pin To Net: NetName=GND Pin=U5-G9
Added Pin To Net: NetName=DVDD Pin=U5-G10
Added Pin To Net: NetName=ADC_RX_WS Pin=U5-G11
Added Pin To Net: NetName=NetR8_2 Pin=U5-H1
Added Pin To Net: NetName=NetJ3_4 Pin=U5-H2
Added Pin To Net: NetName=NetFB4_1 Pin=U5-H3
Added Pin To Net: NetName=DAC_TX_SCK Pin=U5-H4
Added Pin To Net: NetName=GND Pin=U5-H7
Added Pin To Net: NetName=GND Pin=U5-H8
Added Pin To Net: NetName=GND Pin=U5-H9
Added Pin To Net: NetName=DVDD Pin=U5-H10
Added Pin To Net: NetName=TDI Pin=U5-J4
Added Pin To Net: NetName=TCK/SWDCLK Pin=U5-J5
Added Pin To Net: NetName=DVDD Pin=U5-J6
Added Pin To Net: NetName=DVDD Pin=U5-J7
Added Pin To Net: NetName=GND Pin=U5-J8
Added Pin To Net: NetName=GND Pin=U5-J9
Added Pin To Net: NetName=GND Pin=U5-J10
Added Pin To Net: NetName=GND Pin=U5-J11
Added Pin To Net: NetName=I2C_DATA Pin=U5-J12
Added Pin To Net: NetName=TDO/SWO Pin=U5-K5
Added Pin To Net: NetName=TMS/SWDIO Pin=U5-K6
Added Pin To Net: NetName=DVDD Pin=U5-K7
Added Pin To Net: NetName=GND Pin=U5-K8
Added Pin To Net: NetName=GND Pin=U5-K9
Added Pin To Net: NetName=GND Pin=U5-K10
Added Pin To Net: NetName=I2C_CLK Pin=U5-K11
Added Pin To Net: NetName=LATCH_ENABLE Pin=U5-K14
Added Pin To Net: NetName=DAC_TX_WS Pin=U5-L3
Added Pin To Net: NetName=NetR15_1 Pin=U5-L4
Added Pin To Net: NetName=DVDD Pin=U5-L7
Added Pin To Net: NetName=DVDD Pin=U5-L8
Added Pin To Net: NetName=DVDD Pin=U5-L9
Added Pin To Net: NetName=DVDD Pin=U5-L10
Added Pin To Net: NetName=NetADIO_3 Pin=U5-L15
Added Pin To Net: NetName=NetADIO_2 Pin=U5-L16
Added Pin To Net: NetName=TRST Pin=U5-M4
Added Pin To Net: NetName=MODE Pin=U5-M10
Added Pin To Net: NetName=ADC_RX_MCLK Pin=U5-M11
Added Pin To Net: NetName=GND Pin=U5-M13
Added Pin To Net: NetName=DVDD Pin=U5-N7
Added Pin To Net: NetName=DVDD Pin=U5-N13
Added Pin To Net: NetName=GND Pin=U5-P7
Added Pin To Net: NetName=GND Pin=U5-P13
Added Pin To Net: NetName=USB0_PPWR_FAULT Pin=U5-R5
Added Pin To Net: NetName=NetR45_2 Pin=U5-R8
Added Pin To Net: NetName=NetR41_2 Pin=U5-R9
Added Pin To Net: NetName=NetR42_2 Pin=U5-T4
Added Pin To Net: NetName=USB0_PPWR Pin=U5-T5
Added Pin To Net: NetName=NetR44_2 Pin=U5-T7
Added Pin To Net: NetName=NetR40_2 Pin=U5-T9
Change Net Name : Old Net Name=ADC_REF New Net Name=VDDA
Change Net Name : Old Net Name=DIGI_0 New Net Name=NetU5_A9
Change Net Name : Old Net Name=DIGI_1 New Net Name=NetU5_A4
Change Net Name : Old Net Name=DIGI_2 New Net Name=NetU5_B3
Change Net Name : Old Net Name=DIGI_4 New Net Name=NetU5_A5
Change Net Name : Old Net Name=DIGI_7 New Net Name=NetU5_B5
Change Net Name : Old Net Name=DIGI_8 New Net Name=NetU5_C6
Change Net Name : Old Net Name=NetADIO_1 New Net Name=NetU5_C5
Change Net Name : Old Net Name=NetADIO_2 New Net Name=NetU5_L16
Change Net Name : Old Net Name=NetADIO_3 New Net Name=NetU5_L15
Change Class Name : Old Net Name=Mako DSP Arduio IO R1.2 New Net Name=Mako DSP Pro Arduio IO R1.0
Change Class Name : Old Net Name=Mako DSP Audio Codec R1.2 New Net Name=Mako DSP Pro Audio Codec R1.0
Change Class Name : Old Net Name=Mako DSP Main R1.2 New Net Name=Mako DSP Pro Main R1.0
Change Class Name : Old Net Name=Mako DSP Power R1.2 New Net Name=Mako DSP Pro Power R1.0
Change Class Name : Old Net Name=Mako DSP USBR1.2 New Net Name=Mako DSP Pro USB R1.0
Added Member To Class: ClassName=Mako DSP Pro Main R1.0 Member=Component C50 Cap Semi
Added Member To Class: ClassName=Mako DSP Pro Main R1.0 Member=Component C65 Cap Semi
Added Member To Class: ClassName=Mako DSP Pro Main R1.0 Member=Component C66 Cap Semi
Added Member To Class: ClassName=Mako DSP Pro Main R1.0 Member=Component C67 Cap Semi
Added Member To Class: ClassName=Mako DSP Pro Main R1.0 Member=Component C69 Cap Semi
Added Member To Class: ClassName=Mako DSP Pro Main R1.0 Member=Component C70 Cap Semi
Added Member To Class: ClassName=Mako DSP Pro Main R1.0 Member=Component C75 Cap Semi
Added Member To Class: ClassName=Mako DSP Pro Main R1.0 Member=Component C76 Cap Semi
Added Member To Class: ClassName=Mako DSP Pro Main R1.0 Member=Component C77 Cap Semi
Added Member To Class: ClassName=Mako DSP Pro Main R1.0 Member=Component U5 LPC4330FET256
